S,P,D,F,r_core_flag,rcore,Sscore,Pscore,Dscore,Fscore,Score
0.30,0.40,1.50,2.50,0.00,0.00,0.00098,0.00458,0.00000,0.00000,0.001389182
0.30,0.42,1.50,2.50,0.00,0.00,0.00091,0.00433,0.00000,0.00000,0.001309597
0.30,0.40,1.58,2.50,0.00,0.00,0.00098,0.00457,0.00000,0.00000,0.001388927
0.28,0.41,1.55,2.50,0.00,0.00,0.00095,0.00445,0.00000,0.00000,0.001349107
0.29,0.42,1.58,2.50,0.00,0.00,0.00091,0.00433,0.00000,0.00000,0.001309342
0.29,0.43,1.62,2.50,0.00,0.00,0.00088,0.00420,0.00000,0.00000,0.001269912
0.28,0.44,1.54,2.50,0.00,0.00,0.00085,0.00410,0.00000,0.00000,0.001238382
0.27,0.47,1.53,2.50,0.00,0.00,0.00081,0.00388,0.00000,0.00000,0.001171507
0.28,0.47,1.55,2.50,0.00,0.00,0.00081,0.00388,0.00000,0.00000,0.001171447
0.29,0.49,1.55,2.50,0.00,0.00,0.00079,0.00378,0.00000,0.00000,0.001142525
0.26,0.51,1.63,2.50,0.00,0.00,0.00077,0.00368,0.00000,0.00000,0.001114738
0.24,0.55,1.70,2.50,0.00,0.00,0.00074,0.00358,0.00000,0.00000,0.001080962
0.24,0.58,1.56,2.50,0.00,0.00,0.00072,0.00354,0.00000,0.00000,0.001065757
0.22,0.65,1.53,2.50,0.00,0.00,0.00077,0.00354,0.00000,0.00000,0.001078955
0.24,0.61,1.68,2.50,0.00,0.00,0.00073,0.00353,0.00000,0.00000,0.001067020
0.20,0.67,1.74,2.50,0.00,0.00,0.00080,0.00356,0.00000,0.00000,0.001089982
0.22,0.63,1.69,2.50,0.00,0.00,0.00075,0.00353,0.00000,0.00000,0.001070320
0.23,0.66,1.59,2.50,0.00,0.00,0.00079,0.00355,0.00000,0.00000,0.001084497
0.24,0.58,1.67,2.50,0.00,0.00,0.00072,0.00354,0.00000,0.00000,0.001065310
0.26,0.55,1.58,2.50,0.00,0.00,0.00074,0.00359,0.00000,0.00000,0.001081590
0.23,0.61,1.67,2.50,0.00,0.00,0.00073,0.00353,0.00000,0.00000,0.001067142
0.25,0.57,1.61,2.50,0.00,0.00,0.00073,0.00355,0.00000,0.00000,0.001068972
0.24,0.60,1.65,2.50,0.00,0.00,0.00072,0.00354,0.00000,0.00000,0.001065232
0.24,0.55,1.57,2.50,0.00,0.00,0.00074,0.00359,0.00000,0.00000,0.001081662
0.24,0.60,1.65,2.50,0.00,0.00,0.00072,0.00354,0.00000,0.00000,0.001065232
0.23,0.61,1.76,2.50,0.00,0.00,0.00074,0.00353,0.00000,0.00000,0.001066590
0.24,0.58,1.61,2.50,0.00,0.00,0.00072,0.00354,0.00000,0.00000,0.001065602
0.24,0.60,1.71,2.50,0.00,0.00,0.00072,0.00354,0.00000,0.00000,0.001064872
0.23,0.61,1.76,2.50,0.00,0.00,0.00074,0.00353,0.00000,0.00000,0.001066590
0.24,0.62,1.67,2.50,0.00,0.00,0.00074,0.00353,0.00000,0.00000,0.001068617
0.24,0.59,1.67,2.50,0.00,0.00,0.00072,0.00354,0.00000,0.00000,0.001064515
0.23,0.59,1.70,2.50,0.00,0.00,0.00072,0.00354,0.00000,0.00000,0.001064262
0.23,0.59,1.73,2.50,0.00,0.00,0.00072,0.00354,0.00000,0.00000,0.001064120
0.23,0.59,1.75,2.50,0.00,0.00,0.00072,0.00354,0.00000,0.00000,0.001063962
0.23,0.58,1.80,2.50,0.00,0.00,0.00072,0.00353,0.00000,0.00000,0.001064395
0.23,0.58,1.72,2.50,0.00,0.00,0.00072,0.00354,0.00000,0.00000,0.001064912
0.23,0.60,1.71,2.50,0.00,0.00,0.00072,0.00354,0.00000,0.00000,0.001064872
0.23,0.59,1.74,2.50,0.00,0.00,0.00072,0.00354,0.00000,0.00000,0.001064120
0.23,0.59,1.71,2.50,0.00,0.00,0.00072,0.00354,0.00000,0.00000,0.001064262
0.23,0.59,1.73,2.50,0.00,0.00,0.00072,0.00354,0.00000,0.00000,0.001064120
0.23,0.59,1.77,2.50,0.00,0.00,0.00072,0.00353,0.00000,0.00000,0.001063790
0.22,0.59,1.80,2.50,0.00,0.00,0.00072,0.00353,0.00000,0.00000,0.001063600
0.22,0.59,1.80,2.50,0.00,0.00,0.00072,0.00353,0.00000,0.00000,0.001063600
0.22,0.59,1.83,2.50,0.00,0.00,0.00072,0.00353,0.00000,0.00000,0.001063165
0.22,0.59,1.87,2.50,0.00,0.00,0.00072,0.00353,0.00000,0.00000,0.001062930
0.21,0.59,1.89,2.50,0.00,0.00,0.00073,0.00353,0.00000,0.00000,0.001062680
0.21,0.59,1.96,2.50,0.00,0.00,0.00073,0.00352,0.00000,0.00000,0.001061785
0.21,0.60,1.95,2.50,0.00,0.00,0.00073,0.00352,0.00000,0.00000,0.001062395
0.20,0.60,2.05,2.50,0.00,0.00,0.00074,0.00350,0.00000,0.00000,0.001060850
0.19,0.60,2.18,2.50,0.00,0.00,0.00075,0.00348,0.00000,0.00000,0.001058215
0.18,0.60,2.19,2.50,0.00,0.00,0.00075,0.00348,0.00000,0.00000,0.001058215
0.17,0.60,2.27,2.50,0.00,0.00,0.00076,0.00346,0.00000,0.00000,0.001056077
0.16,0.60,2.43,2.50,0.00,0.00,0.00078,0.00342,0.00000,0.00000,0.001051290
0.14,0.60,2.58,2.50,0.00,0.00,0.00081,0.00336,0.00001,0.00000,0.001044542
0.11,0.61,2.89,2.50,0.00,0.00,0.00091,0.00319,0.00001,0.00000,0.001027522
0.12,0.60,2.81,2.50,0.00,0.00,0.00087,0.00324,0.00001,0.00000,0.001030660
0.07,0.60,3.23,2.50,0.00,0.00,0.00104,0.00291,0.00003,0.00000,0.000993717
0.02,0.61,3.50,2.50,0.00,0.00,0.00120,0.00262,0.00004,0.00000,0.000964462
0.01,0.61,3.50,2.50,0.00,0.00,0.00120,0.00262,0.00004,0.00000,0.000964462
0.00,0.62,3.50,2.50,0.00,0.00,0.00120,0.00262,0.00004,0.00000,0.000965937
0.00,0.62,3.50,2.50,0.00,0.00,0.00120,0.00262,0.00004,0.00000,0.000965937
0.00,0.61,3.50,2.50,0.00,0.00,0.00120,0.00262,0.00004,0.00000,0.000964462
0.02,0.60,3.50,2.50,0.00,0.00,0.00118,0.00263,0.00004,0.00000,0.000962442
0.03,0.59,3.50,2.50,0.00,0.00,0.00118,0.00263,0.00004,0.00000,0.000961835
0.04,0.59,3.50,2.50,0.00,0.00,0.00118,0.00263,0.00004,0.00000,0.000961835
0.04,0.58,3.50,2.50,0.00,0.00,0.00118,0.00263,0.00004,0.00000,0.000962627
0.05,0.57,3.50,2.50,0.00,0.00,0.00119,0.00264,0.00004,0.00000,0.000965993
0.03,0.60,3.50,2.50,0.00,0.00,0.00118,0.00263,0.00004,0.00000,0.000962442
0.02,0.60,3.50,2.50,0.00,0.00,0.00118,0.00263,0.00004,0.00000,0.000962442
0.02,0.60,3.50,2.50,0.00,0.00,0.00118,0.00263,0.00004,0.00000,0.000962442
0.04,0.59,3.50,2.50,0.00,0.00,0.00118,0.00263,0.00004,0.00000,0.000961835
0.04,0.58,3.50,2.50,0.00,0.00,0.00118,0.00263,0.00004,0.00000,0.000962627
0.03,0.59,3.50,2.50,0.00,0.00,0.00118,0.00263,0.00004,0.00000,0.000961835
0.04,0.59,3.50,2.50,0.00,0.00,0.00118,0.00263,0.00004,0.00000,0.000961835
0.03,0.59,3.50,2.50,0.00,0.00,0.00118,0.00263,0.00004,0.00000,0.000961835
0.03,0.59,3.50,2.50,0.00,0.00,0.00118,0.00263,0.00004,0.00000,0.000961835
0.03,0.59,3.50,2.50,0.00,0.00,0.00118,0.00263,0.00004,0.00000,0.000961835
0.03,0.59,3.50,2.50,0.00,0.00,0.00118,0.00263,0.00004,0.00000,0.000961835
0.03,0.59,3.50,2.50,0.00,0.00,0.00118,0.00263,0.00004,0.00000,0.000961835
0.03,0.59,3.50,2.50,0.00,0.00,0.00118,0.00263,0.00004,0.00000,0.000961835
0.03,0.59,3.50,2.50,0.00,0.00,0.00118,0.00263,0.00004,0.00000,0.000961835
0.03,0.59,3.50,2.50,0.00,0.00,0.00118,0.00263,0.00004,0.00000,0.000961835
0.03,0.59,3.50,2.50,0.00,0.00,0.00118,0.00263,0.00004,0.00000,0.000961835
0.03,0.59,3.50,2.50,0.00,0.00,0.00118,0.00263,0.00004,0.00000,0.000961835
0.03,0.59,3.50,2.50,0.00,0.00,0.00118,0.00263,0.00004,0.00000,0.000961835
0.03,0.59,3.50,2.50,0.00,0.00,0.00118,0.00263,0.00004,0.00000,0.000961835
0.03,0.59,3.50,2.50,0.00,0.00,0.00118,0.00263,0.00004,0.00000,0.000961835
0.03,0.59,3.50,2.50,0.00,0.00,0.00118,0.00263,0.00004,0.00000,0.000961835
0.03,0.59,3.50,2.50,0.00,0.00,0.00118,0.00263,0.00004,0.00000,0.000961835
0.03,0.59,3.50,2.50,0.00,0.00,0.00118,0.00263,0.00004,0.00000,0.000961835
0.03,0.59,3.50,2.50,0.00,0.00,0.00118,0.00263,0.00004,0.00000,0.000961835
0.03,0.59,3.50,2.50,0.00,0.00,0.00118,0.00263,0.00004,0.00000,0.000961835
0.03,0.59,3.50,2.50,0.00,0.00,0.00118,0.00263,0.00004,0.00000,0.000961835
0.30,0.40,1.50,2.50,0.00,0.00,0.00098,0.00458,0.00000,0.00000,0.001389182
3.80,0.40,1.50,2.50,0.00,0.00,0.03917,0.05141,0.00002,0.00000,0.022649145
0.30,3.90,1.50,2.50,0.00,0.00,0.24865,0.43560,0.00014,0.00000,0.171096967
0.30,0.40,5.00,2.50,0.00,0.00,0.00307,0.00508,0.00019,0.00000,0.002085602
0.00,0.00,0.00,2.50,0.00,0.00,0.06096,0.11918,0.00220,0.00000,0.045586980
0.19,0.00,2.27,2.50,0.00,0.00,0.00158,0.00404,0.00000,0.00000,0.001405377
0.70,0.23,1.47,2.50,0.00,0.00,0.00157,0.00768,0.00000,0.00000,0.002314120
0.59,1.12,1.91,2.50,0.00,0.00,0.01975,0.01494,0.00000,0.00000,0.008674037
0.04,0.10,1.31,2.50,0.00,0.00,0.00338,0.01017,0.00000,0.00000,0.003385877
0.30,0.59,1.60,2.50,0.00,0.00,0.00072,0.00354,0.00000,0.00000,0.001064807
0.14,0.73,1.65,2.50,0.00,0.00,0.00093,0.00367,0.00000,0.00000,0.001150230
0.27,0.50,1.79,2.50,0.00,0.00,0.00078,0.00370,0.00000,0.00000,0.001121760
0.25,0.60,1.59,2.50,0.00,0.00,0.00072,0.00354,0.00000,0.00000,0.001065497
0.31,0.60,1.57,2.50,0.00,0.00,0.00072,0.00354,0.00000,0.00000,0.001065575
0.30,0.54,1.58,2.50,0.00,0.00,0.00074,0.00360,0.00000,0.00000,0.001086573
0.30,0.62,1.61,2.50,0.00,0.00,0.00074,0.00354,0.00000,0.00000,0.001068912
0.30,0.58,1.60,2.50,0.00,0.00,0.00072,0.00354,0.00000,0.00000,0.001065602
0.31,0.59,1.60,2.50,0.00,0.00,0.00072,0.00354,0.00000,0.00000,0.001064807
0.30,0.60,1.61,2.50,0.00,0.00,0.00072,0.00354,0.00000,0.00000,0.001065417
0.30,0.60,1.59,2.50,0.00,0.00,0.00072,0.00354,0.00000,0.00000,0.001065497
0.30,0.60,1.60,2.50,0.00,0.00,0.00072,0.00354,0.00000,0.00000,0.001065417
0.30,0.59,1.60,2.50,0.00,0.00,0.00072,0.00354,0.00000,0.00000,0.001064807
0.30,0.59,1.60,2.50,0.00,0.00,0.00072,0.00354,0.00000,0.00000,0.001064807
0.30,0.59,1.60,2.50,0.00,0.00,0.00072,0.00354,0.00000,0.00000,0.001064807
0.30,0.59,1.60,2.50,0.00,0.00,0.00072,0.00354,0.00000,0.00000,0.001064807
0.30,0.70,1.50,2.50,0.00,0.00,0.00086,0.00362,0.00000,0.00000,0.001121110
0.30,0.73,1.50,2.50,0.00,0.00,0.00093,0.00367,0.00000,0.00000,0.001150752
0.30,0.70,1.58,2.50,0.00,0.00,0.00087,0.00362,0.00000,0.00000,0.001120860
0.28,0.72,1.55,2.50,0.00,0.00,0.00090,0.00365,0.00000,0.00000,0.001139252
0.29,0.68,1.58,2.50,0.00,0.00,0.00081,0.00357,0.00000,0.00000,0.001097495
0.29,0.65,1.62,2.50,0.00,0.00,0.00078,0.00354,0.00000,0.00000,0.001078585
0.30,0.65,1.58,2.50,0.00,0.00,0.00078,0.00354,0.00000,0.00000,0.001078752
0.29,0.63,1.69,2.50,0.00,0.00,0.00075,0.00353,0.00000,0.00000,0.001070320
0.29,0.60,1.78,2.50,0.00,0.00,0.00073,0.00353,0.00000,0.00000,0.001064400
0.29,0.57,1.75,2.50,0.00,0.00,0.00073,0.00354,0.00000,0.00000,0.001068122
0.27,0.57,1.86,2.50,0.00,0.00,0.00073,0.00354,0.00000,0.00000,0.001067093
0.28,0.50,1.97,2.50,0.00,0.00,0.00079,0.00369,0.00000,0.00000,0.001119935
0.28,0.62,1.71,2.50,0.00,0.00,0.00074,0.00353,0.00000,0.00000,0.001068367
0.28,0.54,1.88,2.50,0.00,0.00,0.00075,0.00359,0.00000,0.00000,0.001084357
0.28,0.60,1.75,2.50,0.00,0.00,0.00072,0.00353,0.00000,0.00000,0.001064575
0.27,0.61,1.84,2.50,0.00,0.00,0.00074,0.00352,0.00000,0.00000,0.001065790
0.30,0.64,1.73,2.50,0.00,0.00,0.00077,0.00353,0.00000,0.00000,0.001074905
0.28,0.58,1.83,2.50,0.00,0.00,0.00072,0.00353,0.00000,0.00000,0.001063962
0.29,0.58,1.73,2.50,0.00,0.00,0.00072,0.00354,0.00000,0.00000,0.001064912
0.29,0.58,1.76,2.50,0.00,0.00,0.00072,0.00354,0.00000,0.00000,0.001064757
0.28,0.60,1.82,2.50,0.00,0.00,0.00073,0.00353,0.00000,0.00000,0.001064005
0.28,0.59,1.86,2.50,0.00,0.00,0.00072,0.00353,0.00000,0.00000,0.001062930
0.28,0.59,1.92,2.50,0.00,0.00,0.00073,0.00352,0.00000,0.00000,0.001062407
0.27,0.58,1.92,2.50,0.00,0.00,0.00073,0.00353,0.00000,0.00000,0.001063200
0.27,0.57,1.96,2.50,0.00,0.00,0.00074,0.00353,0.00000,0.00000,0.001065940
0.28,0.59,1.85,2.50,0.00,0.00,0.00072,0.00353,0.00000,0.00000,0.001063165
0.27,0.60,1.97,2.50,0.00,0.00,0.00073,0.00352,0.00000,0.00000,0.001062395
0.27,0.60,2.04,2.50,0.00,0.00,0.00074,0.00351,0.00000,0.00000,0.001061260
0.28,0.61,1.95,2.50,0.00,0.00,0.00074,0.00351,0.00000,0.00000,0.001064408
0.27,0.59,1.93,2.50,0.00,0.00,0.00073,0.00352,0.00000,0.00000,0.001062107
0.27,0.60,2.07,2.50,0.00,0.00,0.00074,0.00350,0.00000,0.00000,0.001060850
0.27,0.60,2.18,2.50,0.00,0.00,0.00075,0.00348,0.00000,0.00000,0.001058215
0.26,0.60,2.18,2.50,0.00,0.00,0.00075,0.00348,0.00000,0.00000,0.001058215
0.26,0.61,2.34,2.50,0.00,0.00,0.00078,0.00344,0.00000,0.00000,0.001056380
0.25,0.62,2.54,2.50,0.00,0.00,0.00082,0.00337,0.00001,0.00000,0.001049572
0.25,0.61,2.56,2.50,0.00,0.00,0.00082,0.00337,0.00001,0.00000,0.001048095
0.24,0.62,2.82,2.50,0.00,0.00,0.00089,0.00323,0.00001,0.00000,0.001034157
0.25,0.62,2.85,2.50,0.00,0.00,0.00090,0.00321,0.00001,0.00000,0.001031657
0.24,0.63,3.18,2.50,0.00,0.00,0.00105,0.00294,0.00003,0.00000,0.001003375
0.23,0.65,3.50,2.50,0.00,0.00,0.00124,0.00262,0.00004,0.00000,0.000975697
0.21,0.67,3.50,2.50,0.00,0.00,0.00126,0.00265,0.00004,0.00000,0.000987695
0.22,0.64,3.50,2.50,0.00,0.00,0.00123,0.00262,0.00004,0.00000,0.000972622
0.20,0.65,3.50,2.50,0.00,0.00,0.00124,0.00262,0.00004,0.00000,0.000975697
0.22,0.66,3.50,2.50,0.00,0.00,0.00125,0.00264,0.00004,0.00000,0.000981442
0.20,0.67,3.50,2.50,0.00,0.00,0.00126,0.00265,0.00004,0.00000,0.000987695
0.21,0.66,3.50,2.50,0.00,0.00,0.00125,0.00264,0.00004,0.00000,0.000981442
0.23,0.64,3.50,2.50,0.00,0.00,0.00123,0.00262,0.00004,0.00000,0.000972622
0.23,0.62,3.50,2.50,0.00,0.00,0.00120,0.00262,0.00004,0.00000,0.000965937
0.24,0.60,3.50,2.50,0.00,0.00,0.00118,0.00263,0.00004,0.00000,0.000962442
0.24,0.61,3.50,2.50,0.00,0.00,0.00120,0.00262,0.00004,0.00000,0.000964462
0.23,0.59,3.50,2.50,0.00,0.00,0.00118,0.00263,0.00004,0.00000,0.000961835
0.23,0.57,3.50,2.50,0.00,0.00,0.00119,0.00264,0.00004,0.00000,0.000965993
0.25,0.56,3.50,2.50,0.00,0.00,0.00119,0.00264,0.00004,0.00000,0.000969188
0.24,0.58,3.50,2.50,0.00,0.00,0.00118,0.00263,0.00004,0.00000,0.000962627
0.24,0.58,3.50,2.50,0.00,0.00,0.00118,0.00263,0.00004,0.00000,0.000962627
0.24,0.58,3.50,2.50,0.00,0.00,0.00118,0.00263,0.00004,0.00000,0.000962627
0.24,0.60,3.50,2.50,0.00,0.00,0.00118,0.00263,0.00004,0.00000,0.000962442
0.23,0.62,3.50,2.50,0.00,0.00,0.00120,0.00262,0.00004,0.00000,0.000965937
0.24,0.59,3.50,2.50,0.00,0.00,0.00118,0.00263,0.00004,0.00000,0.000961835
0.24,0.59,3.50,2.50,0.00,0.00,0.00118,0.00263,0.00004,0.00000,0.000961835
0.23,0.58,3.50,2.50,0.00,0.00,0.00118,0.00263,0.00004,0.00000,0.000962627
0.24,0.60,3.50,2.50,0.00,0.00,0.00118,0.00263,0.00004,0.00000,0.000962442
0.24,0.59,3.50,2.50,0.00,0.00,0.00118,0.00263,0.00004,0.00000,0.000961835
0.23,0.59,3.50,2.50,0.00,0.00,0.00118,0.00263,0.00004,0.00000,0.000961835
0.24,0.60,3.50,2.50,0.00,0.00,0.00118,0.00263,0.00004,0.00000,0.000962442
0.23,0.59,3.50,2.50,0.00,0.00,0.00118,0.00263,0.00004,0.00000,0.000961835
0.23,0.59,3.50,2.50,0.00,0.00,0.00118,0.00263,0.00004,0.00000,0.000961835
0.23,0.60,3.50,2.50,0.00,0.00,0.00118,0.00263,0.00004,0.00000,0.000962442
0.23,0.59,3.50,2.50,0.00,0.00,0.00118,0.00263,0.00004,0.00000,0.000961835
0.23,0.59,3.50,2.50,0.00,0.00,0.00118,0.00263,0.00004,0.00000,0.000961835
0.23,0.59,3.50,2.50,0.00,0.00,0.00118,0.00263,0.00004,0.00000,0.000961835
0.23,0.59,3.50,2.50,0.00,0.00,0.00118,0.00263,0.00004,0.00000,0.000961835
0.23,0.59,3.50,2.50,0.00,0.00,0.00118,0.00263,0.00004,0.00000,0.000961835
0.23,0.59,3.50,2.50,0.00,0.00,0.00118,0.00263,0.00004,0.00000,0.000961835
0.23,0.59,3.50,2.50,0.00,0.00,0.00118,0.00263,0.00004,0.00000,0.000961835
0.23,0.59,3.50,2.50,0.00,0.00,0.00118,0.00263,0.00004,0.00000,0.000961835
0.23,0.59,3.50,2.50,0.00,0.00,0.00118,0.00263,0.00004,0.00000,0.000961835
0.23,0.59,3.50,2.50,0.00,0.00,0.00118,0.00263,0.00004,0.00000,0.000961835
0.23,0.59,3.50,2.50,0.00,0.00,0.00118,0.00263,0.00004,0.00000,0.000961835
0.23,0.59,3.50,2.50,0.00,0.00,0.00118,0.00263,0.00004,0.00000,0.000961835
0.23,0.59,3.50,2.50,0.00,0.00,0.00118,0.00263,0.00004,0.00000,0.000961835
0.23,0.59,3.50,2.50,0.00,0.00,0.00118,0.00263,0.00004,0.00000,0.000961835
0.30,0.70,1.50,2.50,0.00,0.00,0.00086,0.00362,0.00000,0.00000,0.001121110
3.80,0.70,1.50,2.50,0.00,0.00,0.04105,0.04958,0.00002,0.00000,0.022662010
0.30,4.20,1.50,2.50,0.00,0.00,0.30964,0.51808,0.00013,0.00000,0.206962970
0.30,0.70,5.00,2.50,0.00,0.00,0.00295,0.00477,0.00019,0.00000,0.001979622
-0.00,0.00,0.00,2.50,0.00,0.00,0.06096,0.11918,0.00220,0.00000,0.045586980
0.22,1.57,1.50,2.50,0.00,0.00,0.00358,0.01329,0.00001,0.00000,0.004221235
0.72,0.74,1.40,2.50,0.00,0.00,0.00164,0.00442,0.00000,0.00000,0.001516255
0.49,0.62,2.35,2.50,0.00,0.00,0.03007,0.02271,0.00000,0.00000,0.013194367
0.18,0.58,1.09,2.50,0.00,0.00,0.00071,0.00355,0.00000,0.00000,0.001066397
0.16,0.37,1.15,2.50,0.00,0.00,0.00109,0.00495,0.00000,0.00000,0.001511330
0.08,0.60,1.12,2.50,0.00,0.00,0.00072,0.00355,0.00000,0.00000,0.001066212
0.10,0.80,1.04,2.50,0.00,0.00,0.00119,0.00383,0.00000,0.00000,0.001254795
0.07,0.49,1.14,2.50,0.00,0.00,0.00079,0.00378,0.00000,0.00000,0.001143090
0.07,0.59,1.07,2.50,0.00,0.00,0.00071,0.00355,0.00000,0.00000,0.001065605
0.08,0.70,1.05,2.50,0.00,0.00,0.00086,0.00362,0.00000,0.00000,0.001121570
0.06,0.54,1.07,2.50,0.00,0.00,0.00074,0.00361,0.00000,0.00000,0.001087282
0.04,0.60,1.07,2.50,0.00,0.00,0.00072,0.00355,0.00000,0.00000,0.001066215
0.08,0.65,1.06,2.50,0.00,0.00,0.00077,0.00354,0.00000,0.00000,0.001079470
0.07,0.62,1.06,2.50,0.00,0.00,0.00074,0.00354,0.00000,0.00000,0.001069707
0.07,0.58,1.07,2.50,0.00,0.00,0.00071,0.00355,0.00000,0.00000,0.001066400
0.06,0.59,1.06,2.50,0.00,0.00,0.00071,0.00355,0.00000,0.00000,0.001065607
0.07,0.60,1.06,2.50,0.00,0.00,0.00072,0.00355,0.00000,0.00000,0.001066217
0.06,0.60,1.07,2.50,0.00,0.00,0.00072,0.00355,0.00000,0.00000,0.001066215
0.07,0.59,1.07,2.50,0.00,0.00,0.00071,0.00355,0.00000,0.00000,0.001065605
0.07,0.59,1.07,2.50,0.00,0.00,0.00071,0.00355,0.00000,0.00000,0.001065605
0.07,0.59,1.07,2.50,0.00,0.00,0.00071,0.00355,0.00000,0.00000,0.001065605
0.07,0.59,1.07,2.50,0.00,0.00,0.00071,0.00355,0.00000,0.00000,0.001065605
0.07,0.59,1.07,2.50,0.00,0.00,0.00071,0.00355,0.00000,0.00000,0.001065605
0.30,1.10,1.50,2.50,0.00,0.00,0.00215,0.00529,0.00000,0.00000,0.001862550
0.30,1.16,1.50,2.50,0.00,0.00,0.00211,0.00572,0.00000,0.00000,0.001959020
0.30,1.10,1.58,2.50,0.00,0.00,0.00216,0.00529,0.00000,0.00000,0.001862300
0.28,1.14,1.55,2.50,0.00,0.00,0.00211,0.00560,0.00000,0.00000,0.001928192
0.29,1.07,1.58,2.50,0.00,0.00,0.00213,0.00510,0.00000,0.00000,0.001808155
0.29,1.03,1.62,2.50,0.00,0.00,0.00206,0.00485,0.00000,0.00000,0.001728952
0.30,1.01,1.58,2.50,0.00,0.00,0.00200,0.00471,0.00000,0.00000,0.001677465
0.29,0.99,1.69,2.50,0.00,0.00,0.00193,0.00457,0.00000,0.00000,0.001625980
0.29,0.94,1.78,2.50,0.00,0.00,0.00176,0.00434,0.00000,0.00000,0.001526790
0.29,0.89,1.75,2.50,0.00,0.00,0.00159,0.00415,0.00000,0.00000,0.001435950
0.28,0.78,1.84,2.50,0.00,0.00,0.00112,0.00376,0.00000,0.00000,0.001219847
0.30,0.80,1.85,2.50,0.00,0.00,0.00120,0.00381,0.00000,0.00000,0.001252358
0.27,0.67,2.06,2.50,0.00,0.00,0.00082,0.00353,0.00000,0.00000,0.001086103
0.26,0.49,2.31,2.50,0.00,0.00,0.00084,0.00369,0.00000,0.00000,0.001132112
0.28,0.56,2.05,2.50,0.00,0.00,0.00075,0.00352,0.00000,0.00000,0.001067593
0.27,0.37,2.19,2.50,0.00,0.00,0.00112,0.00489,0.00000,0.00000,0.001503265
0.26,0.54,2.13,2.50,0.00,0.00,0.00077,0.00355,0.00000,0.00000,0.001080455
0.26,0.39,2.32,2.50,0.00,0.00,0.00106,0.00460,0.00000,0.00000,0.001417995
0.27,0.68,1.96,2.50,0.00,0.00,0.00083,0.00355,0.00000,0.00000,0.001094390
0.26,0.49,2.20,2.50,0.00,0.00,0.00082,0.00372,0.00000,0.00000,0.001135080
0.27,0.64,2.02,2.50,0.00,0.00,0.00078,0.00351,0.00000,0.00000,0.001071830
0.26,0.49,2.07,2.50,0.00,0.00,0.00081,0.00374,0.00000,0.00000,0.001137710
0.27,0.62,2.07,2.50,0.00,0.00,0.00076,0.00350,0.00000,0.00000,0.001064342
0.29,0.67,1.97,2.50,0.00,0.00,0.00081,0.00354,0.00000,0.00000,0.001087647
0.27,0.57,2.09,2.50,0.00,0.00,0.00075,0.00351,0.00000,0.00000,0.001063955
0.27,0.53,2.11,2.50,0.00,0.00,0.00078,0.00359,0.00000,0.00000,0.001091622
0.27,0.61,2.04,2.50,0.00,0.00,0.00075,0.00350,0.00000,0.00000,0.001063280
0.26,0.65,2.08,2.50,0.00,0.00,0.00080,0.00350,0.00000,0.00000,0.001073657
0.27,0.58,2.06,2.50,0.00,0.00,0.00074,0.00351,0.00000,0.00000,0.001061032
0.27,0.55,2.06,2.50,0.00,0.00,0.00076,0.00355,0.00000,0.00000,0.001076930
0.27,0.60,2.06,2.50,0.00,0.00,0.00074,0.00350,0.00000,0.00000,0.001060850
0.28,0.62,2.03,2.50,0.00,0.00,0.00076,0.00350,0.00000,0.00000,0.001064755
0.27,0.59,2.07,2.50,0.00,0.00,0.00074,0.00351,0.00000,0.00000,0.001060240
0.27,0.57,2.08,2.50,0.00,0.00,0.00075,0.00351,0.00000,0.00000,0.001063955
0.27,0.60,2.05,2.50,0.00,0.00,0.00074,0.00350,0.00000,0.00000,0.001060850
0.27,0.61,2.07,2.50,0.00,0.00,0.00075,0.00350,0.00000,0.00000,0.001062865
0.27,0.59,2.06,2.50,0.00,0.00,0.00074,0.00351,0.00000,0.00000,0.001060240
0.27,0.59,2.08,2.50,0.00,0.00,0.00074,0.00350,0.00000,0.00000,0.001059792
0.27,0.58,2.09,2.50,0.00,0.00,0.00074,0.00350,0.00000,0.00000,0.001060585
0.27,0.57,2.07,2.50,0.00,0.00,0.00074,0.00351,0.00000,0.00000,0.001064397
0.27,0.60,2.07,2.50,0.00,0.00,0.00074,0.00350,0.00000,0.00000,0.001060850
0.27,0.59,2.07,2.50,0.00,0.00,0.00074,0.00351,0.00000,0.00000,0.001060240
0.27,0.59,2.07,2.50,0.00,0.00,0.00074,0.00351,0.00000,0.00000,0.001060240
0.27,0.59,2.07,2.50,0.00,0.00,0.00074,0.00351,0.00000,0.00000,0.001060240
0.27,0.58,2.08,2.50,0.00,0.00,0.00074,0.00350,0.00000,0.00000,0.001060585
0.27,0.59,2.07,2.50,0.00,0.00,0.00074,0.00351,0.00000,0.00000,0.001060240
0.27,0.59,2.07,2.50,0.00,0.00,0.00074,0.00351,0.00000,0.00000,0.001060240
0.27,0.59,2.07,2.50,0.00,0.00,0.00074,0.00351,0.00000,0.00000,0.001060240
0.27,0.59,2.07,2.50,0.00,0.00,0.00074,0.00351,0.00000,0.00000,0.001060240
0.27,0.58,2.08,2.50,0.00,0.00,0.00074,0.00350,0.00000,0.00000,0.001060585
0.27,0.59,2.07,2.50,0.00,0.00,0.00074,0.00351,0.00000,0.00000,0.001060240
0.27,0.59,2.08,2.50,0.00,0.00,0.00074,0.00350,0.00000,0.00000,0.001059792
0.27,0.59,2.07,2.50,0.00,0.00,0.00074,0.00351,0.00000,0.00000,0.001060240
0.27,0.59,2.07,2.50,0.00,0.00,0.00074,0.00351,0.00000,0.00000,0.001060240
0.27,0.58,2.08,2.50,0.00,0.00,0.00074,0.00350,0.00000,0.00000,0.001060585
0.27,0.59,2.08,2.50,0.00,0.00,0.00074,0.00350,0.00000,0.00000,0.001059792
0.27,0.59,2.08,2.50,0.00,0.00,0.00074,0.00350,0.00000,0.00000,0.001059792
0.27,0.59,2.08,2.50,0.00,0.00,0.00074,0.00350,0.00000,0.00000,0.001059792
0.27,0.59,2.08,2.50,0.00,0.00,0.00074,0.00350,0.00000,0.00000,0.001059792
0.27,0.59,2.08,2.50,0.00,0.00,0.00074,0.00350,0.00000,0.00000,0.001059792
0.27,0.59,2.08,2.50,0.00,0.00,0.00074,0.00350,0.00000,0.00000,0.001059792
0.27,0.59,2.08,2.50,0.00,0.00,0.00074,0.00350,0.00000,0.00000,0.001059792
0.27,0.59,2.08,2.50,0.00,0.00,0.00074,0.00350,0.00000,0.00000,0.001059792
0.30,1.10,1.50,2.50,0.00,0.00,0.00215,0.00529,0.00000,0.00000,0.001862550
3.80,1.10,1.50,2.50,0.00,0.00,0.04455,0.04787,0.00002,0.00000,0.023110195
0.30,4.60,1.50,2.50,0.00,0.00,0.38923,0.61846,0.00011,0.00000,0.251951183
0.30,1.10,5.00,2.50,0.00,0.00,0.00424,0.00568,0.00019,0.00000,0.002527927
0.00,-0.00,0.17,2.50,0.00,0.00,0.00154,0.00412,0.00000,0.00000,0.001415520
0.83,0.22,-0.00,2.50,0.00,0.00,0.06158,0.12107,0.00220,0.00000,0.046213065
0.04,0.00,0.39,2.50,0.00,0.00,0.00154,0.00412,0.00000,0.00000,0.001415530
0.00,-0.00,0.39,2.50,0.00,0.00,0.00154,0.00412,0.00000,0.00000,0.001415525
0.00,-0.00,0.28,2.50,0.00,0.00,0.00154,0.00412,0.00000,0.00000,0.001415520
0.04,0.10,0.28,2.50,0.00,0.00,0.00338,0.01017,0.00000,0.00000,0.003385922
-0.00,0.11,0.28,2.50,0.00,0.00,0.01693,0.03134,0.00148,0.00000,0.012437058
-0.00,0.05,0.28,2.50,0.00,0.00,0.06093,0.11910,0.00216,0.00000,0.045546197
0.01,-0.00,0.29,2.50,0.00,0.00,0.00154,0.00412,0.00000,0.00000,0.001415520
-0.00,0.01,0.29,2.50,0.00,0.00,0.01509,0.02779,0.00148,0.00000,0.011091175
0.00,0.00,0.28,2.50,0.00,0.00,0.00154,0.00412,0.00000,0.00000,0.001415522
-0.00,0.00,0.28,2.50,0.00,0.00,0.00154,0.00412,0.00000,0.00000,0.001415520
0.00,0.00,0.28,2.50,0.00,0.00,0.00154,0.00412,0.00000,0.00000,0.001415522
0.00,0.00,0.28,2.50,0.00,0.00,0.00154,0.00412,0.00000,0.00000,0.001415522
0.00,0.00,0.28,2.50,0.00,0.00,0.00154,0.00412,0.00000,0.00000,0.001415522
1.10,0.40,1.50,2.50,0.00,0.00,0.00097,0.00509,0.00000,0.00000,0.001514675
1.16,0.40,1.50,2.50,0.00,0.00,0.00096,0.00551,0.00000,0.00000,0.001616632
1.10,0.42,1.50,2.50,0.00,0.00,0.00092,0.00490,0.00000,0.00000,0.001454762
1.10,0.40,1.58,2.50,0.00,0.00,0.00097,0.00509,0.00000,0.00000,0.001514422
1.04,0.41,1.55,2.50,0.00,0.00,0.00094,0.00465,0.00000,0.00000,0.001399195
0.99,0.42,1.58,2.50,0.00,0.00,0.00091,0.00439,0.00000,0.00000,0.001326350
1.03,0.43,1.60,2.50,0.00,0.00,0.00089,0.00445,0.00000,0.00000,0.001336000
0.98,0.44,1.54,2.50,0.00,0.00,0.00086,0.00419,0.00000,0.00000,0.001261442
0.92,0.47,1.53,2.50,0.00,0.00,0.00080,0.00383,0.00000,0.00000,0.001159397
0.86,0.46,1.63,2.50,0.00,0.00,0.00081,0.00388,0.00000,0.00000,0.001172552
0.81,0.47,1.56,2.50,0.00,0.00,0.00078,0.00384,0.00000,0.00000,0.001155360
0.71,0.49,1.53,2.50,0.00,0.00,0.00100,0.00430,0.00000,0.00000,0.001325140
0.73,0.51,1.57,2.50,0.00,0.00,0.00083,0.00403,0.00000,0.00000,0.001215490
0.80,0.49,1.57,2.50,0.00,0.00,0.00076,0.00376,0.00000,0.00000,0.001129532
0.83,0.49,1.47,2.50,0.00,0.00,0.00076,0.00371,0.00000,0.00000,0.001118247
0.82,0.51,1.38,2.50,0.00,0.00,0.00075,0.00363,0.00000,0.00000,0.001094410
0.70,0.51,1.48,2.50,0.00,0.00,0.00122,0.00441,0.00000,0.00000,0.001408065
0.86,0.48,1.51,2.50,0.00,0.00,0.00078,0.00372,0.00000,0.00000,0.001124332
0.84,0.51,1.42,2.50,0.00,0.00,0.00075,0.00361,0.00000,0.00000,0.001089307
0.85,0.53,1.36,2.50,0.00,0.00,0.00073,0.00354,0.00000,0.00000,0.001068825
0.89,0.53,1.27,2.50,0.00,0.00,0.00074,0.00354,0.00000,0.00000,0.001071677
0.84,0.57,1.16,2.50,0.00,0.00,0.00070,0.00346,0.00000,0.00000,0.001040987
0.83,0.62,0.98,2.50,0.00,0.00,0.00072,0.00346,0.00000,0.00000,0.001045205
0.91,0.58,1.13,2.50,0.00,0.00,0.00071,0.00347,0.00000,0.00000,0.001045650
0.84,0.60,1.17,2.50,0.00,0.00,0.00070,0.00345,0.00000,0.00000,0.001038412
0.82,0.63,1.11,2.50,0.00,0.00,0.00073,0.00347,0.00000,0.00000,0.001051775
0.88,0.63,0.95,2.50,0.00,0.00,0.00073,0.00343,0.00000,0.00000,0.001040295
0.80,0.62,1.04,2.50,0.00,0.00,0.00073,0.00353,0.00000,0.00000,0.001063945
0.88,0.59,1.11,2.50,0.00,0.00,0.00070,0.00344,0.00000,0.00000,0.001034877
0.89,0.64,0.99,2.50,0.00,0.00,0.00075,0.00344,0.00000,0.00000,0.001046960
0.86,0.59,1.12,2.50,0.00,0.00,0.00070,0.00344,0.00000,0.00000,0.001034270
0.84,0.55,1.31,2.50,0.00,0.00,0.00072,0.00350,0.00000,0.00000,0.001054717
0.87,0.61,1.04,2.50,0.00,0.00,0.00072,0.00343,0.00000,0.00000,0.001036355
0.89,0.60,1.01,2.50,0.00,0.00,0.00071,0.00344,0.00000,0.00000,0.001037352
0.88,0.60,1.05,2.50,0.00,0.00,0.00071,0.00343,0.00000,0.00000,0.001035397
0.88,0.57,1.15,2.50,0.00,0.00,0.00071,0.00345,0.00000,0.00000,0.001039920
0.87,0.60,1.07,2.50,0.00,0.00,0.00070,0.00343,0.00000,0.00000,0.001034550
0.86,0.59,1.14,2.50,0.00,0.00,0.00070,0.00344,0.00000,0.00000,0.001034267
0.84,0.59,1.19,2.50,0.00,0.00,0.00070,0.00345,0.00000,0.00000,0.001037883
0.84,0.60,1.11,2.50,0.00,0.00,0.00070,0.00345,0.00000,0.00000,0.001038435
0.87,0.59,1.11,2.50,0.00,0.00,0.00070,0.00343,0.00000,0.00000,0.001034037
0.85,0.58,1.18,2.50,0.00,0.00,0.00070,0.00344,0.00000,0.00000,0.001035272
0.87,0.60,1.09,2.50,0.00,0.00,0.00070,0.00343,0.00000,0.00000,0.001034547
0.86,0.58,1.15,2.50,0.00,0.00,0.00070,0.00344,0.00000,0.00000,0.001034390
0.86,0.59,1.14,2.50,0.00,0.00,0.00070,0.00344,0.00000,0.00000,0.001034267
0.87,0.59,1.15,2.50,0.00,0.00,0.00070,0.00343,0.00000,0.00000,0.001034025
0.87,0.59,1.16,2.50,0.00,0.00,0.00070,0.00343,0.00000,0.00000,0.001034022
0.88,0.60,1.14,2.50,0.00,0.00,0.00071,0.00343,0.00000,0.00000,0.001035380
0.86,0.59,1.14,2.50,0.00,0.00,0.00070,0.00344,0.00000,0.00000,0.001034267
0.87,0.59,1.14,2.50,0.00,0.00,0.00070,0.00343,0.00000,0.00000,0.001034025
0.87,0.59,1.15,2.50,0.00,0.00,0.00070,0.00343,0.00000,0.00000,0.001034025
0.87,0.59,1.15,2.50,0.00,0.00,0.00070,0.00343,0.00000,0.00000,0.001034025
0.88,0.59,1.15,2.50,0.00,0.00,0.00070,0.00344,0.00000,0.00000,0.001034870
0.87,0.59,1.15,2.50,0.00,0.00,0.00070,0.00343,0.00000,0.00000,0.001034025
0.87,0.59,1.15,2.50,0.00,0.00,0.00070,0.00343,0.00000,0.00000,0.001034025
0.87,0.59,1.16,2.50,0.00,0.00,0.00070,0.00343,0.00000,0.00000,0.001034022
0.87,0.59,1.16,2.50,0.00,0.00,0.00070,0.00343,0.00000,0.00000,0.001034022
0.87,0.59,1.17,2.50,0.00,0.00,0.00070,0.00343,0.00000,0.00000,0.001034015
0.87,0.59,1.18,2.50,0.00,0.00,0.00070,0.00343,0.00000,0.00000,0.001034015
0.87,0.59,1.17,2.50,0.00,0.00,0.00070,0.00343,0.00000,0.00000,0.001034015
0.87,0.59,1.18,2.50,0.00,0.00,0.00070,0.00343,0.00000,0.00000,0.001034015
0.87,0.59,1.18,2.50,0.00,0.00,0.00070,0.00343,0.00000,0.00000,0.001034015
0.87,0.59,1.18,2.50,0.00,0.00,0.00070,0.00343,0.00000,0.00000,0.001034015
0.87,0.59,1.17,2.50,0.00,0.00,0.00070,0.00343,0.00000,0.00000,0.001034015
0.87,0.59,1.17,2.50,0.00,0.00,0.00070,0.00343,0.00000,0.00000,0.001034015
0.87,0.59,1.17,2.50,0.00,0.00,0.00070,0.00343,0.00000,0.00000,0.001034015
0.87,0.59,1.17,2.50,0.00,0.00,0.00070,0.00343,0.00000,0.00000,0.001034015
0.87,0.59,1.17,2.50,0.00,0.00,0.00070,0.00343,0.00000,0.00000,0.001034015
0.87,0.59,1.17,2.50,0.00,0.00,0.00070,0.00343,0.00000,0.00000,0.001034015
0.87,0.59,1.17,2.50,0.00,0.00,0.00070,0.00343,0.00000,0.00000,0.001034015
0.87,0.59,1.17,2.50,0.00,0.00,0.00070,0.00343,0.00000,0.00000,0.001034015
0.87,0.59,1.17,2.50,0.00,0.00,0.00070,0.00343,0.00000,0.00000,0.001034015
0.87,0.59,1.17,2.50,0.00,0.00,0.00070,0.00343,0.00000,0.00000,0.001034015
0.87,0.59,1.17,2.50,0.00,0.00,0.00070,0.00343,0.00000,0.00000,0.001034015
0.87,0.59,1.17,2.50,0.00,0.00,0.00070,0.00343,0.00000,0.00000,0.001034015
0.87,0.59,1.17,2.50,0.00,0.00,0.00070,0.00343,0.00000,0.00000,0.001034015
0.87,0.59,1.17,2.50,0.00,0.00,0.00070,0.00343,0.00000,0.00000,0.001034015
0.87,0.59,1.17,2.50,0.00,0.00,0.00070,0.00343,0.00000,0.00000,0.001034015
1.10,0.40,1.50,2.50,0.00,0.00,0.00097,0.00509,0.00000,0.00000,0.001514675
4.60,0.40,1.50,2.50,0.00,0.00,0.09573,0.13085,0.00003,0.00000,0.056653260
1.10,3.90,1.50,2.50,0.00,0.00,0.24906,0.43608,0.00014,0.00000,0.171319962
1.10,0.40,5.00,2.50,0.00,0.00,0.00305,0.00467,0.00019,0.00000,0.001980087
-0.00,0.00,0.00,2.50,0.00,0.00,0.06096,0.11918,0.00220,0.00000,0.045586980
1.50,-0.00,0.83,2.50,0.00,0.00,0.00322,0.01359,0.00000,0.00000,0.004203745
1.18,0.79,1.31,2.50,0.00,0.00,0.00160,0.00570,0.00000,0.00000,0.001824027
1.50,0.49,2.27,2.50,0.00,0.00,0.00096,0.01177,0.00000,0.00000,0.003183030
0.67,0.44,1.54,2.50,0.00,0.00,0.00284,0.00556,0.00000,0.00000,0.002100707
1.16,0.26,1.34,2.50,0.00,0.00,0.00166,0.00750,0.00000,0.00000,0.002289870
1.18,0.44,1.70,2.50,0.00,0.00,0.00088,0.00539,0.00000,0.00000,0.001566693
1.00,0.42,1.53,2.50,0.00,0.00,0.00091,0.00442,0.00000,0.00000,0.001333532
0.99,0.53,1.51,2.50,0.00,0.00,0.00076,0.00375,0.00000,0.00000,0.001128227
0.92,0.61,1.51,2.50,0.00,0.00,0.00073,0.00348,0.00000,0.00000,0.001052042
0.95,0.67,1.41,2.50,0.00,0.00,0.00080,0.00357,0.00000,0.00000,0.001091205
0.96,0.63,1.53,2.50,0.00,0.00,0.00075,0.00357,0.00000,0.00000,0.001081257
0.83,0.67,1.53,2.50,0.00,0.00,0.00079,0.00348,0.00000,0.00000,0.001065615
0.89,0.56,1.50,2.50,0.00,0.00,0.00072,0.00347,0.00000,0.00000,0.001046060
0.89,0.56,1.45,2.50,0.00,0.00,0.00072,0.00347,0.00000,0.00000,0.001046192
0.84,0.58,1.51,2.50,0.00,0.00,0.00070,0.00345,0.00000,0.00000,0.001037152
0.79,0.56,1.52,2.50,0.00,0.00,0.00070,0.00357,0.00000,0.00000,0.001068905
0.85,0.60,1.51,2.50,0.00,0.00,0.00071,0.00344,0.00000,0.00000,0.001035622
0.85,0.60,1.52,2.50,0.00,0.00,0.00071,0.00344,0.00000,0.00000,0.001035565
0.83,0.62,1.53,2.50,0.00,0.00,0.00072,0.00345,0.00000,0.00000,0.001044687
0.88,0.60,1.52,2.50,0.00,0.00,0.00071,0.00343,0.00000,0.00000,0.001034877
0.88,0.62,1.52,2.50,0.00,0.00,0.00073,0.00343,0.00000,0.00000,0.001038060
0.88,0.60,1.53,2.50,0.00,0.00,0.00071,0.00343,0.00000,0.00000,0.001034877
0.88,0.59,1.52,2.50,0.00,0.00,0.00070,0.00343,0.00000,0.00000,0.001034365
0.86,0.59,1.52,2.50,0.00,0.00,0.00070,0.00343,0.00000,0.00000,0.001033757
0.85,0.58,1.52,2.50,0.00,0.00,0.00070,0.00344,0.00000,0.00000,0.001034782
0.86,0.59,1.51,2.50,0.00,0.00,0.00070,0.00343,0.00000,0.00000,0.001033815
0.86,0.59,1.52,2.50,0.00,0.00,0.00070,0.00343,0.00000,0.00000,0.001033757
0.86,0.59,1.52,2.50,0.00,0.00,0.00070,0.00343,0.00000,0.00000,0.001033757
0.87,0.59,1.52,2.50,0.00,0.00,0.00070,0.00343,0.00000,0.00000,0.001033522
0.87,0.58,1.52,2.50,0.00,0.00,0.00070,0.00343,0.00000,0.00000,0.001034012
0.86,0.59,1.52,2.50,0.00,0.00,0.00070,0.00343,0.00000,0.00000,0.001033757
0.87,0.58,1.52,2.50,0.00,0.00,0.00070,0.00343,0.00000,0.00000,0.001034012
0.86,0.59,1.52,2.50,0.00,0.00,0.00070,0.00343,0.00000,0.00000,0.001033757
0.87,0.59,1.52,2.50,0.00,0.00,0.00070,0.00343,0.00000,0.00000,0.001033522
0.87,0.58,1.52,2.50,0.00,0.00,0.00070,0.00343,0.00000,0.00000,0.001034012
0.86,0.59,1.52,2.50,0.00,0.00,0.00070,0.00343,0.00000,0.00000,0.001033757
1.10,0.70,1.50,2.50,0.00,0.00,0.00103,0.00460,0.00000,0.00000,0.001406882
1.16,0.70,1.50,2.50,0.00,0.00,0.00114,0.00524,0.00000,0.00000,0.001595507
1.10,0.73,1.50,2.50,0.00,0.00,0.00113,0.00466,0.00000,0.00000,0.001449040
1.10,0.70,1.58,2.50,0.00,0.00,0.00103,0.00460,0.00000,0.00000,0.001406633
1.04,0.72,1.55,2.50,0.00,0.00,0.00098,0.00408,0.00000,0.00000,0.001265105
0.99,0.73,1.58,2.50,0.00,0.00,0.00096,0.00381,0.00000,0.00000,0.001191560
1.03,0.69,1.60,2.50,0.00,0.00,0.00090,0.00402,0.00000,0.00000,0.001230557
0.98,0.72,1.67,2.50,0.00,0.00,0.00093,0.00379,0.00000,0.00000,0.001178480
0.92,0.72,1.75,2.50,0.00,0.00,0.00090,0.00358,0.00000,0.00000,0.001120957
0.86,0.73,1.71,2.50,0.00,0.00,0.00092,0.00354,0.00000,0.00000,0.001115640
0.73,0.75,1.78,2.50,0.00,0.00,0.00148,0.00426,0.00000,0.00000,0.001436190
0.81,0.77,1.76,2.50,0.00,0.00,0.00108,0.00370,0.00000,0.00000,0.001196575
0.87,0.75,1.72,2.50,0.00,0.00,0.00099,0.00358,0.00000,0.00000,0.001140785
0.77,0.73,1.87,2.50,0.00,0.00,0.00103,0.00379,0.00000,0.00000,0.001205787
0.93,0.73,1.65,2.50,0.00,0.00,0.00092,0.00360,0.00000,0.00000,0.001132272
0.94,0.71,1.69,2.50,0.00,0.00,0.00088,0.00360,0.00000,0.00000,0.001119855
0.87,0.71,1.78,2.50,0.00,0.00,0.00087,0.00350,0.00000,0.00000,0.001094065
0.84,0.69,1.85,2.50,0.00,0.00,0.00084,0.00349,0.00000,0.00000,0.001081210
0.84,0.70,1.75,2.50,0.00,0.00,0.00085,0.00351,0.00000,0.00000,0.001090197
0.75,0.71,1.85,2.50,0.00,0.00,0.00107,0.00391,0.00000,0.00000,0.001245992
0.89,0.71,1.73,2.50,0.00,0.00,0.00087,0.00352,0.00000,0.00000,0.001097400
0.86,0.67,1.84,2.50,0.00,0.00,0.00079,0.00343,0.00000,0.00000,0.001055637
0.86,0.64,1.90,2.50,0.00,0.00,0.00076,0.00340,0.00000,0.00000,0.001041132
0.80,0.65,1.94,2.50,0.00,0.00,0.00078,0.00350,0.00000,0.00000,0.001071195
0.83,0.62,2.05,2.50,0.00,0.00,0.00074,0.00342,0.00000,0.00000,0.001039847
0.82,0.58,2.20,2.50,0.00,0.00,0.00073,0.00342,0.00000,0.00000,0.001037662
0.81,0.55,2.18,2.50,0.00,0.00,0.00074,0.00349,0.00000,0.00000,0.001057560
0.86,0.53,2.25,2.50,0.00,0.00,0.00077,0.00346,0.00000,0.00000,0.001058925
0.84,0.56,2.17,2.50,0.00,0.00,0.00074,0.00341,0.00000,0.00000,0.001038027
0.87,0.64,2.00,2.50,0.00,0.00,0.00077,0.00339,0.00000,0.00000,0.001039525
0.83,0.55,2.34,2.50,0.00,0.00,0.00076,0.00342,0.00000,0.00000,0.001045548
0.85,0.62,2.01,2.50,0.00,0.00,0.00074,0.00340,0.00000,0.00000,0.001034722
0.81,0.53,2.25,2.50,0.00,0.00,0.00077,0.00352,0.00000,0.00000,0.001071805
0.85,0.61,2.07,2.50,0.00,0.00,0.00074,0.00339,0.00000,0.00000,0.001032542
0.84,0.64,2.01,2.50,0.00,0.00,0.00076,0.00341,0.00000,0.00000,0.001043550
0.84,0.58,2.13,2.50,0.00,0.00,0.00072,0.00340,0.00000,0.00000,0.001030795
0.88,0.63,1.94,2.50,0.00,0.00,0.00074,0.00340,0.00000,0.00000,0.001036807
0.86,0.61,2.01,2.50,0.00,0.00,0.00073,0.00339,0.00000,0.00000,0.001032042
0.86,0.59,2.12,2.50,0.00,0.00,0.00073,0.00339,0.00000,0.00000,0.001027982
0.86,0.58,2.18,2.50,0.00,0.00,0.00073,0.00337,0.00000,0.00000,0.001026400
0.86,0.57,2.15,2.50,0.00,0.00,0.00073,0.00339,0.00000,0.00000,0.001031797
0.84,0.54,2.29,2.50,0.00,0.00,0.00076,0.00343,0.00000,0.00000,0.001049730
0.86,0.60,2.08,2.50,0.00,0.00,0.00073,0.00339,0.00000,0.00000,0.001028975
0.85,0.60,2.11,2.50,0.00,0.00,0.00073,0.00339,0.00000,0.00000,0.001029790
0.87,0.60,2.11,2.50,0.00,0.00,0.00073,0.00338,0.00000,0.00000,0.001028260
0.87,0.58,2.13,2.50,0.00,0.00,0.00073,0.00338,0.00000,0.00000,0.001027715
0.88,0.58,2.20,2.50,0.00,0.00,0.00073,0.00337,0.00000,0.00000,0.001027665
0.87,0.56,2.23,2.50,0.00,0.00,0.00075,0.00339,0.00000,0.00000,0.001034575
0.87,0.59,2.14,2.50,0.00,0.00,0.00073,0.00338,0.00000,0.00000,0.001027225
0.86,0.58,2.21,2.50,0.00,0.00,0.00073,0.00337,0.00000,0.00000,0.001025740
0.86,0.58,2.26,2.50,0.00,0.00,0.00074,0.00336,0.00000,0.00000,0.001025033
0.85,0.59,2.18,2.50,0.00,0.00,0.00073,0.00338,0.00000,0.00000,0.001027567
0.85,0.58,2.19,2.50,0.00,0.00,0.00073,0.00338,0.00000,0.00000,0.001027300
0.87,0.58,2.20,2.50,0.00,0.00,0.00073,0.00337,0.00000,0.00000,0.001026532
0.85,0.57,2.28,2.50,0.00,0.00,0.00075,0.00337,0.00000,0.00000,0.001029210
0.86,0.58,2.18,2.50,0.00,0.00,0.00073,0.00337,0.00000,0.00000,0.001026400
0.85,0.58,2.21,2.50,0.00,0.00,0.00073,0.00337,0.00000,0.00000,0.001026640
0.86,0.58,2.20,2.50,0.00,0.00,0.00073,0.00337,0.00000,0.00000,0.001026400
0.86,0.58,2.21,2.50,0.00,0.00,0.00073,0.00337,0.00000,0.00000,0.001025740
0.85,0.57,2.25,2.50,0.00,0.00,0.00074,0.00338,0.00000,0.00000,0.001029977
0.86,0.58,2.19,2.50,0.00,0.00,0.00073,0.00337,0.00000,0.00000,0.001026400
0.86,0.58,2.23,2.50,0.00,0.00,0.00073,0.00337,0.00000,0.00000,0.001025740
0.86,0.58,2.22,2.50,0.00,0.00,0.00073,0.00337,0.00000,0.00000,0.001025740
0.86,0.58,2.22,2.50,0.00,0.00,0.00073,0.00337,0.00000,0.00000,0.001025740
0.85,0.57,2.25,2.50,0.00,0.00,0.00074,0.00338,0.00000,0.00000,0.001029977
0.86,0.58,2.22,2.50,0.00,0.00,0.00073,0.00337,0.00000,0.00000,0.001025740
0.86,0.58,2.24,2.50,0.00,0.00,0.00074,0.00336,0.00000,0.00000,0.001025033
0.86,0.58,2.24,2.50,0.00,0.00,0.00074,0.00336,0.00000,0.00000,0.001025033
0.86,0.58,2.24,2.50,0.00,0.00,0.00074,0.00336,0.00000,0.00000,0.001025033
0.85,0.58,2.25,2.50,0.00,0.00,0.00073,0.00337,0.00000,0.00000,0.001025927
0.86,0.58,2.24,2.50,0.00,0.00,0.00074,0.00336,0.00000,0.00000,0.001025033
0.86,0.58,2.25,2.50,0.00,0.00,0.00074,0.00336,0.00000,0.00000,0.001025033
0.86,0.58,2.25,2.50,0.00,0.00,0.00074,0.00336,0.00000,0.00000,0.001025033
0.86,0.58,2.25,2.50,0.00,0.00,0.00074,0.00336,0.00000,0.00000,0.001025033
0.85,0.58,2.25,2.50,0.00,0.00,0.00073,0.00337,0.00000,0.00000,0.001025927
0.86,0.58,2.25,2.50,0.00,0.00,0.00074,0.00336,0.00000,0.00000,0.001025033
0.86,0.58,2.25,2.50,0.00,0.00,0.00074,0.00336,0.00000,0.00000,0.001025033
0.86,0.58,2.25,2.50,0.00,0.00,0.00074,0.00336,0.00000,0.00000,0.001025033
0.86,0.58,2.25,2.50,0.00,0.00,0.00074,0.00336,0.00000,0.00000,0.001025033
0.86,0.58,2.26,2.50,0.00,0.00,0.00074,0.00336,0.00000,0.00000,0.001025033
0.86,0.58,2.25,2.50,0.00,0.00,0.00074,0.00336,0.00000,0.00000,0.001025033
0.86,0.58,2.25,2.50,0.00,0.00,0.00074,0.00336,0.00000,0.00000,0.001025033
0.86,0.58,2.25,2.50,0.00,0.00,0.00074,0.00336,0.00000,0.00000,0.001025033
0.86,0.58,2.25,2.50,0.00,0.00,0.00074,0.00336,0.00000,0.00000,0.001025033
0.86,0.58,2.26,2.50,0.00,0.00,0.00074,0.00336,0.00000,0.00000,0.001025033
0.86,0.58,2.25,2.50,0.00,0.00,0.00074,0.00336,0.00000,0.00000,0.001025033
0.86,0.58,2.25,2.50,0.00,0.00,0.00074,0.00336,0.00000,0.00000,0.001025033
0.86,0.58,2.25,2.50,0.00,0.00,0.00074,0.00336,0.00000,0.00000,0.001025033
0.86,0.58,2.25,2.50,0.00,0.00,0.00074,0.00336,0.00000,0.00000,0.001025033
0.86,0.58,2.26,2.50,0.00,0.00,0.00074,0.00336,0.00000,0.00000,0.001025033
0.86,0.58,2.25,2.50,0.00,0.00,0.00074,0.00336,0.00000,0.00000,0.001025033
0.86,0.58,2.26,2.50,0.00,0.00,0.00074,0.00336,0.00000,0.00000,0.001025033
0.86,0.58,2.25,2.50,0.00,0.00,0.00074,0.00336,0.00000,0.00000,0.001025033
0.86,0.58,2.25,2.50,0.00,0.00,0.00074,0.00336,0.00000,0.00000,0.001025033
1.10,0.70,1.50,2.50,0.00,0.00,0.00103,0.00460,0.00000,0.00000,0.001406882
4.60,0.70,1.50,2.50,0.00,0.00,0.09707,0.12921,0.00003,0.00000,0.056576622
1.10,4.20,1.50,2.50,0.00,0.00,0.31046,0.51829,0.00013,0.00000,0.207221643
1.10,0.70,5.00,2.50,0.00,0.00,0.00311,0.00474,0.00019,0.00000,0.002012312
-0.00,0.00,0.00,2.50,0.00,0.00,0.06096,0.11918,0.00220,0.00000,0.045586980
-0.00,0.00,0.33,2.50,0.00,0.00,0.00154,0.00412,0.00000,0.00000,0.001415525
1.50,0.00,1.16,2.50,0.00,0.00,0.00322,0.01359,0.00000,0.00000,0.004203765
1.27,0.95,1.19,2.50,0.00,0.00,0.00330,0.00813,0.00000,0.00000,0.002857465
1.27,0.95,1.19,2.50,0.00,0.00,0.00330,0.00813,0.00000,0.00000,0.002857465
1.45,0.78,1.75,2.50,0.00,0.00,0.00220,0.01141,0.00000,0.00000,0.003402077
1.20,0.52,1.41,2.50,0.00,0.00,0.00081,0.00559,0.00000,0.00000,0.001601332
0.89,0.62,1.50,2.50,0.00,0.00,0.00073,0.00343,0.00000,0.00000,0.001040107
0.81,0.55,1.69,2.50,0.00,0.00,0.00072,0.00354,0.00000,0.00000,0.001064353
0.70,0.67,1.42,2.50,0.00,0.00,0.00185,0.00465,0.00000,0.00000,0.001625722
0.92,0.52,1.47,2.50,0.00,0.00,0.00075,0.00360,0.00000,0.00000,0.001089508
0.85,0.63,1.48,2.50,0.00,0.00,0.00073,0.00343,0.00000,0.00000,0.001040600
0.88,0.62,1.53,2.50,0.00,0.00,0.00073,0.00343,0.00000,0.00000,0.001038060
0.88,0.66,1.55,2.50,0.00,0.00,0.00077,0.00343,0.00000,0.00000,0.001051922
0.88,0.59,1.52,2.50,0.00,0.00,0.00070,0.00343,0.00000,0.00000,0.001034365
0.88,0.56,1.53,2.50,0.00,0.00,0.00072,0.00346,0.00000,0.00000,0.001043845
0.89,0.59,1.53,2.50,0.00,0.00,0.00070,0.00344,0.00000,0.00000,0.001036327
0.86,0.57,1.52,2.50,0.00,0.00,0.00071,0.00344,0.00000,0.00000,0.001038100
0.89,0.58,1.53,2.50,0.00,0.00,0.00071,0.00344,0.00000,0.00000,0.001037412
0.89,0.59,1.51,2.50,0.00,0.00,0.00070,0.00344,0.00000,0.00000,0.001036385
0.87,0.59,1.52,2.50,0.00,0.00,0.00070,0.00343,0.00000,0.00000,0.001033522
0.87,0.59,1.53,2.50,0.00,0.00,0.00070,0.00343,0.00000,0.00000,0.001033522
0.87,0.59,1.53,2.50,0.00,0.00,0.00070,0.00343,0.00000,0.00000,0.001033522
0.87,0.58,1.52,2.50,0.00,0.00,0.00070,0.00343,0.00000,0.00000,0.001034012
0.88,0.59,1.52,2.50,0.00,0.00,0.00070,0.00343,0.00000,0.00000,0.001034365
0.87,0.59,1.52,2.50,0.00,0.00,0.00070,0.00343,0.00000,0.00000,0.001033522
0.87,0.59,1.52,2.50,0.00,0.00,0.00070,0.00343,0.00000,0.00000,0.001033522
0.87,0.59,1.52,2.50,0.00,0.00,0.00070,0.00343,0.00000,0.00000,0.001033522
1.10,1.10,1.50,2.50,0.00,0.00,0.00305,0.00664,0.00000,0.00000,0.002422737
1.16,1.10,1.50,2.50,0.00,0.00,0.00356,0.00747,0.00000,0.00000,0.002756722
1.10,1.16,1.50,2.50,0.00,0.00,0.00315,0.00714,0.00000,0.00000,0.002574157
1.10,1.10,1.58,2.50,0.00,0.00,0.00305,0.00664,0.00000,0.00000,0.002422492
1.04,1.14,1.55,2.50,0.00,0.00,0.00254,0.00622,0.00000,0.00000,0.002190165
0.99,1.16,1.58,2.50,0.00,0.00,0.00226,0.00593,0.00000,0.00000,0.002046445
1.03,1.08,1.60,2.50,0.00,0.00,0.00249,0.00568,0.00000,0.00000,0.002044185
0.99,1.04,1.65,2.50,0.00,0.00,0.00217,0.00504,0.00000,0.00000,0.001800460
0.95,1.10,1.70,2.50,0.00,0.00,0.00216,0.00529,0.00000,0.00000,0.001861680
0.86,1.10,1.71,2.50,0.00,0.00,0.00205,0.00511,0.00000,0.00000,0.001791640
0.73,1.10,1.78,2.50,0.00,0.00,0.00350,0.00625,0.00000,0.00000,0.002437450
0.88,1.01,1.80,2.50,0.00,0.00,0.00193,0.00454,0.00000,0.00000,0.001617525
0.82,0.93,1.91,2.50,0.00,0.00,0.00172,0.00421,0.00000,0.00000,0.001480312
0.82,0.95,1.81,2.50,0.00,0.00,0.00180,0.00432,0.00000,0.00000,0.001528927
0.67,0.95,1.97,2.50,0.00,0.00,0.00890,0.00842,0.00000,0.00000,0.004329945
0.91,1.02,1.73,2.50,0.00,0.00,0.00198,0.00466,0.00000,0.00000,0.001660112
0.85,0.84,1.92,2.50,0.00,0.00,0.00135,0.00381,0.00000,0.00000,0.001291182
0.84,0.71,2.03,2.50,0.00,0.00,0.00089,0.00350,0.00000,0.00000,0.001095590
0.74,0.71,2.10,2.50,0.00,0.00,0.00118,0.00399,0.00000,0.00000,0.001292045
0.78,0.62,2.22,2.50,0.00,0.00,0.00078,0.00353,0.00000,0.00000,0.001077527
0.76,0.45,2.42,2.50,0.00,0.00,0.00088,0.00402,0.00000,0.00000,0.001226115
0.76,0.42,2.33,2.50,0.00,0.00,0.00092,0.00429,0.00000,0.00000,0.001302813
0.77,0.55,2.22,2.50,0.00,0.00,0.00075,0.00361,0.00000,0.00000,0.001089817
0.85,0.54,2.21,2.50,0.00,0.00,0.00076,0.00344,0.00000,0.00000,0.001049595
0.91,0.45,2.27,2.50,0.00,0.00,0.00088,0.00392,0.00000,0.00000,0.001200177
0.76,0.43,2.40,2.50,0.00,0.00,0.00091,0.00417,0.00000,0.00000,0.001270112
0.82,0.64,2.13,2.50,0.00,0.00,0.00078,0.00342,0.00000,0.00000,0.001049762
0.86,0.65,2.15,2.50,0.00,0.00,0.00079,0.00338,0.00000,0.00000,0.001040490
0.91,0.69,2.11,2.50,0.00,0.00,0.00086,0.00347,0.00000,0.00000,0.001083870
0.91,0.60,2.10,2.50,0.00,0.00,0.00074,0.00342,0.00000,0.00000,0.001038587
0.98,0.59,2.05,2.50,0.00,0.00,0.00075,0.00363,0.00000,0.00000,0.001095465
0.93,0.55,2.18,2.50,0.00,0.00,0.00076,0.00348,0.00000,0.00000,0.001060468
0.85,0.62,2.14,2.50,0.00,0.00,0.00075,0.00338,0.00000,0.00000,0.001032467
0.90,0.70,2.05,2.50,0.00,0.00,0.00087,0.00348,0.00000,0.00000,0.001088252
0.86,0.58,2.17,2.50,0.00,0.00,0.00073,0.00338,0.00000,0.00000,0.001027015
0.89,0.55,2.13,2.50,0.00,0.00,0.00075,0.00344,0.00000,0.00000,0.001049145
0.87,0.62,2.14,2.50,0.00,0.00,0.00075,0.00337,0.00000,0.00000,0.001030915
0.81,0.61,2.20,2.50,0.00,0.00,0.00075,0.00343,0.00000,0.00000,0.001046647
0.89,0.60,2.13,2.50,0.00,0.00,0.00073,0.00339,0.00000,0.00000,0.001030540
0.90,0.59,2.15,2.50,0.00,0.00,0.00073,0.00340,0.00000,0.00000,0.001033152
0.86,0.61,2.14,2.50,0.00,0.00,0.00074,0.00338,0.00000,0.00000,0.001029785
0.87,0.57,2.15,2.50,0.00,0.00,0.00073,0.00339,0.00000,0.00000,0.001031985
0.87,0.61,2.15,2.50,0.00,0.00,0.00074,0.00337,0.00000,0.00000,0.001029540
0.84,0.60,2.18,2.50,0.00,0.00,0.00074,0.00338,0.00000,0.00000,0.001030442
0.85,0.60,2.17,2.50,0.00,0.00,0.00073,0.00338,0.00000,0.00000,0.001028700
0.86,0.58,2.18,2.50,0.00,0.00,0.00073,0.00337,0.00000,0.00000,0.001026400
0.87,0.57,2.20,2.50,0.00,0.00,0.00074,0.00338,0.00000,0.00000,0.001030805
0.85,0.56,2.20,2.50,0.00,0.00,0.00074,0.00340,0.00000,0.00000,0.001035772
0.87,0.60,2.16,2.50,0.00,0.00,0.00074,0.00337,0.00000,0.00000,0.001027165
0.87,0.58,2.17,2.50,0.00,0.00,0.00073,0.00338,0.00000,0.00000,0.001027148
0.87,0.56,2.19,2.50,0.00,0.00,0.00074,0.00340,0.00000,0.00000,0.001035235
0.87,0.59,2.17,2.50,0.00,0.00,0.00073,0.00337,0.00000,0.00000,0.001026657
0.86,0.59,2.17,2.50,0.00,0.00,0.00073,0.00338,0.00000,0.00000,0.001026895
0.86,0.60,2.17,2.50,0.00,0.00,0.00073,0.00337,0.00000,0.00000,0.001027397
0.86,0.58,2.17,2.50,0.00,0.00,0.00073,0.00338,0.00000,0.00000,0.001027015
0.87,0.59,2.17,2.50,0.00,0.00,0.00073,0.00337,0.00000,0.00000,0.001026657
0.86,0.59,2.17,2.50,0.00,0.00,0.00073,0.00338,0.00000,0.00000,0.001026895
0.86,0.58,2.17,2.50,0.00,0.00,0.00073,0.00338,0.00000,0.00000,0.001027015
0.86,0.59,2.18,2.50,0.00,0.00,0.00073,0.00337,0.00000,0.00000,0.001026280
0.86,0.59,2.18,2.50,0.00,0.00,0.00073,0.00337,0.00000,0.00000,0.001026280
0.87,0.59,2.18,2.50,0.00,0.00,0.00073,0.00337,0.00000,0.00000,0.001026045
0.87,0.58,2.18,2.50,0.00,0.00,0.00073,0.00337,0.00000,0.00000,0.001026532
0.86,0.59,2.18,2.50,0.00,0.00,0.00073,0.00337,0.00000,0.00000,0.001026280
0.87,0.59,2.18,2.50,0.00,0.00,0.00073,0.00337,0.00000,0.00000,0.001026045
0.87,0.59,2.17,2.50,0.00,0.00,0.00073,0.00337,0.00000,0.00000,0.001026657
0.86,0.59,2.18,2.50,0.00,0.00,0.00073,0.00337,0.00000,0.00000,0.001026280
0.87,0.59,2.18,2.50,0.00,0.00,0.00073,0.00337,0.00000,0.00000,0.001026045
0.87,0.59,2.18,2.50,0.00,0.00,0.00073,0.00337,0.00000,0.00000,0.001026045
0.87,0.59,2.18,2.50,0.00,0.00,0.00073,0.00337,0.00000,0.00000,0.001026045
0.87,0.59,2.17,2.50,0.00,0.00,0.00073,0.00337,0.00000,0.00000,0.001026657
0.87,0.59,2.18,2.50,0.00,0.00,0.00073,0.00337,0.00000,0.00000,0.001026045
0.87,0.59,2.18,2.50,0.00,0.00,0.00073,0.00337,0.00000,0.00000,0.001026045
0.87,0.59,2.18,2.50,0.00,0.00,0.00073,0.00337,0.00000,0.00000,0.001026045
0.87,0.59,2.18,2.50,0.00,0.00,0.00073,0.00337,0.00000,0.00000,0.001026045
0.87,0.59,2.17,2.50,0.00,0.00,0.00073,0.00337,0.00000,0.00000,0.001026657
0.87,0.59,2.18,2.50,0.00,0.00,0.00073,0.00337,0.00000,0.00000,0.001026045
0.87,0.59,2.18,2.50,0.00,0.00,0.00073,0.00337,0.00000,0.00000,0.001026045
0.87,0.59,2.18,2.50,0.00,0.00,0.00073,0.00337,0.00000,0.00000,0.001026045
0.87,0.59,2.18,2.50,0.00,0.00,0.00073,0.00337,0.00000,0.00000,0.001026045
1.10,1.10,1.50,2.50,0.00,0.00,0.00305,0.00664,0.00000,0.00000,0.002422737
4.60,1.10,1.50,2.50,0.00,0.00,0.10023,0.12793,0.00003,0.00000,0.057047420
1.10,4.60,1.50,2.50,0.00,0.00,0.39048,0.61841,0.00011,0.00000,0.252250785
1.10,1.10,5.00,2.50,0.00,0.00,0.00513,0.00575,0.00019,0.00000,0.002769940
1.50,0.32,1.50,2.50,0.00,0.00,0.00202,0.01191,0.00000,0.00000,0.003482742
1.28,1.20,1.12,2.50,0.00,0.00,0.00530,0.01098,0.00000,0.00000,0.004071382
1.50,1.60,2.10,2.50,0.00,0.00,0.00600,0.02653,0.00001,0.00000,0.008134752
0.69,0.95,1.46,2.50,0.00,0.00,0.00513,0.00658,0.00000,0.00000,0.002927117
1.11,1.16,1.71,2.50,0.00,0.00,0.00330,0.00734,0.00000,0.00000,0.002659665
1.18,0.90,1.54,2.50,0.00,0.00,0.00241,0.00625,0.00000,0.00000,0.002165372
1.27,0.86,1.49,2.50,0.00,0.00,0.00252,0.00755,0.00000,0.00000,0.002517485
1.15,0.88,1.51,2.50,0.00,0.00,0.00210,0.00573,0.00000,0.00000,0.001956512
1.06,0.82,1.52,2.50,0.00,0.00,0.00144,0.00455,0.00000,0.00000,0.001496737
0.95,0.81,1.50,2.50,0.00,0.00,0.00123,0.00385,0.00000,0.00000,0.001272307
0.93,0.71,1.49,2.50,0.00,0.00,0.00088,0.00357,0.00000,0.00000,0.001112892
0.88,0.68,1.58,2.50,0.00,0.00,0.00080,0.00346,0.00000,0.00000,0.001064512
0.83,0.69,1.56,2.50,0.00,0.00,0.00083,0.00352,0.00000,0.00000,0.001087035
0.88,0.57,1.59,2.50,0.00,0.00,0.00071,0.00344,0.00000,0.00000,0.001039217
0.91,0.53,1.69,2.50,0.00,0.00,0.00075,0.00356,0.00000,0.00000,0.001077692
0.92,0.56,1.55,2.50,0.00,0.00,0.00072,0.00351,0.00000,0.00000,0.001058502
0.83,0.56,1.58,2.50,0.00,0.00,0.00071,0.00348,0.00000,0.00000,0.001047275
0.87,0.60,1.59,2.50,0.00,0.00,0.00071,0.00343,0.00000,0.00000,0.001033832
0.87,0.61,1.61,2.50,0.00,0.00,0.00072,0.00342,0.00000,0.00000,0.001035557
0.89,0.60,1.59,2.50,0.00,0.00,0.00071,0.00344,0.00000,0.00000,0.001036637
0.85,0.61,1.58,2.50,0.00,0.00,0.00072,0.00343,0.00000,0.00000,0.001037182
0.89,0.60,1.59,2.50,0.00,0.00,0.00071,0.00344,0.00000,0.00000,0.001036637
0.87,0.60,1.60,2.50,0.00,0.00,0.00071,0.00343,0.00000,0.00000,0.001033752
0.87,0.60,1.60,2.50,0.00,0.00,0.00071,0.00343,0.00000,0.00000,0.001033752
0.87,0.60,1.60,2.50,0.00,0.00,0.00071,0.00343,0.00000,0.00000,0.001033752
0.87,0.60,1.60,2.50,0.00,0.00,0.00071,0.00343,0.00000,0.00000,0.001033752
0.87,0.60,1.60,2.50,0.00,0.00,0.00071,0.00343,0.00000,0.00000,0.001033752
0.87,0.60,1.60,2.50,0.00,0.00,0.00071,0.00343,0.00000,0.00000,0.001033752
0.87,0.60,1.60,2.50,0.00,0.00,0.00071,0.00343,0.00000,0.00000,0.001033752
1.50,0.40,1.50,2.50,0.00,0.00,0.00149,0.01177,0.00000,0.00000,0.003316340
1.50,0.40,1.50,2.50,0.00,0.00,0.00149,0.01177,0.00000,0.00000,0.003316340
1.50,0.42,1.50,2.50,0.00,0.00,0.00135,0.01176,0.00000,0.00000,0.003279325
1.50,0.40,1.58,2.50,0.00,0.00,0.00149,0.01177,0.00000,0.00000,0.003316100
1.50,0.41,1.55,2.50,0.00,0.00,0.00142,0.01177,0.00000,0.00000,0.003297688
1.50,0.42,1.58,2.50,0.00,0.00,0.00136,0.01176,0.00000,0.00000,0.003279080
1.50,0.43,1.62,2.50,0.00,0.00,0.00129,0.01175,0.00000,0.00000,0.003260540
1.50,0.44,1.54,2.50,0.00,0.00,0.00122,0.01175,0.00000,0.00000,0.003242585
1.50,0.47,1.53,2.50,0.00,0.00,0.00103,0.01180,0.00000,0.00000,0.003208780
1.50,0.47,1.55,2.50,0.00,0.00,0.00103,0.01180,0.00000,0.00000,0.003208720
1.50,0.49,1.55,2.50,0.00,0.00,0.00092,0.01185,0.00000,0.00000,0.003192852
1.50,0.51,1.63,2.50,0.00,0.00,0.00080,0.01190,0.00000,0.00000,0.003176738
1.50,0.55,1.70,2.50,0.00,0.00,0.00063,0.01202,0.00000,0.00000,0.003161957
1.50,0.58,1.56,2.50,0.00,0.00,0.00070,0.01213,0.00000,0.00000,0.003208802
1.50,0.54,1.58,2.50,0.00,0.00,0.00062,0.01200,0.00000,0.00000,0.003157060
1.50,0.59,1.69,2.50,0.00,0.00,0.00072,0.01215,0.00000,0.00000,0.003219182
1.50,0.50,1.57,2.50,0.00,0.00,0.00084,0.01188,0.00000,0.00000,0.003182247
1.50,0.57,1.68,2.50,0.00,0.00,0.00066,0.01208,0.00000,0.00000,0.003187062
1.50,0.55,1.65,2.50,0.00,0.00,0.00063,0.01202,0.00000,0.00000,0.003162305
1.50,0.60,1.71,2.50,0.00,0.00,0.00076,0.01217,0.00000,0.00000,0.003232585
1.50,0.52,1.60,2.50,0.00,0.00,0.00072,0.01194,0.00000,0.00000,0.003166230
1.50,0.57,1.68,2.50,0.00,0.00,0.00066,0.01208,0.00000,0.00000,0.003187062
1.50,0.54,1.62,2.50,0.00,0.00,0.00062,0.01200,0.00000,0.00000,0.003156895
1.50,0.54,1.62,2.50,0.00,0.00,0.00062,0.01200,0.00000,0.00000,0.003156895
1.50,0.52,1.51,2.50,0.00,0.00,0.00072,0.01194,0.00000,0.00000,0.003166550
1.50,0.55,1.65,2.50,0.00,0.00,0.00063,0.01202,0.00000,0.00000,0.003162305
1.50,0.54,1.62,2.50,0.00,0.00,0.00062,0.01200,0.00000,0.00000,0.003156895
1.50,0.54,1.60,2.50,0.00,0.00,0.00062,0.01200,0.00000,0.00000,0.003156982
1.50,0.54,1.66,2.50,0.00,0.00,0.00062,0.01200,0.00000,0.00000,0.003156697
1.50,0.54,1.67,2.50,0.00,0.00,0.00062,0.01200,0.00000,0.00000,0.003156697
1.50,0.54,1.68,2.50,0.00,0.00,0.00063,0.01200,0.00000,0.00000,0.003156585
1.50,0.55,1.71,2.50,0.00,0.00,0.00063,0.01202,0.00000,0.00000,0.003161957
1.50,0.55,1.72,2.50,0.00,0.00,0.00063,0.01202,0.00000,0.00000,0.003161820
1.50,0.54,1.65,2.50,0.00,0.00,0.00062,0.01200,0.00000,0.00000,0.003156803
1.50,0.55,1.70,2.50,0.00,0.00,0.00063,0.01202,0.00000,0.00000,0.003161957
1.50,0.54,1.66,2.50,0.00,0.00,0.00062,0.01200,0.00000,0.00000,0.003156697
1.50,0.54,1.68,2.50,0.00,0.00,0.00063,0.01200,0.00000,0.00000,0.003156585
1.50,0.55,1.68,2.50,0.00,0.00,0.00063,0.01202,0.00000,0.00000,0.003162082
1.50,0.54,1.67,2.50,0.00,0.00,0.00062,0.01200,0.00000,0.00000,0.003156697
1.50,0.54,1.68,2.50,0.00,0.00,0.00063,0.01200,0.00000,0.00000,0.003156585
1.50,0.54,1.67,2.50,0.00,0.00,0.00062,0.01200,0.00000,0.00000,0.003156697
1.50,0.54,1.68,2.50,0.00,0.00,0.00063,0.01200,0.00000,0.00000,0.003156585
1.50,0.54,1.69,2.50,0.00,0.00,0.00063,0.01200,0.00000,0.00000,0.003156585
1.50,0.54,1.68,2.50,0.00,0.00,0.00063,0.01200,0.00000,0.00000,0.003156585
1.50,0.54,1.68,2.50,0.00,0.00,0.00063,0.01200,0.00000,0.00000,0.003156585
1.50,0.54,1.68,2.50,0.00,0.00,0.00063,0.01200,0.00000,0.00000,0.003156585
1.50,0.54,1.68,2.50,0.00,0.00,0.00063,0.01200,0.00000,0.00000,0.003156585
1.50,0.54,1.68,2.50,0.00,0.00,0.00063,0.01200,0.00000,0.00000,0.003156585
1.50,0.54,1.68,2.50,0.00,0.00,0.00063,0.01200,0.00000,0.00000,0.003156585
1.50,0.54,1.68,2.50,0.00,0.00,0.00063,0.01200,0.00000,0.00000,0.003156585
1.50,0.54,1.68,2.50,0.00,0.00,0.00063,0.01200,0.00000,0.00000,0.003156585
1.50,0.54,1.68,2.50,0.00,0.00,0.00063,0.01200,0.00000,0.00000,0.003156585
1.50,0.54,1.68,2.50,0.00,0.00,0.00063,0.01200,0.00000,0.00000,0.003156585
1.50,0.54,1.68,2.50,0.00,0.00,0.00063,0.01200,0.00000,0.00000,0.003156585
1.50,0.54,1.68,2.50,0.00,0.00,0.00063,0.01200,0.00000,0.00000,0.003156585
1.50,0.54,1.68,2.50,0.00,0.00,0.00063,0.01200,0.00000,0.00000,0.003156585
1.50,0.54,1.68,2.50,0.00,0.00,0.00063,0.01200,0.00000,0.00000,0.003156585
1.50,0.54,1.68,2.50,0.00,0.00,0.00063,0.01200,0.00000,0.00000,0.003156585
1.50,0.54,1.68,2.50,0.00,0.00,0.00063,0.01200,0.00000,0.00000,0.003156585
1.50,0.40,1.50,2.50,0.00,0.00,0.00149,0.01177,0.00000,0.00000,0.003316340
5.00,0.40,1.50,2.50,0.00,0.00,0.12895,0.18226,0.00004,0.00000,0.077811723
1.50,3.90,1.50,2.50,0.00,0.00,0.26187,0.43524,0.00014,0.00000,0.174312155
1.50,0.40,5.00,2.50,0.00,0.00,0.00357,0.00767,0.00019,0.00000,0.002857610
-0.00,0.00,3.50,2.50,0.00,0.00,0.00201,0.00320,0.00004,0.00000,0.001311685
1.50,-0.00,3.50,2.50,0.00,0.00,0.00369,0.01267,0.00004,0.00000,0.004099825
-0.00,1.69,3.05,2.50,0.00,0.00,0.06384,0.12301,0.00220,0.00000,0.047262743
-0.00,0.11,3.92,2.50,0.00,0.00,0.03239,0.06208,0.00276,0.00000,0.024305620
0.00,0.21,3.44,2.50,0.00,0.00,0.00272,0.00692,0.00004,0.00000,0.002419642
0.00,0.00,3.39,2.50,0.00,0.00,0.00195,0.00330,0.00004,0.00000,0.001323190
0.11,0.00,3.39,2.50,0.00,0.00,0.00195,0.00330,0.00004,0.00000,0.001323190
0.00,0.05,3.50,2.50,0.00,0.00,0.00421,0.01015,0.00004,0.00000,0.003598965
0.03,-0.00,3.50,2.50,0.00,0.00,0.00201,0.00320,0.00004,0.00000,0.001311685
-0.00,0.00,3.50,2.50,0.00,0.00,0.00201,0.00320,0.00004,0.00000,0.001311685
0.03,-0.00,3.49,2.50,0.00,0.00,0.00195,0.00330,0.00004,0.00000,0.001323190
-0.00,0.00,3.50,2.50,0.00,0.00,0.00201,0.00320,0.00004,0.00000,0.001311685
0.03,0.03,3.50,2.50,0.00,0.00,0.00429,0.01039,0.00004,0.00000,0.003681288
0.01,-0.00,3.50,2.50,0.00,0.00,0.00201,0.00320,0.00004,0.00000,0.001311685
0.00,-0.00,3.50,2.50,0.00,0.00,0.00201,0.00320,0.00004,0.00000,0.001311685
0.01,0.01,3.50,2.50,0.00,0.00,0.00434,0.01053,0.00004,0.00000,0.003727652
0.01,-0.00,3.50,2.50,0.00,0.00,0.00201,0.00320,0.00004,0.00000,0.001311685
0.01,0.00,3.50,2.50,0.00,0.00,0.00201,0.00320,0.00004,0.00000,0.001311685
0.01,-0.00,3.49,2.50,0.00,0.00,0.00195,0.00330,0.00004,0.00000,0.001323190
0.01,-0.00,3.50,2.50,0.00,0.00,0.00201,0.00320,0.00004,0.00000,0.001311685
0.01,-0.00,3.50,2.50,0.00,0.00,0.00201,0.00320,0.00004,0.00000,0.001311685
0.01,-0.00,3.50,2.50,0.00,0.00,0.00201,0.00320,0.00004,0.00000,0.001311685
0.01,-0.00,3.50,2.50,0.00,0.00,0.00201,0.00320,0.00004,0.00000,0.001311685
1.50,0.70,1.50,2.50,0.00,0.00,0.00143,0.01258,0.00000,0.00000,0.003501880
1.50,0.70,1.50,2.50,0.00,0.00,0.00143,0.01258,0.00000,0.00000,0.003501880
1.50,0.73,1.50,2.50,0.00,0.00,0.00167,0.01270,0.00000,0.00000,0.003593930
1.50,0.70,1.58,2.50,0.00,0.00,0.00143,0.01257,0.00000,0.00000,0.003501640
1.50,0.66,1.55,2.50,0.00,0.00,0.00111,0.01240,0.00000,0.00000,0.003376127
1.50,0.63,1.58,2.50,0.00,0.00,0.00091,0.01228,0.00000,0.00000,0.003298157
1.50,0.65,1.60,2.50,0.00,0.00,0.00106,0.01236,0.00000,0.00000,0.003355063
1.50,0.62,1.67,2.50,0.00,0.00,0.00087,0.01225,0.00000,0.00000,0.003280522
1.50,0.58,1.75,2.50,0.00,0.00,0.00070,0.01213,0.00000,0.00000,0.003207837
1.50,0.54,1.71,2.50,0.00,0.00,0.00063,0.01200,0.00000,0.00000,0.003156455
1.50,0.47,1.78,2.50,0.00,0.00,0.00104,0.01179,0.00000,0.00000,0.003207525
1.50,0.52,1.76,2.50,0.00,0.00,0.00073,0.01193,0.00000,0.00000,0.003165412
1.50,0.47,1.90,2.50,0.00,0.00,0.00104,0.01178,0.00000,0.00000,0.003206120
1.50,0.44,1.83,2.50,0.00,0.00,0.00122,0.01174,0.00000,0.00000,0.003240777
1.50,0.55,1.77,2.50,0.00,0.00,0.00063,0.01202,0.00000,0.00000,0.003161497
1.50,0.61,1.59,2.50,0.00,0.00,0.00083,0.01222,0.00000,0.00000,0.003264360
1.50,0.50,1.82,2.50,0.00,0.00,0.00085,0.01187,0.00000,0.00000,0.003180733
1.50,0.57,1.67,2.50,0.00,0.00,0.00066,0.01209,0.00000,0.00000,0.003187180
1.50,0.52,1.78,2.50,0.00,0.00,0.00073,0.01193,0.00000,0.00000,0.003165240
1.50,0.56,1.75,2.50,0.00,0.00,0.00064,0.01206,0.00000,0.00000,0.003176287
1.50,0.53,1.75,2.50,0.00,0.00,0.00068,0.01195,0.00000,0.00000,0.003160085
1.50,0.56,1.70,2.50,0.00,0.00,0.00064,0.01206,0.00000,0.00000,0.003176577
1.50,0.53,1.76,2.50,0.00,0.00,0.00068,0.01195,0.00000,0.00000,0.003160085
1.50,0.52,1.72,2.50,0.00,0.00,0.00072,0.01194,0.00000,0.00000,0.003165565
1.50,0.54,1.76,2.50,0.00,0.00,0.00063,0.01200,0.00000,0.00000,0.003156165
1.50,0.55,1.72,2.50,0.00,0.00,0.00063,0.01202,0.00000,0.00000,0.003161820
1.50,0.53,1.75,2.50,0.00,0.00,0.00068,0.01195,0.00000,0.00000,0.003160085
1.50,0.54,1.73,2.50,0.00,0.00,0.00063,0.01200,0.00000,0.00000,0.003156320
1.50,0.53,1.76,2.50,0.00,0.00,0.00068,0.01195,0.00000,0.00000,0.003160085
1.50,0.53,1.76,2.50,0.00,0.00,0.00068,0.01195,0.00000,0.00000,0.003160085
1.50,0.54,1.74,2.50,0.00,0.00,0.00063,0.01200,0.00000,0.00000,0.003156320
1.50,0.55,1.73,2.50,0.00,0.00,0.00063,0.01202,0.00000,0.00000,0.003161820
1.50,0.54,1.75,2.50,0.00,0.00,0.00063,0.01200,0.00000,0.00000,0.003156165
1.50,0.54,1.76,2.50,0.00,0.00,0.00063,0.01200,0.00000,0.00000,0.003156165
1.50,0.53,1.77,2.50,0.00,0.00,0.00068,0.01195,0.00000,0.00000,0.003159915
1.50,0.54,1.74,2.50,0.00,0.00,0.00063,0.01200,0.00000,0.00000,0.003156320
1.50,0.54,1.75,2.50,0.00,0.00,0.00063,0.01200,0.00000,0.00000,0.003156165
1.50,0.54,1.76,2.50,0.00,0.00,0.00063,0.01200,0.00000,0.00000,0.003156165
1.50,0.54,1.74,2.50,0.00,0.00,0.00063,0.01200,0.00000,0.00000,0.003156320
1.50,0.54,1.76,2.50,0.00,0.00,0.00063,0.01200,0.00000,0.00000,0.003156165
1.50,0.54,1.76,2.50,0.00,0.00,0.00063,0.01200,0.00000,0.00000,0.003156165
1.50,0.54,1.75,2.50,0.00,0.00,0.00063,0.01200,0.00000,0.00000,0.003156165
1.50,0.54,1.76,2.50,0.00,0.00,0.00063,0.01200,0.00000,0.00000,0.003156165
1.50,0.54,1.75,2.50,0.00,0.00,0.00063,0.01200,0.00000,0.00000,0.003156165
1.50,0.54,1.76,2.50,0.00,0.00,0.00063,0.01200,0.00000,0.00000,0.003156165
1.50,0.54,1.76,2.50,0.00,0.00,0.00063,0.01200,0.00000,0.00000,0.003156165
1.50,0.54,1.75,2.50,0.00,0.00,0.00063,0.01200,0.00000,0.00000,0.003156165
1.50,0.54,1.76,2.50,0.00,0.00,0.00063,0.01200,0.00000,0.00000,0.003156165
1.50,0.54,1.75,2.50,0.00,0.00,0.00063,0.01200,0.00000,0.00000,0.003156165
1.50,0.54,1.76,2.50,0.00,0.00,0.00063,0.01200,0.00000,0.00000,0.003156165
1.50,0.54,1.76,2.50,0.00,0.00,0.00063,0.01200,0.00000,0.00000,0.003156165
1.50,0.70,1.50,2.50,0.00,0.00,0.00143,0.01258,0.00000,0.00000,0.003501880
5.00,0.70,1.50,2.50,0.00,0.00,0.13003,0.18070,0.00004,0.00000,0.077692715
1.50,4.20,1.50,2.50,0.00,0.00,0.32462,0.51648,0.00013,0.00000,0.210306805
1.50,0.70,5.00,2.50,0.00,0.00,0.00351,0.00847,0.00019,0.00000,0.003043197
0.00,0.00,3.50,2.50,0.00,0.00,0.00201,0.00320,0.00004,0.00000,0.001311685
1.50,0.00,3.50,2.50,0.00,0.00,0.00369,0.01267,0.00004,0.00000,0.004099825
-0.00,1.75,3.50,2.50,0.00,0.00,0.06619,0.12434,0.00218,0.00000,0.048175508
0.00,-0.00,3.94,2.50,0.00,0.00,0.00232,0.00267,0.00007,0.00000,0.001264297
-0.00,0.44,3.50,2.50,0.00,0.00,0.06036,0.11904,0.00201,0.00000,0.045354462
0.00,-0.00,3.55,2.50,0.00,0.00,0.00201,0.00320,0.00004,0.00000,0.001311685
0.11,0.00,3.50,2.50,0.00,0.00,0.00201,0.00320,0.00004,0.00000,0.001311685
0.00,0.11,3.50,2.50,0.00,0.00,0.00374,0.00902,0.00004,0.00000,0.003202178
-0.00,0.00,3.45,2.50,0.00,0.00,0.00195,0.00330,0.00004,0.00000,0.001323190
-0.00,0.03,3.50,2.50,0.00,0.00,0.06059,0.11844,0.00138,0.00000,0.045103260
0.01,0.00,3.50,2.50,0.00,0.00,0.00201,0.00320,0.00004,0.00000,0.001311685
0.00,0.00,3.51,2.50,0.00,0.00,0.00203,0.00314,0.00004,0.00000,0.001305487
0.00,-0.00,3.50,2.50,0.00,0.00,0.00201,0.00320,0.00004,0.00000,0.001311685
0.00,0.00,3.50,2.50,0.00,0.00,0.00201,0.00320,0.00004,0.00000,0.001311685
-0.00,0.00,3.50,2.50,0.00,0.00,0.00201,0.00320,0.00004,0.00000,0.001311685
1.50,1.10,1.50,2.50,0.00,0.00,0.00564,0.01559,0.00000,0.00000,0.005308187
1.50,1.10,1.50,2.50,0.00,0.00,0.00564,0.01559,0.00000,0.00000,0.005308187
1.50,1.16,1.50,2.50,0.00,0.00,0.00616,0.01628,0.00000,0.00000,0.005610347
1.50,1.10,1.58,2.50,0.00,0.00,0.00564,0.01559,0.00000,0.00000,0.005307950
1.50,1.04,1.55,2.50,0.00,0.00,0.00495,0.01489,0.00000,0.00000,0.004959377
1.50,0.99,1.58,2.50,0.00,0.00,0.00440,0.01442,0.00000,0.00000,0.004703640
1.50,1.03,1.60,2.50,0.00,0.00,0.00495,0.01489,0.00000,0.00000,0.004959167
1.50,0.98,1.67,2.50,0.00,0.00,0.00440,0.01441,0.00000,0.00000,0.004703282
1.50,0.92,1.75,2.50,0.00,0.00,0.00373,0.01392,0.00000,0.00000,0.004412197
1.50,0.86,1.71,2.50,0.00,0.00,0.00299,0.01343,0.00000,0.00000,0.004104777
1.50,0.73,1.78,2.50,0.00,0.00,0.00168,0.01269,0.00000,0.00000,0.003592630
1.50,0.73,1.80,2.50,0.00,0.00,0.00168,0.01269,0.00000,0.00000,0.003592445
1.50,0.59,1.90,2.50,0.00,0.00,0.00073,0.01214,0.00000,0.00000,0.003217192
1.50,0.50,2.04,2.50,0.00,0.00,0.00086,0.01185,0.00000,0.00000,0.003177822
1.50,0.26,2.28,2.50,0.00,0.00,0.00246,0.01222,0.00000,0.00000,0.003669958
1.50,0.30,2.06,2.50,0.00,0.00,0.00217,0.01199,0.00000,0.00000,0.003539790
1.50,0.19,2.23,2.50,0.00,0.00,0.00304,0.01297,0.00000,0.00000,0.004004737
1.50,0.60,1.89,2.50,0.00,0.00,0.00076,0.01216,0.00000,0.00000,0.003231010
1.50,0.83,1.83,2.50,0.00,0.00,0.00265,0.01321,0.00000,0.00000,0.003966485
1.50,0.43,2.00,2.50,0.00,0.00,0.00130,0.01173,0.00000,0.00000,0.003256785
1.50,0.69,1.88,2.50,0.00,0.00,0.00136,0.01252,0.00000,0.00000,0.003470820
1.50,0.50,1.97,2.50,0.00,0.00,0.00086,0.01186,0.00000,0.00000,0.003179052
1.50,0.46,2.05,2.50,0.00,0.00,0.00113,0.01173,0.00000,0.00000,0.003214470
1.50,0.38,2.15,2.50,0.00,0.00,0.00164,0.01174,0.00000,0.00000,0.003346862
1.50,0.54,1.96,2.50,0.00,0.00,0.00064,0.01198,0.00000,0.00000,0.003153930
1.50,0.56,1.93,2.50,0.00,0.00,0.00065,0.01205,0.00000,0.00000,0.003174400
1.50,0.57,1.98,2.50,0.00,0.00,0.00067,0.01206,0.00000,0.00000,0.003184040
1.50,0.51,1.98,2.50,0.00,0.00,0.00082,0.01188,0.00000,0.00000,0.003173395
1.50,0.57,1.87,2.50,0.00,0.00,0.00067,0.01207,0.00000,0.00000,0.003185625
1.50,0.52,2.00,2.50,0.00,0.00,0.00074,0.01191,0.00000,0.00000,0.003162395
1.50,0.48,2.03,2.50,0.00,0.00,0.00098,0.01180,0.00000,0.00000,0.003193635
1.50,0.54,1.95,2.50,0.00,0.00,0.00064,0.01198,0.00000,0.00000,0.003153930
1.50,0.55,1.97,2.50,0.00,0.00,0.00064,0.01200,0.00000,0.00000,0.003159432
1.50,0.57,1.92,2.50,0.00,0.00,0.00067,0.01207,0.00000,0.00000,0.003185070
1.50,0.53,1.98,2.50,0.00,0.00,0.00069,0.01194,0.00000,0.00000,0.003157478
1.50,0.52,1.96,2.50,0.00,0.00,0.00073,0.01192,0.00000,0.00000,0.003163180
1.50,0.54,1.97,2.50,0.00,0.00,0.00064,0.01198,0.00000,0.00000,0.003153930
1.50,0.55,1.94,2.50,0.00,0.00,0.00064,0.01200,0.00000,0.00000,0.003159780
1.50,0.54,1.97,2.50,0.00,0.00,0.00064,0.01198,0.00000,0.00000,0.003153930
1.50,0.55,1.95,2.50,0.00,0.00,0.00064,0.01200,0.00000,0.00000,0.003159432
1.50,0.54,1.97,2.50,0.00,0.00,0.00064,0.01198,0.00000,0.00000,0.003153930
1.50,0.54,1.96,2.50,0.00,0.00,0.00064,0.01198,0.00000,0.00000,0.003153930
1.50,0.54,1.96,2.50,0.00,0.00,0.00064,0.01198,0.00000,0.00000,0.003153930
1.50,0.54,1.97,2.50,0.00,0.00,0.00064,0.01198,0.00000,0.00000,0.003153930
1.50,0.54,1.96,2.50,0.00,0.00,0.00064,0.01198,0.00000,0.00000,0.003153930
1.50,0.54,1.96,2.50,0.00,0.00,0.00064,0.01198,0.00000,0.00000,0.003153930
1.50,0.54,1.96,2.50,0.00,0.00,0.00064,0.01198,0.00000,0.00000,0.003153930
1.50,0.54,1.96,2.50,0.00,0.00,0.00064,0.01198,0.00000,0.00000,0.003153930
1.50,0.54,1.96,2.50,0.00,0.00,0.00064,0.01198,0.00000,0.00000,0.003153930
1.50,0.54,1.96,2.50,0.00,0.00,0.00064,0.01198,0.00000,0.00000,0.003153930
1.50,0.54,1.96,2.50,0.00,0.00,0.00064,0.01198,0.00000,0.00000,0.003153930
1.50,0.54,1.96,2.50,0.00,0.00,0.00064,0.01198,0.00000,0.00000,0.003153930
1.50,0.54,1.96,2.50,0.00,0.00,0.00064,0.01198,0.00000,0.00000,0.003153930
1.50,0.54,1.96,2.50,0.00,0.00,0.00064,0.01198,0.00000,0.00000,0.003153930
1.50,0.54,1.96,2.50,0.00,0.00,0.00064,0.01198,0.00000,0.00000,0.003153930
1.50,0.54,1.96,2.50,0.00,0.00,0.00064,0.01198,0.00000,0.00000,0.003153930
1.50,0.54,1.96,2.50,0.00,0.00,0.00064,0.01198,0.00000,0.00000,0.003153930
1.50,0.54,1.96,2.50,0.00,0.00,0.00064,0.01198,0.00000,0.00000,0.003153930
1.50,0.54,1.96,2.50,0.00,0.00,0.00064,0.01198,0.00000,0.00000,0.003153930
1.50,1.10,1.50,2.50,0.00,0.00,0.00564,0.01559,0.00000,0.00000,0.005308187
5.00,1.10,1.50,2.50,0.00,0.00,0.13289,0.17967,0.00004,0.00000,0.078149800
1.50,4.60,1.50,2.50,0.00,0.00,0.40587,0.61577,0.00011,0.00000,0.255436483
1.50,1.10,5.00,2.50,0.00,0.00,0.00772,0.01148,0.00019,0.00000,0.004848225
0.00,-0.00,3.50,2.50,0.00,0.00,0.00201,0.00320,0.00004,0.00000,0.001311685
1.50,-0.00,3.50,2.50,0.00,0.00,0.00369,0.01267,0.00004,0.00000,0.004099825
-0.00,0.71,2.98,2.50,0.00,0.00,0.02555,0.04956,0.00251,0.00000,0.019404460
-0.00,0.87,3.50,2.50,0.00,0.00,0.06061,0.11898,0.00220,0.00000,0.045448547
0.00,0.00,3.06,2.50,0.00,0.00,0.00179,0.00362,0.00002,0.00000,0.001359040
-0.00,0.00,3.28,2.50,0.00,0.00,0.00184,0.00352,0.00003,0.00000,0.001347312
-0.00,0.22,3.28,2.50,0.00,0.00,0.05688,0.11149,0.00105,0.00000,0.042354403
0.11,0.00,3.28,2.50,0.00,0.00,0.00188,0.00344,0.00003,0.00000,0.001338405
0.21,0.00,3.48,2.50,0.00,0.00,0.00201,0.00320,0.00004,0.00000,0.001311685
0.31,-0.00,3.50,2.50,0.00,0.00,0.00201,0.00320,0.00004,0.00000,0.001311685
0.21,0.11,3.48,2.50,0.00,0.00,0.00374,0.00902,0.00004,0.00000,0.003202178
0.16,-0.00,3.50,2.50,0.00,0.00,0.00201,0.00320,0.00004,0.00000,0.001311685
0.22,-0.00,3.42,2.50,0.00,0.00,0.00195,0.00330,0.00004,0.00000,0.001323190
0.22,0.00,3.50,2.50,0.00,0.00,0.00201,0.00320,0.00004,0.00000,0.001311685
0.21,0.03,3.48,2.50,0.00,0.00,0.00429,0.01039,0.00004,0.00000,0.003681288
0.22,-0.00,3.47,2.50,0.00,0.00,0.00195,0.00330,0.00004,0.00000,0.001323190
0.20,-0.00,3.48,2.50,0.00,0.00,0.00195,0.00330,0.00004,0.00000,0.001323190
0.20,-0.00,3.48,2.50,0.00,0.00,0.00195,0.00330,0.00004,0.00000,0.001323190
0.21,-0.00,3.48,2.50,0.00,0.00,0.00195,0.00330,0.00004,0.00000,0.001323190
0.21,0.01,3.48,2.50,0.00,0.00,0.00434,0.01053,0.00004,0.00000,0.003727652
0.21,-0.00,3.47,2.50,0.00,0.00,0.00195,0.00330,0.00004,0.00000,0.001323190
0.21,-0.00,3.48,2.50,0.00,0.00,0.00195,0.00330,0.00004,0.00000,0.001323190
0.21,0.00,3.47,2.50,0.00,0.00,0.00201,0.00320,0.00004,0.00000,0.001311685
0.21,0.00,3.48,2.50,0.00,0.00,0.00201,0.00320,0.00004,0.00000,0.001311685
0.21,-0.00,3.48,2.50,0.00,0.00,0.00195,0.00330,0.00004,0.00000,0.001323190
0.21,0.00,3.48,2.50,0.00,0.00,0.00201,0.00320,0.00004,0.00000,0.001311685
0.21,0.00,3.48,2.50,0.00,0.00,0.00201,0.00320,0.00004,0.00000,0.001311685
0.03,0.59,3.50,2.50,0.00,0.00,0.00118,0.00263,0.00004,0.00000,0.000961835
