S,P,D,F,rcore_flag,rcore,DeltaE,qmax,Score
0.98,1.71,2.38,1.07,0.0,0.0,434.478,1.9051482536448665,436.3831482536449
0.98,1.71,2.78,1.07,0.0,0.0,434.478,1.9051482536448665,436.3831482536449
0.98,1.71,2.78,2.19,0.0,0.0,434.478,1.9051482536448665,436.3831482536449
0.98,1.71,0.1,2.19,0.0,0.0,434.478,1.9051482536448665,436.3831482536449
0.98,1.71,0.1,0.5,0.0,0.0,434.478,1.9051482536448665,436.3831482536449
0.98,1.71,2.89,0.5,0.0,0.0,434.478,1.9051482536448665,436.3831482536449
0.98,1.71,2.89,0.05,0.0,0.0,434.478,1.9051482536448665,436.3831482536449
0.98,1.71,1.24,0.05,0.0,0.0,434.478,1.9051482536448665,436.3831482536449
0.98,1.71,1.24,2.1,0.0,0.0,434.478,1.9051482536448665,436.3831482536449
0.98,1.71,1.77,2.1,0.0,0.0,434.478,1.9051482536448665,436.3831482536449
0.98,1.71,1.77,3.65,0.0,0.0,434.478,1.9051482536448665,436.3831482536449
0.98,1.71,2.64,3.65,0.0,0.0,434.478,1.9051482536448665,436.3831482536449
0.98,1.71,2.64,1.83,0.0,0.0,434.478,1.9051482536448665,436.3831482536449
0.98,1.71,1.48,1.83,0.0,0.0,434.478,1.9051482536448665,436.3831482536449
0.98,1.71,1.48,3.78,0.0,0.0,434.478,1.9051482536448665,436.3831482536449
0.98,1.71,0.63,3.78,0.0,0.0,434.478,1.9051482536448665,436.3831482536449
0.98,1.71,0.63,1.69,0.0,0.0,434.478,1.9051482536448665,436.3831482536449
0.98,1.71,0.66,1.69,0.0,0.0,434.478,1.9051482536448665,436.3831482536449
0.98,1.71,0.66,3.76,0.0,0.0,434.478,1.9051482536448665,436.3831482536449
0.98,1.71,0.14,3.76,0.0,0.0,434.478,1.9051482536448665,436.3831482536449
0.98,1.71,0.14,3.53,0.0,0.0,434.478,1.9051482536448665,436.3831482536449
0.98,1.71,2.44,3.53,0.0,0.0,434.478,1.9051482536448665,436.3831482536449
0.98,1.71,2.44,3.79,0.0,0.0,434.478,1.9051482536448665,436.3831482536449
0.98,1.71,1.49,3.79,0.0,0.0,434.478,1.9051482536448665,436.3831482536449
0.98,1.71,1.49,0.13,0.0,0.0,434.478,1.9051482536448665,436.3831482536449
0.98,1.71,0.01,0.13,0.0,0.0,434.478,1.9051482536448665,436.3831482536449
0.98,1.71,0.01,3.78,0.0,0.0,434.478,1.9051482536448665,436.3831482536449
0.98,1.71,1.52,3.78,0.0,0.0,434.478,1.9051482536448665,436.3831482536449
0.98,1.71,1.52,2.1,0.0,0.0,434.478,1.9051482536448665,436.3831482536449
0.98,1.71,1.4,2.1,0.0,0.0,434.478,1.9051482536448665,436.3831482536449
0.98,1.71,1.4,1.8,0.0,0.0,434.478,1.9051482536448665,436.3831482536449
0.98,1.71,0.35,1.8,0.0,0.0,434.478,1.9051482536448665,436.3831482536449
0.98,1.71,0.35,3.17,0.0,0.0,434.478,1.9051482536448665,436.3831482536449
0.98,1.71,2.62,3.17,0.0,0.0,434.478,1.9051482536448665,436.3831482536449
0.98,1.71,2.62,0.96,0.0,0.0,434.478,1.9051482536448665,436.3831482536449
0.98,1.71,1.4,0.96,0.0,0.0,434.478,1.9051482536448665,436.3831482536449
0.98,1.71,1.4,2.48,0.0,0.0,434.478,1.9051482536448665,436.3831482536449
0.98,1.71,1.52,2.48,0.0,0.0,434.478,1.9051482536448665,436.3831482536449
0.98,1.71,1.52,2.88,0.0,0.0,434.478,1.9051482536448665,436.3831482536449
0.98,1.71,2.79,2.88,0.0,0.0,434.478,1.9051482536448665,436.3831482536449
0.98,1.71,2.79,2.25,0.0,0.0,434.478,1.9051482536448665,436.3831482536449
0.98,1.71,2.78,2.25,0.0,0.0,434.478,1.9051482536448665,436.3831482536449
0.98,1.71,2.78,0.38,0.0,0.0,434.478,1.9051482536448665,436.3831482536449
0.98,1.71,1.32,0.38,0.0,0.0,434.478,1.9051482536448665,436.3831482536449
0.98,1.71,1.32,2.38,0.0,0.0,434.478,1.9051482536448665,436.3831482536449
0.98,1.71,2.96,2.38,0.0,0.0,434.478,1.9051482536448665,436.3831482536449
0.98,1.71,2.96,0.25,0.0,0.0,434.478,1.9051482536448665,436.3831482536449
0.98,1.71,1.08,0.25,0.0,0.0,434.478,1.9051482536448665,436.3831482536449
0.98,1.71,1.08,1.39,0.0,0.0,434.478,1.9051482536448665,436.3831482536449
0.98,1.71,1.77,1.39,0.0,0.0,434.478,1.9051482536448665,436.3831482536449
0.98,1.71,1.77,1.17,0.0,0.0,434.478,1.9051482536448665,436.3831482536449
0.98,1.71,1.95,1.17,0.0,0.0,434.478,1.9051482536448665,436.3831482536449
0.98,1.71,1.95,3.33,0.0,0.0,434.478,1.9051482536448665,436.3831482536449
0.98,1.71,0.15,3.33,0.0,0.0,434.478,1.9051482536448665,436.3831482536449
0.98,1.71,0.15,3.23,0.0,0.0,434.478,1.9051482536448665,436.3831482536449
0.98,1.71,2.52,3.23,0.0,0.0,434.478,1.9051482536448665,436.3831482536449
0.98,1.71,2.52,0.3,0.0,0.0,434.478,1.9051482536448665,436.3831482536449
0.98,1.71,2.57,0.3,0.0,0.0,434.478,1.9051482536448665,436.3831482536449
0.98,1.71,2.57,2.21,0.0,0.0,434.478,1.9051482536448665,436.3831482536449
0.98,1.71,2.19,2.21,0.0,0.0,434.478,1.9051482536448665,436.3831482536449
0.98,1.71,2.19,0.52,0.0,0.0,434.478,1.9051482536448665,436.3831482536449
0.98,1.71,1.54,0.52,0.0,0.0,434.478,1.9051482536448665,436.3831482536449
0.98,1.71,1.54,0.96,0.0,0.0,434.478,1.9051482536448665,436.3831482536449
0.98,1.71,0.61,0.96,0.0,0.0,434.478,1.9051482536448665,436.3831482536449
0.98,1.71,0.61,0.75,0.0,0.0,434.478,1.9051482536448665,436.3831482536449
0.98,1.71,1.02,0.75,0.0,0.0,434.478,1.9051482536448665,436.3831482536449
0.98,1.71,1.02,0.05,0.0,0.0,434.478,1.9051482536448665,436.3831482536449
0.98,1.71,1.6,0.05,0.0,0.0,434.478,1.9051482536448665,436.3831482536449
0.98,1.71,1.6,1.0,0.0,0.0,434.478,1.9051482536448665,436.3831482536449
0.98,1.71,0.32,1.0,0.0,0.0,434.478,1.9051482536448665,436.3831482536449
0.98,1.71,0.32,0.57,0.0,0.0,434.478,1.9051482536448665,436.3831482536449
0.98,1.71,1.46,0.57,0.0,0.0,434.478,1.9051482536448665,436.3831482536449
0.98,1.71,1.46,1.48,0.0,0.0,434.478,1.9051482536448665,436.3831482536449
0.98,1.71,1.74,1.48,0.0,0.0,434.478,1.9051482536448665,436.3831482536449
0.98,1.71,1.74,1.21,0.0,0.0,434.478,1.9051482536448665,436.3831482536449
0.98,1.71,0.44,1.21,0.0,0.0,434.478,1.9051482536448665,436.3831482536449
0.98,1.71,0.44,3.83,0.0,0.0,434.478,1.9051482536448665,436.3831482536449
0.98,1.71,0.22,3.83,0.0,0.0,434.478,1.9051482536448665,436.3831482536449
0.98,1.71,0.22,3.26,0.0,0.0,434.478,1.9051482536448665,436.3831482536449
0.98,1.71,0.33,3.26,0.0,0.0,434.478,1.9051482536448665,436.3831482536449
0.98,1.71,0.33,0.29,0.0,0.0,434.478,1.9051482536448665,436.3831482536449
0.98,1.71,2.74,0.29,0.0,0.0,434.478,1.9051482536448665,436.3831482536449
0.98,1.71,2.74,0.19,0.0,0.0,434.478,1.9051482536448665,436.3831482536449
0.98,1.71,0.0,0.19,0.0,0.0,434.478,1.9051482536448665,436.3831482536449
0.98,1.71,0.0,3.07,0.0,0.0,434.478,1.9051482536448665,436.3831482536449
0.98,1.71,1.31,3.07,0.0,0.0,434.478,1.9051482536448665,436.3831482536449
0.98,1.71,1.31,2.4,0.0,0.0,434.478,1.9051482536448665,436.3831482536449
0.98,1.71,1.19,2.4,0.0,0.0,434.478,1.9051482536448665,436.3831482536449
0.98,1.71,1.19,2.73,0.0,0.0,434.478,1.9051482536448665,436.3831482536449
0.98,1.71,0.33,2.73,0.0,0.0,434.478,1.9051482536448665,436.3831482536449
0.98,1.71,0.33,3.35,0.0,0.0,434.478,1.9051482536448665,436.3831482536449
0.98,1.71,1.59,3.35,0.0,0.0,434.478,1.9051482536448665,436.3831482536449
0.98,1.71,1.59,3.93,0.0,0.0,434.478,1.9051482536448665,436.3831482536449
0.98,1.71,2.78,3.93,0.0,0.0,434.478,1.9051482536448665,436.3831482536449
0.98,1.71,2.78,0.06,0.0,0.0,434.478,1.9051482536448665,436.3831482536449
0.98,1.71,2.45,0.06,0.0,0.0,434.478,1.9051482536448665,436.3831482536449
0.98,1.71,2.45,1.35,0.0,0.0,434.478,1.9051482536448665,436.3831482536449
0.98,1.71,0.73,1.35,0.0,0.0,434.478,1.9051482536448665,436.3831482536449
0.98,1.71,0.73,3.44,0.0,0.0,434.478,1.9051482536448665,436.3831482536449
0.98,1.71,2.01,3.44,0.0,0.0,434.478,1.9051482536448665,436.3831482536449
0.98,1.71,2.01,1.6,0.0,0.0,434.478,1.9051482536448665,436.3831482536449
0.98,1.71,0.39,1.6,0.0,0.0,434.478,1.9051482536448665,436.3831482536449
0.98,1.71,0.39,0.94,0.0,0.0,434.478,1.9051482536448665,436.3831482536449
0.98,1.71,0.56,0.94,0.0,0.0,434.478,1.9051482536448665,436.3831482536449
0.98,1.71,0.56,0.05,0.0,0.0,434.478,1.9051482536448665,436.3831482536449
0.98,1.71,1.02,1.79,0.0,0.0,434.478,1.9051482536448665,436.3831482536449
0.98,1.71,0.27,1.79,0.0,0.0,434.478,1.9051482536448665,436.3831482536449
0.98,1.71,0.27,2.91,0.0,0.0,434.478,1.9051482536448665,436.3831482536449
0.98,1.71,0.59,2.91,0.0,0.0,434.478,1.9051482536448665,436.3831482536449
0.98,1.71,0.59,0.19,0.0,0.0,434.478,1.9051482536448665,436.3831482536449
0.98,1.71,1.91,0.19,0.0,0.0,434.478,1.9051482536448665,436.3831482536449
0.98,1.71,1.91,2.05,0.0,0.0,434.478,1.9051482536448665,436.3831482536449
0.98,1.71,0.83,2.05,0.0,0.0,434.478,1.9051482536448665,436.3831482536449
0.98,1.71,0.83,0.14,0.0,0.0,434.478,1.9051482536448665,436.3831482536449
0.98,1.71,1.69,0.14,0.0,0.0,434.478,1.9051482536448665,436.3831482536449
0.98,1.71,1.69,1.12,0.0,0.0,434.478,1.9051482536448665,436.3831482536449
0.98,1.71,0.43,1.12,0.0,0.0,434.478,1.9051482536448665,436.3831482536449
0.98,1.71,0.43,0.05,0.0,0.0,434.478,1.9051482536448665,436.3831482536449
0.98,1.71,0.44,0.05,0.0,0.0,434.478,1.9051482536448665,436.3831482536449
0.98,1.71,0.44,1.04,0.0,0.0,434.478,1.9051482536448665,436.3831482536449
0.98,1.71,2.02,1.04,0.0,0.0,434.478,1.9051482536448665,436.3831482536449
0.98,1.71,2.02,2.04,0.0,0.0,434.478,1.9051482536448665,436.3831482536449
0.98,1.71,1.86,2.04,0.0,0.0,434.478,1.9051482536448665,436.3831482536449
0.98,1.71,1.86,1.62,0.0,0.0,434.478,1.9051482536448665,436.3831482536449
0.98,1.71,0.79,1.62,0.0,0.0,434.478,1.9051482536448665,436.3831482536449
0.98,1.71,0.79,2.01,0.0,0.0,434.478,1.9051482536448665,436.3831482536449
0.98,1.71,0.18,2.01,0.0,0.0,434.478,1.9051482536448665,436.3831482536449
0.98,1.71,0.18,1.4,0.0,0.0,434.478,1.9051482536448665,436.3831482536449
0.98,1.71,2.89,1.4,0.0,0.0,434.478,1.9051482536448665,436.3831482536449
0.98,1.71,2.89,1.06,0.0,0.0,434.478,1.9051482536448665,436.3831482536449
0.98,1.71,1.89,1.06,0.0,0.0,434.478,1.9051482536448665,436.3831482536449
0.98,1.71,1.89,0.27,0.0,0.0,434.478,1.9051482536448665,436.3831482536449
0.98,1.71,2.85,0.27,0.0,0.0,434.478,1.9051482536448665,436.3831482536449
0.98,1.71,2.85,1.55,0.0,0.0,434.478,1.9051482536448665,436.3831482536449
0.98,1.71,1.41,1.55,0.0,0.0,434.478,1.9051482536448665,436.3831482536449
0.98,1.71,1.41,2.53,0.0,0.0,434.478,1.9051482536448665,436.3831482536449
0.98,1.71,1.55,2.53,0.0,0.0,434.478,1.9051482536448665,436.3831482536449
0.98,1.71,1.55,2.99,0.0,0.0,434.478,1.9051482536448665,436.3831482536449
0.98,1.71,1.64,2.99,0.0,0.0,434.478,1.9051482536448665,436.3831482536449
0.98,1.71,1.64,2.61,0.0,0.0,434.478,1.9051482536448665,436.3831482536449
0.98,1.71,1.96,2.61,0.0,0.0,434.478,1.9051482536448665,436.3831482536449
0.98,1.71,1.96,1.24,0.0,0.0,434.478,1.9051482536448665,436.3831482536449
0.98,1.71,1.14,1.24,0.0,0.0,434.478,1.9051482536448665,436.3831482536449
0.98,1.71,1.14,3.37,0.0,0.0,434.478,1.9051482536448665,436.3831482536449
0.98,1.71,1.22,3.37,0.0,0.0,434.478,1.9051482536448665,436.3831482536449
0.98,1.71,1.22,1.48,0.0,0.0,434.478,1.9051482536448665,436.3831482536449
0.98,1.71,1.24,1.48,0.0,0.0,434.478,1.9051482536448665,436.3831482536449
0.98,1.71,1.24,3.72,0.0,0.0,434.478,1.9051482536448665,436.3831482536449
0.98,1.71,1.07,3.72,0.0,0.0,434.478,1.9051482536448665,436.3831482536449
0.98,1.71,1.07,3.42,0.0,0.0,434.478,1.9051482536448665,436.3831482536449
0.98,1.71,0.34,3.42,0.0,0.0,434.478,1.9051482536448665,436.3831482536449
0.98,1.71,0.34,3.07,0.0,0.0,434.478,1.9051482536448665,436.3831482536449
0.98,1.71,0.18,3.07,0.0,0.0,434.478,1.9051482536448665,436.3831482536449
0.98,1.71,0.18,2.1,0.0,0.0,434.478,1.9051482536448665,436.3831482536449
0.98,1.71,0.39,2.1,0.0,0.0,434.478,1.9051482536448665,436.3831482536449
0.98,1.71,0.39,3.87,0.0,0.0,434.478,1.9051482536448665,436.3831482536449
0.98,1.71,2.69,3.87,0.0,0.0,434.478,1.9051482536448665,436.3831482536449
0.98,1.71,2.69,1.44,0.0,0.0,434.478,1.9051482536448665,436.3831482536449
0.98,1.71,1.04,1.44,0.0,0.0,434.478,1.9051482536448665,436.3831482536449
0.98,1.71,1.04,0.73,0.0,0.0,434.478,1.9051482536448665,436.3831482536449
0.98,1.71,0.46,0.73,0.0,0.0,434.478,1.9051482536448665,436.3831482536449
0.98,1.71,0.46,2.66,0.0,0.0,434.478,1.9051482536448665,436.3831482536449
0.98,1.71,2.23,2.66,0.0,0.0,434.478,1.9051482536448665,436.3831482536449
0.98,1.71,2.23,2.46,0.0,0.0,434.478,1.9051482536448665,436.3831482536449
0.98,1.71,1.79,2.46,0.0,0.0,434.478,1.9051482536448665,436.3831482536449
0.98,1.71,1.79,2.17,0.0,0.0,434.478,1.9051482536448665,436.3831482536449
0.98,1.71,0.44,2.17,0.0,0.0,434.478,1.9051482536448665,436.3831482536449
0.98,1.71,0.44,3.55,0.0,0.0,434.478,1.9051482536448665,436.3831482536449
0.98,1.71,2.08,3.55,0.0,0.0,434.478,1.9051482536448665,436.3831482536449
0.98,1.71,2.08,3.87,0.0,0.0,434.478,1.9051482536448665,436.3831482536449
0.98,1.71,0.73,3.87,0.0,0.0,434.478,1.9051482536448665,436.3831482536449
0.98,1.71,0.73,1.48,0.0,0.0,434.478,1.9051482536448665,436.3831482536449
0.98,1.71,1.87,1.48,0.0,0.0,434.478,1.9051482536448665,436.3831482536449
0.98,1.71,1.87,2.21,0.0,0.0,434.478,1.9051482536448665,436.3831482536449
0.98,1.71,1.93,2.21,0.0,0.0,434.478,1.9051482536448665,436.3831482536449
0.98,1.71,1.93,3.46,0.0,0.0,434.478,1.9051482536448665,436.3831482536449
0.98,1.71,2.0,3.46,0.0,0.0,434.478,1.9051482536448665,436.3831482536449
0.98,1.71,2.0,0.77,0.0,0.0,434.478,1.9051482536448665,436.3831482536449
0.98,1.71,1.81,0.77,0.0,0.0,434.478,1.9051482536448665,436.3831482536449
0.98,1.71,1.81,3.86,0.0,0.0,434.478,1.9051482536448665,436.3831482536449
0.98,1.71,2.21,3.86,0.0,0.0,434.478,1.9051482536448665,436.3831482536449
0.98,1.71,2.21,0.51,0.0,0.0,434.478,1.9051482536448665,436.3831482536449
0.98,1.71,2.97,0.51,0.0,0.0,434.478,1.9051482536448665,436.3831482536449
0.98,1.71,2.97,3.93,0.0,0.0,434.478,1.9051482536448665,436.3831482536449
0.98,1.71,0.0,3.93,0.0,0.0,434.478,1.9051482536448665,436.3831482536449
0.98,1.71,0.0,2.04,0.0,0.0,434.478,1.9051482536448665,436.3831482536449
0.98,1.71,2.31,2.04,0.0,0.0,434.478,1.9051482536448665,436.3831482536449
0.98,1.71,2.31,3.66,0.0,0.0,434.478,1.9051482536448665,436.3831482536449
0.98,1.71,1.36,3.66,0.0,0.0,434.478,1.9051482536448665,436.3831482536449
0.98,1.71,1.36,3.13,0.0,0.0,434.478,1.9051482536448665,436.3831482536449
0.98,1.71,1.0,3.13,0.0,0.0,434.478,1.9051482536448665,436.3831482536449
0.98,1.71,1.0,2.27,0.0,0.0,434.478,1.9051482536448665,436.3831482536449
0.98,1.71,2.73,2.27,0.0,0.0,434.478,1.9051482536448665,436.3831482536449
0.98,1.71,2.73,2.79,0.0,0.0,434.478,1.9051482536448665,436.3831482536449
0.98,1.71,1.56,2.79,0.0,0.0,434.478,1.9051482536448665,436.3831482536449
0.98,1.71,1.56,0.85,0.0,0.0,434.478,1.9051482536448665,436.3831482536449
0.98,1.71,0.98,0.85,0.0,0.0,434.478,1.9051482536448665,436.3831482536449
0.98,1.71,0.98,1.98,0.0,0.0,434.478,1.9051482536448665,436.3831482536449
0.98,1.71,0.09,1.98,0.0,0.0,434.478,1.9051482536448665,436.3831482536449
0.98,1.71,0.09,1.17,0.0,0.0,434.478,1.9051482536448665,436.3831482536449
0.98,1.71,1.32,1.17,0.0,0.0,434.478,1.9051482536448665,436.3831482536449
0.98,1.71,1.32,1.78,0.0,0.0,434.478,1.9051482536448665,436.3831482536449
0.98,1.71,0.75,1.78,0.0,0.0,434.478,1.9051482536448665,436.3831482536449
0.98,1.71,0.75,1.74,0.0,0.0,434.478,1.9051482536448665,436.3831482536449
0.98,1.71,0.29,1.74,0.0,0.0,434.478,1.9051482536448665,436.3831482536449
0.98,1.71,0.29,3.04,0.0,0.0,434.478,1.9051482536448665,436.3831482536449
0.98,1.71,0.3,3.04,0.0,0.0,434.478,1.9051482536448665,436.3831482536449
0.98,1.71,0.3,2.45,0.0,0.0,434.478,1.9051482536448665,436.3831482536449
0.98,1.71,2.5,2.45,0.0,0.0,434.478,1.9051482536448665,436.3831482536449
0.98,1.71,2.5,3.86,0.0,0.0,434.478,1.9051482536448665,436.3831482536449
0.98,1.71,0.15,3.86,0.0,0.0,434.478,1.9051482536448665,436.3831482536449
0.98,1.71,0.15,1.2,0.0,0.0,434.478,1.9051482536448665,436.3831482536449
0.98,1.71,1.86,1.2,0.0,0.0,434.478,1.9051482536448665,436.3831482536449
0.98,1.71,1.86,1.5,0.0,0.0,434.478,1.9051482536448665,436.3831482536449
0.98,1.71,1.68,1.5,0.0,0.0,434.478,1.9051482536448665,436.3831482536449
0.98,1.71,1.68,0.23,0.0,0.0,434.478,1.9051482536448665,436.3831482536449
0.98,1.71,0.24,0.23,0.0,0.0,434.478,1.9051482536448665,436.3831482536449
0.98,1.71,0.24,1.4,0.0,0.0,434.478,1.9051482536448665,436.3831482536449
0.98,1.71,1.6,1.4,0.0,0.0,434.478,1.9051482536448665,436.3831482536449
0.98,1.71,1.6,0.62,0.0,0.0,434.478,1.9051482536448665,436.3831482536449
0.98,1.71,0.25,0.62,0.0,0.0,434.478,1.9051482536448665,436.3831482536449
0.98,1.71,0.25,0.68,0.0,0.0,434.478,1.9051482536448665,436.3831482536449
0.98,1.71,1.25,0.68,0.0,0.0,434.478,1.9051482536448665,436.3831482536449
0.98,1.71,1.25,1.29,0.0,0.0,434.478,1.9051482536448665,436.3831482536449
0.98,1.71,0.83,1.29,0.0,0.0,434.478,1.9051482536448665,436.3831482536449
0.98,1.71,0.83,1.51,0.0,0.0,434.478,1.9051482536448665,436.3831482536449
0.98,1.71,0.82,1.51,0.0,0.0,434.478,1.9051482536448665,436.3831482536449
0.98,1.71,0.82,3.71,0.0,0.0,434.478,1.9051482536448665,436.3831482536449
0.98,1.71,0.56,3.71,0.0,0.0,434.478,1.9051482536448665,436.3831482536449
0.98,1.71,0.56,1.87,0.0,0.0,434.478,1.9051482536448665,436.3831482536449
0.98,1.71,2.27,1.87,0.0,0.0,434.478,1.9051482536448665,436.3831482536449
0.98,1.71,2.27,0.84,0.0,0.0,434.478,1.9051482536448665,436.3831482536449
0.98,1.71,2.32,0.84,0.0,0.0,434.478,1.9051482536448665,436.3831482536449
0.98,1.71,2.32,0.48,0.0,0.0,434.478,1.9051482536448665,436.3831482536449
0.98,1.71,2.47,0.48,0.0,0.0,434.478,1.9051482536448665,436.3831482536449
0.98,1.71,2.47,0.02,0.0,0.0,434.478,1.9051482536448665,436.3831482536449
0.98,1.71,2.83,0.02,0.0,0.0,434.478,1.9051482536448665,436.3831482536449
0.98,1.71,2.83,3.65,0.0,0.0,434.478,1.9051482536448665,436.3831482536449
0.98,1.71,2.06,3.65,0.0,0.0,434.478,1.9051482536448665,436.3831482536449
0.98,1.71,2.06,3.5,0.0,0.0,434.478,1.9051482536448665,436.3831482536449
0.98,1.71,0.27,3.5,0.0,0.0,434.478,1.9051482536448665,436.3831482536449
0.98,1.71,0.27,0.14,0.0,0.0,434.478,1.9051482536448665,436.3831482536449
0.98,1.71,0.67,0.14,0.0,0.0,434.478,1.9051482536448665,436.3831482536449
0.98,1.71,0.67,2.11,0.0,0.0,434.478,1.9051482536448665,436.3831482536449
0.98,1.71,1.58,2.11,0.0,0.0,434.478,1.9051482536448665,436.3831482536449
0.98,1.71,1.58,0.34,0.0,0.0,434.478,1.9051482536448665,436.3831482536449
0.98,1.71,2.32,0.34,0.0,0.0,434.478,1.9051482536448665,436.3831482536449
0.98,1.71,2.32,1.95,0.0,0.0,434.478,1.9051482536448665,436.3831482536449
0.98,1.71,0.72,1.95,0.0,0.0,434.478,1.9051482536448665,436.3831482536449
0.98,1.71,0.72,3.52,0.0,0.0,434.478,1.9051482536448665,436.3831482536449
0.98,1.71,1.87,3.52,0.0,0.0,434.478,1.9051482536448665,436.3831482536449
0.98,1.71,1.87,2.25,0.0,0.0,434.478,1.9051482536448665,436.3831482536449
0.98,1.71,0.67,2.25,0.0,0.0,434.478,1.9051482536448665,436.3831482536449
0.98,1.71,0.67,0.91,0.0,0.0,434.478,1.9051482536448665,436.3831482536449
0.98,1.71,0.78,0.91,0.0,0.0,434.478,1.9051482536448665,436.3831482536449
0.98,1.71,0.78,1.93,0.0,0.0,434.478,1.9051482536448665,436.3831482536449
0.98,1.71,1.36,1.93,0.0,0.0,434.478,1.9051482536448665,436.3831482536449
0.98,1.71,1.36,3.76,0.0,0.0,434.478,1.9051482536448665,436.3831482536449
0.98,1.71,2.33,3.76,0.0,0.0,434.478,1.9051482536448665,436.3831482536449
0.98,1.71,2.33,2.9,0.0,0.0,434.478,1.9051482536448665,436.3831482536449
0.98,1.71,0.12,2.9,0.0,0.0,434.478,1.9051482536448665,436.3831482536449
0.98,1.71,0.12,0.41,0.0,0.0,434.478,1.9051482536448665,436.3831482536449
0.98,1.71,1.09,0.41,0.0,0.0,434.478,1.9051482536448665,436.3831482536449
0.98,1.71,1.09,2.82,0.0,0.0,434.478,1.9051482536448665,436.3831482536449
0.98,1.71,1.56,2.82,0.0,0.0,434.478,1.9051482536448665,436.3831482536449
0.98,1.71,1.56,3.98,0.0,0.0,434.478,1.9051482536448665,436.3831482536449
0.98,1.71,0.37,3.98,0.0,0.0,434.478,1.9051482536448665,436.3831482536449
0.98,1.71,0.37,1.79,0.0,0.0,434.478,1.9051482536448665,436.3831482536449
0.98,1.71,1.29,1.79,0.0,0.0,434.478,1.9051482536448665,436.3831482536449
0.98,1.71,1.29,1.46,0.0,0.0,434.478,1.9051482536448665,436.3831482536449
0.98,1.71,1.91,1.46,0.0,0.0,434.478,1.9051482536448665,436.3831482536449
0.98,1.71,1.91,2.07,0.0,0.0,434.478,1.9051482536448665,436.3831482536449
0.98,1.71,0.86,2.07,0.0,0.0,434.478,1.9051482536448665,436.3831482536449
0.98,1.71,0.86,3.48,0.0,0.0,434.478,1.9051482536448665,436.3831482536449
0.98,1.71,1.09,3.48,0.0,0.0,434.478,1.9051482536448665,436.3831482536449
0.98,1.71,1.09,1.42,0.0,0.0,434.478,1.9051482536448665,436.3831482536449
0.98,1.71,1.37,1.42,0.0,0.0,434.478,1.9051482536448665,436.3831482536449
0.98,1.71,1.37,3.33,0.0,0.0,434.478,1.9051482536448665,436.3831482536449
0.98,1.71,2.87,3.33,0.0,0.0,434.478,1.9051482536448665,436.3831482536449
0.98,1.71,2.87,3.46,0.0,0.0,434.478,1.9051482536448665,436.3831482536449
0.98,1.71,0.1,3.46,0.0,0.0,434.478,1.9051482536448665,436.3831482536449
0.98,1.71,0.1,2.54,0.0,0.0,434.478,1.9051482536448665,436.3831482536449
0.98,1.71,1.69,2.54,0.0,0.0,434.478,1.9051482536448665,436.3831482536449
0.98,1.71,1.69,1.5,0.0,0.0,434.478,1.9051482536448665,436.3831482536449
0.98,1.71,2.21,1.5,0.0,0.0,434.478,1.9051482536448665,436.3831482536449
0.98,1.71,2.21,1.74,0.0,0.0,434.478,1.9051482536448665,436.3831482536449
0.98,1.71,0.82,1.74,0.0,0.0,434.478,1.9051482536448665,436.3831482536449
0.98,1.71,0.82,0.9,0.0,0.0,434.478,1.9051482536448665,436.3831482536449
0.98,1.71,0.31,0.9,0.0,0.0,434.478,1.9051482536448665,436.3831482536449
0.98,1.71,0.31,0.8,0.0,0.0,434.478,1.9051482536448665,436.3831482536449
0.98,1.71,0.67,0.8,0.0,0.0,434.478,1.9051482536448665,436.3831482536449
0.98,1.71,0.67,3.04,0.0,0.0,434.478,1.9051482536448665,436.3831482536449
0.98,1.71,0.6,3.04,0.0,0.0,434.478,1.9051482536448665,436.3831482536449
0.98,1.71,0.6,0.42,0.0,0.0,434.478,1.9051482536448665,436.3831482536449
0.98,1.71,1.18,0.42,0.0,0.0,434.478,1.9051482536448665,436.3831482536449
0.98,1.71,1.18,1.44,0.0,0.0,434.478,1.9051482536448665,436.3831482536449
0.98,1.71,0.44,1.44,0.0,0.0,434.478,1.9051482536448665,436.3831482536449
0.98,1.71,0.44,0.79,0.0,0.0,434.478,1.9051482536448665,436.3831482536449
0.98,1.71,2.94,0.79,0.0,0.0,434.478,1.9051482536448665,436.3831482536449
0.98,1.71,2.94,3.86,0.0,0.0,434.478,1.9051482536448665,436.3831482536449
0.98,1.71,2.36,3.86,0.0,0.0,434.478,1.9051482536448665,436.3831482536449
0.98,1.71,2.36,0.92,0.0,0.0,434.478,1.9051482536448665,436.3831482536449
0.98,1.71,1.56,0.92,0.0,0.0,434.478,1.9051482536448665,436.3831482536449
0.98,1.71,1.56,0.81,0.0,0.0,434.478,1.9051482536448665,436.3831482536449
0.98,1.71,0.64,0.81,0.0,0.0,434.478,1.9051482536448665,436.3831482536449
0.98,1.71,0.64,3.84,0.0,0.0,434.478,1.9051482536448665,436.3831482536449
0.98,1.71,0.58,3.84,0.0,0.0,434.478,1.9051482536448665,436.3831482536449
0.98,1.71,0.58,3.7,0.0,0.0,434.478,1.9051482536448665,436.3831482536449
0.98,1.71,1.8,3.7,0.0,0.0,434.478,1.9051482536448665,436.3831482536449
0.98,1.71,1.8,3.9,0.0,0.0,434.478,1.9051482536448665,436.3831482536449
0.98,1.71,2.94,3.9,0.0,0.0,434.478,1.9051482536448665,436.3831482536449
0.98,1.71,2.94,0.31,0.0,0.0,434.478,1.9051482536448665,436.3831482536449
0.98,1.71,0.23,0.31,0.0,0.0,434.478,1.9051482536448665,436.3831482536449
0.98,1.71,0.23,2.82,0.0,0.0,434.478,1.9051482536448665,436.3831482536449
0.98,1.71,2.77,2.82,0.0,0.0,434.478,1.9051482536448665,436.3831482536449
0.98,1.71,2.77,2.72,0.0,0.0,434.478,1.9051482536448665,436.3831482536449
0.98,1.71,2.87,2.72,0.0,0.0,434.478,1.9051482536448665,436.3831482536449
0.98,1.71,2.87,2.01,0.0,0.0,434.478,1.9051482536448665,436.3831482536449
0.98,1.71,1.7,2.01,0.0,0.0,434.478,1.9051482536448665,436.3831482536449
0.98,1.71,1.7,3.19,0.0,0.0,434.478,1.9051482536448665,436.3831482536449
0.98,1.71,1.44,3.19,0.0,0.0,434.478,1.9051482536448665,436.3831482536449
0.98,1.71,1.44,1.17,0.0,0.0,434.478,1.9051482536448665,436.3831482536449
0.98,1.71,2.74,1.17,0.0,0.0,434.478,1.9051482536448665,436.3831482536449
0.98,1.71,2.74,2.74,0.0,0.0,434.478,1.9051482536448665,436.3831482536449
0.98,1.71,1.82,2.74,0.0,0.0,434.478,1.9051482536448665,436.3831482536449
0.98,1.71,1.82,2.53,0.0,0.0,434.478,1.9051482536448665,436.3831482536449
0.98,1.71,1.45,2.53,0.0,0.0,434.478,1.9051482536448665,436.3831482536449
0.98,1.71,1.45,0.69,0.0,0.0,434.478,1.9051482536448665,436.3831482536449
0.98,1.71,1.96,0.69,0.0,0.0,434.478,1.9051482536448665,436.3831482536449
0.98,1.71,1.96,3.62,0.0,0.0,434.478,1.9051482536448665,436.3831482536449
0.98,1.71,0.08,3.62,0.0,0.0,434.478,1.9051482536448665,436.3831482536449
0.98,1.71,0.08,0.51,0.0,0.0,434.478,1.9051482536448665,436.3831482536449
0.98,1.71,2.67,0.51,0.0,0.0,434.478,1.9051482536448665,436.3831482536449
0.98,1.71,2.67,1.6,0.0,0.0,434.478,1.9051482536448665,436.3831482536449
0.98,1.71,0.25,1.6,0.0,0.0,434.478,1.9051482536448665,436.3831482536449
0.98,1.71,0.25,3.79,0.0,0.0,434.478,1.9051482536448665,436.3831482536449
0.98,1.71,2.08,3.79,0.0,0.0,434.478,1.9051482536448665,436.3831482536449
0.98,1.71,2.08,3.23,0.0,0.0,434.478,1.9051482536448665,436.3831482536449
0.98,1.71,0.08,3.23,0.0,0.0,434.478,1.9051482536448665,436.3831482536449
0.98,1.71,0.08,1.87,0.0,0.0,434.478,1.9051482536448665,436.3831482536449
0.98,1.71,1.19,1.87,0.0,0.0,434.478,1.9051482536448665,436.3831482536449
0.98,1.71,1.19,1.73,0.0,0.0,434.478,1.9051482536448665,436.3831482536449
0.98,1.71,2.05,1.73,0.0,0.0,434.478,1.9051482536448665,436.3831482536449
0.98,1.71,2.05,0.98,0.0,0.0,434.478,1.9051482536448665,436.3831482536449
0.98,1.71,1.9,0.98,0.0,0.0,434.478,1.9051482536448665,436.3831482536449
0.98,1.71,1.9,3.41,0.0,0.0,434.478,1.9051482536448665,436.3831482536449
0.98,1.71,2.88,3.41,0.0,0.0,434.478,1.9051482536448665,436.3831482536449
0.98,1.71,2.88,3.97,0.0,0.0,434.478,1.9051482536448665,436.3831482536449
0.98,1.71,2.74,3.97,0.0,0.0,434.478,1.9051482536448665,436.3831482536449
0.98,1.71,2.74,0.09,0.0,0.0,434.478,1.9051482536448665,436.3831482536449
0.98,1.71,1.14,0.09,0.0,0.0,434.478,1.9051482536448665,436.3831482536449
0.98,1.71,1.14,1.01,0.0,0.0,434.478,1.9051482536448665,436.3831482536449
0.98,1.71,1.56,1.01,0.0,0.0,434.478,1.9051482536448665,436.3831482536449
0.98,1.71,1.56,3.19,0.0,0.0,434.478,1.9051482536448665,436.3831482536449
0.98,1.71,1.55,3.19,0.0,0.0,434.478,1.9051482536448665,436.3831482536449
0.98,1.71,1.55,2.87,0.0,0.0,434.478,1.9051482536448665,436.3831482536449
0.98,1.71,1.86,2.87,0.0,0.0,434.478,1.9051482536448665,436.3831482536449
0.98,1.71,1.86,1.76,0.0,0.0,434.478,1.9051482536448665,436.3831482536449
0.98,1.71,1.31,1.76,0.0,0.0,434.478,1.9051482536448665,436.3831482536449
0.98,1.71,1.31,1.48,0.0,0.0,434.478,1.9051482536448665,436.3831482536449
0.98,1.71,2.55,1.48,0.0,0.0,434.478,1.9051482536448665,436.3831482536449
0.98,1.71,2.55,1.09,0.0,0.0,434.478,1.9051482536448665,436.3831482536449
0.98,1.71,1.64,1.09,0.0,0.0,434.478,1.9051482536448665,436.3831482536449
0.98,1.71,1.64,1.61,0.0,0.0,434.478,1.9051482536448665,436.3831482536449
0.98,1.71,1.09,1.61,0.0,0.0,434.478,1.9051482536448665,436.3831482536449
0.98,1.71,1.09,3.0,0.0,0.0,434.478,1.9051482536448665,436.3831482536449
0.98,1.71,2.43,3.0,0.0,0.0,434.478,1.9051482536448665,436.3831482536449
0.98,1.71,2.43,3.48,0.0,0.0,434.478,1.9051482536448665,436.3831482536449
0.98,1.71,1.76,3.48,0.0,0.0,434.478,1.9051482536448665,436.3831482536449
0.98,1.71,1.76,2.48,0.0,0.0,434.478,1.9051482536448665,436.3831482536449
0.98,1.71,1.68,2.48,0.0,0.0,434.478,1.9051482536448665,436.3831482536449
0.98,1.71,1.68,0.15,0.0,0.0,434.478,1.9051482536448665,436.3831482536449
0.98,1.71,0.12,0.15,0.0,0.0,434.478,1.9051482536448665,436.3831482536449
0.98,1.71,0.12,0.24,0.0,0.0,434.478,1.9051482536448665,436.3831482536449
0.98,1.71,2.69,0.24,0.0,0.0,434.478,1.9051482536448665,436.3831482536449
0.98,1.71,2.69,2.69,0.0,0.0,434.478,1.9051482536448665,436.3831482536449
0.98,1.71,0.88,2.69,0.0,0.0,434.478,1.9051482536448665,436.3831482536449
0.98,1.71,0.88,0.03,0.0,0.0,434.478,1.9051482536448665,436.3831482536449
0.98,1.71,0.25,0.03,0.0,0.0,434.478,1.9051482536448665,436.3831482536449
0.98,1.71,0.25,2.13,0.0,0.0,434.478,1.9051482536448665,436.3831482536449
0.98,1.71,2.04,2.13,0.0,0.0,434.478,1.9051482536448665,436.3831482536449
0.98,1.71,2.04,2.29,0.0,0.0,434.478,1.9051482536448665,436.3831482536449
0.98,1.71,2.34,2.29,0.0,0.0,434.478,1.9051482536448665,436.3831482536449
0.98,1.71,2.34,3.17,0.0,0.0,434.478,1.9051482536448665,436.3831482536449
0.98,1.71,2.27,3.17,0.0,0.0,434.478,1.9051482536448665,436.3831482536449
0.98,1.71,2.27,3.07,0.0,0.0,434.478,1.9051482536448665,436.3831482536449
0.98,1.71,2.65,3.07,0.0,0.0,434.478,1.9051482536448665,436.3831482536449
0.98,1.71,2.65,2.3,0.0,0.0,434.478,1.9051482536448665,436.3831482536449
0.98,1.71,2.08,2.3,0.0,0.0,434.478,1.9051482536448665,436.3831482536449
0.98,1.71,2.08,3.27,0.0,0.0,434.478,1.9051482536448665,436.3831482536449
0.98,1.71,2.04,3.27,0.0,0.0,434.478,1.9051482536448665,436.3831482536449
0.98,1.71,2.04,3.72,0.0,0.0,434.478,1.9051482536448665,436.3831482536449
0.98,1.71,0.37,3.72,0.0,0.0,434.478,1.9051482536448665,436.3831482536449
0.98,1.71,0.37,0.07,0.0,0.0,434.478,1.9051482536448665,436.3831482536449
0.98,1.71,0.4,0.07,0.0,0.0,434.478,1.9051482536448665,436.3831482536449
0.98,1.71,0.4,3.84,0.0,0.0,434.478,1.9051482536448665,436.3831482536449
0.98,1.71,2.09,3.84,0.0,0.0,434.478,1.9051482536448665,436.3831482536449
0.98,1.71,2.09,3.9,0.0,0.0,434.478,1.9051482536448665,436.3831482536449
0.98,1.71,2.25,3.9,0.0,0.0,434.478,1.9051482536448665,436.3831482536449
0.98,1.71,2.25,1.95,0.0,0.0,434.478,1.9051482536448665,436.3831482536449
0.98,1.71,1.39,1.95,0.0,0.0,434.478,1.9051482536448665,436.3831482536449
0.98,1.71,1.39,3.58,0.0,0.0,434.478,1.9051482536448665,436.3831482536449
0.98,1.71,1.47,3.58,0.0,0.0,434.478,1.9051482536448665,436.3831482536449
0.98,1.71,1.47,0.7,0.0,0.0,434.478,1.9051482536448665,436.3831482536449
