S,P,D,F,r_core_flag,rcore,Sscore,Pscore,Dscore,Fscore,Score
0.30,0.40,1.50,2.50,0.00,0.00,0.00565,0.00578,0.00008,0.00000,0.002877272
0.32,0.40,1.50,2.50,0.00,0.00,0.00565,0.00578,0.00008,0.00000,0.002877272
0.30,0.42,1.50,2.50,0.00,0.00,0.00565,0.00578,0.00008,0.00000,0.002877272
0.30,0.40,1.58,2.50,0.00,0.00,0.00563,0.00574,0.00008,0.00000,0.002861872
0.31,0.38,1.55,2.50,0.00,0.00,0.00563,0.00575,0.00008,0.00000,0.002866770
0.29,0.39,1.58,2.50,0.00,0.00,0.00563,0.00574,0.00008,0.00000,0.002861872
0.30,0.38,1.64,2.50,0.00,0.00,0.00560,0.00569,0.00008,0.00000,0.002842405
0.30,0.37,1.71,2.50,0.00,0.00,0.00554,0.00560,0.00007,0.00000,0.002804060
0.29,0.39,1.69,2.50,0.00,0.00,0.00556,0.00563,0.00007,0.00000,0.002815080
0.30,0.38,1.74,2.50,0.00,0.00,0.00553,0.00557,0.00007,0.00000,0.002792172
0.30,0.38,1.81,2.50,0.00,0.00,0.00546,0.00547,0.00007,0.00000,0.002750717
0.29,0.36,1.90,2.50,0.00,0.00,0.00536,0.00529,0.00007,0.00000,0.002678330
0.29,0.34,2.06,2.50,0.00,0.00,0.00512,0.00490,0.00007,0.00000,0.002523427
0.31,0.34,2.03,2.50,0.00,0.00,0.00517,0.00497,0.00007,0.00000,0.002553790
0.30,0.34,2.23,2.50,0.00,0.00,0.00471,0.00420,0.00008,0.00000,0.002248295
0.30,0.32,2.49,2.50,0.00,0.00,0.00383,0.00279,0.00020,0.00000,0.001706410
0.30,0.28,2.57,2.50,0.00,0.00,0.00356,0.00250,0.00024,0.00000,0.001577385
0.30,0.23,2.96,2.50,0.00,0.00,0.00204,0.00218,0.00060,0.00000,0.001202045
0.28,0.26,2.98,2.50,0.00,0.00,0.00188,0.00266,0.00064,0.00000,0.001294880
0.30,0.20,3.50,2.50,0.00,0.00,0.00549,0.01232,0.00153,0.00000,0.004837140
0.29,0.30,2.43,2.50,0.00,0.00,0.00407,0.00313,0.00017,0.00000,0.001839435
0.30,0.24,3.18,2.50,0.00,0.00,0.00168,0.00557,0.00091,0.00000,0.002037610
0.29,0.29,2.62,2.50,0.00,0.00,0.00326,0.00218,0.00029,0.00000,0.001431250
0.28,0.20,3.22,2.50,0.00,0.00,0.00206,0.00625,0.00097,0.00000,0.002321950
0.30,0.29,2.67,2.50,0.00,0.00,0.00309,0.00200,0.00032,0.00000,0.001351235
0.29,0.23,3.11,2.50,0.00,0.00,0.00160,0.00430,0.00079,0.00000,0.001672873
0.29,0.27,2.74,2.50,0.00,0.00,0.00284,0.00161,0.00038,0.00000,0.001208645
0.29,0.22,3.11,2.50,0.00,0.00,0.00160,0.00430,0.00079,0.00000,0.001672873
0.30,0.27,2.78,2.50,0.00,0.00,0.00272,0.00158,0.00041,0.00000,0.001177258
0.31,0.26,2.68,2.50,0.00,0.00,0.00309,0.00200,0.00032,0.00000,0.001351235
0.29,0.26,2.90,2.50,0.00,0.00,0.00219,0.00173,0.00056,0.00000,0.001118025
0.30,0.23,3.01,2.50,0.00,0.00,0.00171,0.00318,0.00069,0.00000,0.001393597
0.29,0.26,2.81,2.50,0.00,0.00,0.00260,0.00160,0.00044,0.00000,0.001160188
0.29,0.30,2.71,2.50,0.00,0.00,0.00295,0.00181,0.00035,0.00000,0.001278545
0.30,0.25,2.89,2.50,0.00,0.00,0.00219,0.00173,0.00056,0.00000,0.001118025
0.29,0.24,2.96,2.50,0.00,0.00,0.00204,0.00218,0.00060,0.00000,0.001202045
0.29,0.26,2.82,2.50,0.00,0.00,0.00247,0.00162,0.00048,0.00000,0.001142760
0.29,0.25,2.93,2.50,0.00,0.00,0.00204,0.00218,0.00060,0.00000,0.001202045
0.29,0.26,2.84,2.50,0.00,0.00,0.00247,0.00162,0.00048,0.00000,0.001142760
0.29,0.25,2.90,2.50,0.00,0.00,0.00219,0.00173,0.00056,0.00000,0.001118025
0.29,0.24,2.97,2.50,0.00,0.00,0.00188,0.00266,0.00064,0.00000,0.001294880
0.29,0.26,2.86,2.50,0.00,0.00,0.00233,0.00165,0.00052,0.00000,0.001125040
0.29,0.25,2.94,2.50,0.00,0.00,0.00204,0.00218,0.00060,0.00000,0.001202045
0.29,0.26,2.88,2.50,0.00,0.00,0.00233,0.00165,0.00052,0.00000,0.001125040
0.29,0.25,2.90,2.50,0.00,0.00,0.00219,0.00173,0.00056,0.00000,0.001118025
0.29,0.26,2.90,2.50,0.00,0.00,0.00219,0.00173,0.00056,0.00000,0.001118025
0.29,0.26,2.88,2.50,0.00,0.00,0.00233,0.00165,0.00052,0.00000,0.001125040
0.29,0.25,2.92,2.50,0.00,0.00,0.00219,0.00173,0.00056,0.00000,0.001118025
0.29,0.25,2.91,2.50,0.00,0.00,0.00219,0.00173,0.00056,0.00000,0.001118025
0.29,0.26,2.89,2.50,0.00,0.00,0.00219,0.00173,0.00056,0.00000,0.001118025
0.29,0.26,2.90,2.50,0.00,0.00,0.00219,0.00173,0.00056,0.00000,0.001118025
0.29,0.26,2.90,2.50,0.00,0.00,0.00219,0.00173,0.00056,0.00000,0.001118025
0.29,0.26,2.90,2.50,0.00,0.00,0.00219,0.00173,0.00056,0.00000,0.001118025
0.29,0.26,2.91,2.50,0.00,0.00,0.00219,0.00173,0.00056,0.00000,0.001118025
0.29,0.26,2.90,2.50,0.00,0.00,0.00219,0.00173,0.00056,0.00000,0.001118025
0.29,0.26,2.90,2.50,0.00,0.00,0.00219,0.00173,0.00056,0.00000,0.001118025
0.29,0.26,2.90,2.50,0.00,0.00,0.00219,0.00173,0.00056,0.00000,0.001118025
0.29,0.26,2.90,2.50,0.00,0.00,0.00219,0.00173,0.00056,0.00000,0.001118025
0.29,0.26,2.90,2.50,0.00,0.00,0.00219,0.00173,0.00056,0.00000,0.001118025
0.29,0.26,2.90,2.50,0.00,0.00,0.00219,0.00173,0.00056,0.00000,0.001118025
0.29,0.26,2.90,2.50,0.00,0.00,0.00219,0.00173,0.00056,0.00000,0.001118025
0.29,0.26,2.90,2.50,0.00,0.00,0.00219,0.00173,0.00056,0.00000,0.001118025
0.29,0.26,2.90,2.50,0.00,0.00,0.00219,0.00173,0.00056,0.00000,0.001118025
0.29,0.26,2.90,2.50,0.00,0.00,0.00219,0.00173,0.00056,0.00000,0.001118025
0.29,0.26,2.90,2.50,0.00,0.00,0.00219,0.00173,0.00056,0.00000,0.001118025
0.29,0.26,2.90,2.50,0.00,0.00,0.00219,0.00173,0.00056,0.00000,0.001118025
0.29,0.26,2.90,2.50,0.00,0.00,0.00219,0.00173,0.00056,0.00000,0.001118025
0.29,0.26,2.90,2.50,0.00,0.00,0.00219,0.00173,0.00056,0.00000,0.001118025
0.29,0.26,2.90,2.50,0.00,0.00,0.00219,0.00173,0.00056,0.00000,0.001118025
0.30,0.40,1.50,2.50,0.00,0.00,0.00565,0.00578,0.00008,0.00000,0.002877272
3.80,0.40,1.50,2.50,0.00,0.00,0.03780,0.02932,0.00053,0.00000,0.016913703
0.30,3.90,1.50,2.50,0.00,0.00,0.00538,0.00730,0.00017,0.00000,0.003213895
0.30,0.40,5.00,2.50,0.00,0.00,0.03885,0.07203,0.00721,0.00000,0.029523460
0.00,0.00,0.00,2.50,0.00,0.00,0.55356,1.05530,0.01843,0.00000,0.406821845
0.29,0.40,2.37,2.50,0.00,0.00,0.00428,0.00348,0.00013,0.00000,0.001973245
1.14,0.21,2.39,2.50,0.00,0.00,0.02417,0.00421,0.00024,0.00000,0.007155682
0.48,1.25,2.38,2.50,0.00,0.00,0.02003,0.00350,0.00073,0.00000,0.006065507
0.00,0.08,2.46,2.50,0.00,0.00,0.00395,0.00294,0.00018,0.00000,0.001769302
-0.00,0.30,2.51,2.50,0.00,0.00,0.00383,0.00279,0.00020,0.00000,0.001706410
0.05,0.27,2.61,2.50,0.00,0.00,0.00341,0.00235,0.00027,0.00000,0.001507255
0.06,0.26,2.82,2.50,0.00,0.00,0.00247,0.00162,0.00048,0.00000,0.001142760
0.17,0.25,3.02,2.50,0.00,0.00,0.00171,0.00318,0.00069,0.00000,0.001393597
0.00,0.38,2.99,2.50,0.00,0.00,0.00188,0.00266,0.00064,0.00000,0.001294880
0.00,0.17,2.84,2.50,0.00,0.00,0.00247,0.00162,0.00048,0.00000,0.001142760
0.04,0.26,2.77,2.50,0.00,0.00,0.00272,0.00158,0.00041,0.00000,0.001177258
0.08,0.24,2.82,2.50,0.00,0.00,0.00247,0.00162,0.00048,0.00000,0.001142760
0.08,0.25,2.88,2.50,0.00,0.00,0.00233,0.00165,0.00052,0.00000,0.001125040
0.10,0.25,2.93,2.50,0.00,0.00,0.00204,0.00218,0.00060,0.00000,0.001202045
0.07,0.23,2.88,2.50,0.00,0.00,0.00233,0.00165,0.00052,0.00000,0.001125040
0.10,0.25,2.93,2.50,0.00,0.00,0.00204,0.00218,0.00060,0.00000,0.001202045
0.09,0.25,2.90,2.50,0.00,0.00,0.00219,0.00173,0.00056,0.00000,0.001118025
0.09,0.26,2.93,2.50,0.00,0.00,0.00204,0.00218,0.00060,0.00000,0.001202045
0.11,0.24,2.89,2.50,0.00,0.00,0.00219,0.00173,0.00056,0.00000,0.001118025
0.10,0.25,2.91,2.50,0.00,0.00,0.00219,0.00173,0.00056,0.00000,0.001118025
0.10,0.26,2.90,2.50,0.00,0.00,0.00219,0.00173,0.00056,0.00000,0.001118025
0.10,0.25,2.90,2.50,0.00,0.00,0.00219,0.00173,0.00056,0.00000,0.001118025
0.09,0.25,2.90,2.50,0.00,0.00,0.00219,0.00173,0.00056,0.00000,0.001118025
0.09,0.25,2.90,2.50,0.00,0.00,0.00219,0.00173,0.00056,0.00000,0.001118025
0.09,0.25,2.90,2.50,0.00,0.00,0.00219,0.00173,0.00056,0.00000,0.001118025
0.30,0.70,1.50,2.50,0.00,0.00,0.00565,0.00578,0.00008,0.00000,0.002877272
0.32,0.70,1.50,2.50,0.00,0.00,0.00565,0.00578,0.00008,0.00000,0.002877272
0.30,0.70,1.58,2.50,0.00,0.00,0.00563,0.00574,0.00008,0.00000,0.002861872
0.31,0.66,1.55,2.50,0.00,0.00,0.00563,0.00575,0.00008,0.00000,0.002866770
0.29,0.68,1.58,2.50,0.00,0.00,0.00563,0.00574,0.00008,0.00000,0.002861872
0.30,0.66,1.64,2.50,0.00,0.00,0.00560,0.00569,0.00008,0.00000,0.002842405
0.30,0.64,1.71,2.50,0.00,0.00,0.00554,0.00560,0.00007,0.00000,0.002804060
0.29,0.68,1.69,2.50,0.00,0.00,0.00556,0.00563,0.00007,0.00000,0.002815080
0.30,0.67,1.74,2.50,0.00,0.00,0.00553,0.00557,0.00007,0.00000,0.002792172
0.30,0.67,1.81,2.50,0.00,0.00,0.00546,0.00547,0.00007,0.00000,0.002750717
0.29,0.63,1.90,2.50,0.00,0.00,0.00536,0.00529,0.00007,0.00000,0.002678330
0.29,0.59,2.06,2.50,0.00,0.00,0.00512,0.00490,0.00007,0.00000,0.002523427
0.31,0.59,2.03,2.50,0.00,0.00,0.00517,0.00497,0.00007,0.00000,0.002553790
0.30,0.59,2.23,2.50,0.00,0.00,0.00471,0.00420,0.00008,0.00000,0.002248295
0.30,0.56,2.49,2.50,0.00,0.00,0.00383,0.00279,0.00020,0.00000,0.001706410
0.30,0.49,2.57,2.50,0.00,0.00,0.00356,0.00250,0.00024,0.00000,0.001577385
0.30,0.40,2.96,2.50,0.00,0.00,0.00204,0.00218,0.00060,0.00000,0.001202045
0.28,0.45,2.98,2.50,0.00,0.00,0.00188,0.00266,0.00064,0.00000,0.001294880
0.30,0.36,3.50,2.50,0.00,0.00,0.00549,0.01232,0.00153,0.00000,0.004837140
0.29,0.53,2.43,2.50,0.00,0.00,0.00407,0.00313,0.00017,0.00000,0.001839435
0.30,0.41,3.18,2.50,0.00,0.00,0.00168,0.00557,0.00091,0.00000,0.002037610
0.29,0.50,2.62,2.50,0.00,0.00,0.00326,0.00218,0.00029,0.00000,0.001431250
0.28,0.34,3.22,2.50,0.00,0.00,0.00206,0.00625,0.00097,0.00000,0.002321950
0.30,0.51,2.67,2.50,0.00,0.00,0.00309,0.00200,0.00032,0.00000,0.001351235
0.29,0.41,3.11,2.50,0.00,0.00,0.00160,0.00430,0.00079,0.00000,0.001672873
0.29,0.48,2.74,2.50,0.00,0.00,0.00284,0.00161,0.00038,0.00000,0.001208645
0.29,0.38,3.11,2.50,0.00,0.00,0.00160,0.00430,0.00079,0.00000,0.001672873
0.30,0.48,2.78,2.50,0.00,0.00,0.00272,0.00158,0.00041,0.00000,0.001177258
0.31,0.45,2.68,2.50,0.00,0.00,0.00309,0.00200,0.00032,0.00000,0.001351235
0.29,0.45,2.90,2.50,0.00,0.00,0.00219,0.00173,0.00056,0.00000,0.001118025
0.30,0.41,3.01,2.50,0.00,0.00,0.00171,0.00318,0.00069,0.00000,0.001393597
0.29,0.46,2.81,2.50,0.00,0.00,0.00260,0.00160,0.00044,0.00000,0.001160188
0.29,0.52,2.71,2.50,0.00,0.00,0.00295,0.00181,0.00035,0.00000,0.001278545
0.30,0.43,2.89,2.50,0.00,0.00,0.00219,0.00173,0.00056,0.00000,0.001118025
0.29,0.42,2.96,2.50,0.00,0.00,0.00204,0.00218,0.00060,0.00000,0.001202045
0.29,0.46,2.82,2.50,0.00,0.00,0.00247,0.00162,0.00048,0.00000,0.001142760
0.29,0.44,2.93,2.50,0.00,0.00,0.00204,0.00218,0.00060,0.00000,0.001202045
0.29,0.46,2.84,2.50,0.00,0.00,0.00247,0.00162,0.00048,0.00000,0.001142760
0.29,0.44,2.90,2.50,0.00,0.00,0.00219,0.00173,0.00056,0.00000,0.001118025
0.29,0.42,2.97,2.50,0.00,0.00,0.00188,0.00266,0.00064,0.00000,0.001294880
0.29,0.45,2.86,2.50,0.00,0.00,0.00233,0.00165,0.00052,0.00000,0.001125040
0.29,0.43,2.94,2.50,0.00,0.00,0.00204,0.00218,0.00060,0.00000,0.001202045
0.29,0.45,2.88,2.50,0.00,0.00,0.00233,0.00165,0.00052,0.00000,0.001125040
0.29,0.44,2.90,2.50,0.00,0.00,0.00219,0.00173,0.00056,0.00000,0.001118025
0.29,0.45,2.90,2.50,0.00,0.00,0.00219,0.00173,0.00056,0.00000,0.001118025
0.29,0.45,2.88,2.50,0.00,0.00,0.00233,0.00165,0.00052,0.00000,0.001125040
0.29,0.44,2.92,2.50,0.00,0.00,0.00219,0.00173,0.00056,0.00000,0.001118025
0.29,0.45,2.91,2.50,0.00,0.00,0.00219,0.00173,0.00056,0.00000,0.001118025
0.29,0.45,2.89,2.50,0.00,0.00,0.00219,0.00173,0.00056,0.00000,0.001118025
0.29,0.45,2.90,2.50,0.00,0.00,0.00219,0.00173,0.00056,0.00000,0.001118025
0.29,0.45,2.90,2.50,0.00,0.00,0.00219,0.00173,0.00056,0.00000,0.001118025
0.29,0.45,2.90,2.50,0.00,0.00,0.00219,0.00173,0.00056,0.00000,0.001118025
0.29,0.45,2.91,2.50,0.00,0.00,0.00219,0.00173,0.00056,0.00000,0.001118025
0.29,0.45,2.90,2.50,0.00,0.00,0.00219,0.00173,0.00056,0.00000,0.001118025
0.29,0.45,2.90,2.50,0.00,0.00,0.00219,0.00173,0.00056,0.00000,0.001118025
0.29,0.45,2.90,2.50,0.00,0.00,0.00219,0.00173,0.00056,0.00000,0.001118025
0.29,0.45,2.90,2.50,0.00,0.00,0.00219,0.00173,0.00056,0.00000,0.001118025
0.29,0.45,2.90,2.50,0.00,0.00,0.00219,0.00173,0.00056,0.00000,0.001118025
0.29,0.45,2.90,2.50,0.00,0.00,0.00219,0.00173,0.00056,0.00000,0.001118025
0.29,0.45,2.90,2.50,0.00,0.00,0.00219,0.00173,0.00056,0.00000,0.001118025
0.29,0.45,2.90,2.50,0.00,0.00,0.00219,0.00173,0.00056,0.00000,0.001118025
0.29,0.45,2.90,2.50,0.00,0.00,0.00219,0.00173,0.00056,0.00000,0.001118025
0.29,0.45,2.90,2.50,0.00,0.00,0.00219,0.00173,0.00056,0.00000,0.001118025
0.29,0.45,2.90,2.50,0.00,0.00,0.00219,0.00173,0.00056,0.00000,0.001118025
0.29,0.45,2.90,2.50,0.00,0.00,0.00219,0.00173,0.00056,0.00000,0.001118025
0.29,0.45,2.90,2.50,0.00,0.00,0.00219,0.00173,0.00056,0.00000,0.001118025
0.29,0.45,2.90,2.50,0.00,0.00,0.00219,0.00173,0.00056,0.00000,0.001118025
0.29,0.45,2.90,2.50,0.00,0.00,0.00219,0.00173,0.00056,0.00000,0.001118025
0.30,0.70,1.50,2.50,0.00,0.00,0.00565,0.00578,0.00008,0.00000,0.002877272
3.80,0.70,1.50,2.50,0.00,0.00,0.03780,0.02932,0.00053,0.00000,0.016913703
0.30,4.20,1.50,2.50,0.00,0.00,0.00449,0.01040,0.00036,0.00000,0.003812735
0.30,0.70,5.00,2.50,0.00,0.00,0.03885,0.07203,0.00721,0.00000,0.029523460
0.00,0.00,0.00,2.50,0.00,0.00,0.55356,1.05530,0.01843,0.00000,0.406821845
0.29,1.57,1.49,2.50,0.00,0.00,0.00742,0.00584,0.00009,0.00000,0.003337985
0.00,0.70,2.32,2.50,0.00,0.00,0.00447,0.00380,0.00011,0.00000,0.002092697
0.00,0.68,1.88,2.50,0.00,0.00,0.00539,0.00534,0.00007,0.00000,0.002698455
0.02,0.48,2.33,2.50,0.00,0.00,0.00447,0.00380,0.00011,0.00000,0.002092697
-0.00,0.48,2.33,2.50,0.00,0.00,0.55355,1.05526,0.01847,0.00000,0.406821668
-0.00,0.59,2.33,2.50,0.00,0.00,0.55356,1.05529,0.01844,0.00000,0.406821848
-0.00,0.70,2.38,2.50,0.00,0.00,0.00455,0.00394,0.00010,0.00000,0.002147805
0.00,0.67,2.32,2.50,0.00,0.00,0.00447,0.00380,0.00011,0.00000,0.002092697
0.03,0.70,2.32,2.50,0.00,0.00,0.00447,0.00380,0.00011,0.00000,0.002092697
0.00,0.69,2.31,2.50,0.00,0.00,0.00447,0.00380,0.00011,0.00000,0.002092697
0.00,0.69,2.32,2.50,0.00,0.00,0.00447,0.00380,0.00011,0.00000,0.002092697
0.00,0.70,2.32,2.50,0.00,0.00,0.00447,0.00380,0.00011,0.00000,0.002092697
0.00,0.70,2.32,2.50,0.00,0.00,0.00447,0.00380,0.00011,0.00000,0.002092697
0.00,0.69,2.32,2.50,0.00,0.00,0.00447,0.00380,0.00011,0.00000,0.002092697
0.00,0.70,2.32,2.50,0.00,0.00,0.00447,0.00380,0.00011,0.00000,0.002092697
0.30,1.10,1.50,2.50,0.00,0.00,0.03091,0.00786,0.00116,0.00000,0.009980332
0.32,1.10,1.50,2.50,0.00,0.00,0.03091,0.00786,0.00116,0.00000,0.009980332
0.30,1.16,1.50,2.50,0.00,0.00,0.02337,0.00438,0.00081,0.00000,0.007141137
0.30,1.10,1.58,2.50,0.00,0.00,0.03085,0.00781,0.00117,0.00000,0.009957732
0.28,1.14,1.55,2.50,0.00,0.00,0.02539,0.00519,0.00092,0.00000,0.007874532
0.29,1.16,1.58,2.50,0.00,0.00,0.02331,0.00434,0.00082,0.00000,0.007117208
0.29,1.19,1.62,2.50,0.00,0.00,0.02206,0.00390,0.00076,0.00000,0.006679792
0.28,1.22,1.54,2.50,0.00,0.00,0.02110,0.00354,0.00070,0.00000,0.006334960
0.27,1.28,1.53,2.50,0.00,0.00,0.01835,0.00218,0.00057,0.00000,0.005273477
0.28,1.28,1.55,2.50,0.00,0.00,0.01833,0.00217,0.00057,0.00000,0.005268130
0.29,1.36,1.55,2.50,0.00,0.00,0.01141,0.00486,0.00025,0.00000,0.004128370
0.26,1.40,1.63,2.50,0.00,0.00,0.00971,0.00525,0.00018,0.00000,0.003784292
0.24,1.52,1.70,2.50,0.00,0.00,0.00798,0.00540,0.00011,0.00000,0.003371847
0.24,1.58,1.56,2.50,0.00,0.00,0.00739,0.00579,0.00009,0.00000,0.003318520
0.22,1.78,1.53,2.50,0.00,0.00,0.00603,0.00585,0.00008,0.00000,0.002987342
0.23,1.82,1.66,2.50,0.00,0.00,0.00583,0.00572,0.00007,0.00000,0.002907627
0.21,2.09,1.72,2.50,0.00,0.00,0.00554,0.00559,0.00007,0.00000,0.002801897
0.16,2.24,1.75,2.50,0.00,0.00,0.00565,0.00556,0.00007,0.00000,0.002822720
0.16,2.50,1.63,2.50,0.00,0.00,0.00630,0.00566,0.00008,0.00000,0.003010545
0.18,2.29,1.65,2.50,0.00,0.00,0.00581,0.00567,0.00007,0.00000,0.002887655
0.14,2.50,1.89,2.50,0.00,0.00,0.00604,0.00523,0.00008,0.00000,0.002838222
0.17,2.26,1.93,2.50,0.00,0.00,0.00549,0.00522,0.00007,0.00000,0.002695717
0.16,2.24,2.07,2.50,0.00,0.00,0.00520,0.00480,0.00007,0.00000,0.002518157
0.21,1.88,1.80,2.50,0.00,0.00,0.00560,0.00549,0.00007,0.00000,0.002791492
0.22,1.91,1.98,2.50,0.00,0.00,0.00535,0.00512,0.00007,0.00000,0.002635655
0.19,1.93,2.17,2.50,0.00,0.00,0.00491,0.00444,0.00007,0.00000,0.002354515
0.17,1.85,2.40,2.50,0.00,0.00,0.00434,0.00331,0.00016,0.00000,0.001951485
0.16,2.12,2.49,2.50,0.00,0.00,0.00384,0.00279,0.00020,0.00000,0.001709200
0.13,2.24,2.84,2.50,0.00,0.00,0.00259,0.00167,0.00049,0.00000,0.001187385
0.09,2.31,2.89,2.50,0.00,0.00,0.00246,0.00182,0.00057,0.00000,0.001213152
0.11,2.02,3.35,2.50,0.00,0.00,0.00338,0.00857,0.00118,0.00000,0.003283085
0.15,2.19,2.39,2.50,0.00,0.00,0.00433,0.00347,0.00014,0.00000,0.001984040
0.12,2.08,3.03,2.50,0.00,0.00,0.00170,0.00318,0.00069,0.00000,0.001391042
0.05,2.50,3.44,2.50,0.00,0.00,0.00404,0.01057,0.00139,0.00000,0.004000783
0.14,2.03,2.66,2.50,0.00,0.00,0.00308,0.00200,0.00032,0.00000,0.001348367
0.13,2.31,2.56,2.50,0.00,0.00,0.00381,0.00256,0.00026,0.00000,0.001657420
0.12,2.14,2.91,2.50,0.00,0.00,0.00220,0.00173,0.00056,0.00000,0.001122027
0.09,2.43,3.10,2.50,0.00,0.00,0.00191,0.00449,0.00082,0.00000,0.001806282
0.13,2.13,2.77,2.50,0.00,0.00,0.00274,0.00158,0.00041,0.00000,0.001181600
0.17,2.02,2.79,2.50,0.00,0.00,0.00259,0.00160,0.00044,0.00000,0.001157130
0.14,1.95,2.81,2.50,0.00,0.00,0.00263,0.00161,0.00044,0.00000,0.001171917
0.16,1.94,2.91,2.50,0.00,0.00,0.00222,0.00174,0.00056,0.00000,0.001129727
0.15,2.11,2.93,2.50,0.00,0.00,0.00203,0.00218,0.00060,0.00000,0.001202430
0.15,1.99,2.84,2.50,0.00,0.00,0.00247,0.00162,0.00048,0.00000,0.001142760
0.12,2.03,2.98,2.50,0.00,0.00,0.00187,0.00266,0.00064,0.00000,0.001292150
0.15,2.02,2.84,2.50,0.00,0.00,0.00246,0.00162,0.00048,0.00000,0.001139712
0.14,2.08,2.93,2.50,0.00,0.00,0.00203,0.00218,0.00060,0.00000,0.001199502
0.15,2.01,2.86,2.50,0.00,0.00,0.00233,0.00165,0.00052,0.00000,0.001125040
0.13,2.04,2.95,2.50,0.00,0.00,0.00202,0.00217,0.00060,0.00000,0.001198452
0.15,2.03,2.87,2.50,0.00,0.00,0.00232,0.00165,0.00051,0.00000,0.001121995
0.12,2.17,2.86,2.50,0.00,0.00,0.00239,0.00167,0.00052,0.00000,0.001145272
0.15,2.00,2.90,2.50,0.00,0.00,0.00219,0.00173,0.00056,0.00000,0.001118025
0.13,2.10,2.92,2.50,0.00,0.00,0.00219,0.00173,0.00056,0.00000,0.001117302
0.13,2.14,2.95,2.50,0.00,0.00,0.00205,0.00218,0.00060,0.00000,0.001207345
0.16,1.95,2.87,2.50,0.00,0.00,0.00237,0.00166,0.00052,0.00000,0.001136755
0.13,2.09,2.90,2.50,0.00,0.00,0.00219,0.00173,0.00056,0.00000,0.001117302
0.13,2.10,2.95,2.50,0.00,0.00,0.00203,0.00218,0.00060,0.00000,0.001202430
0.14,2.05,2.89,2.50,0.00,0.00,0.00218,0.00173,0.00055,0.00000,0.001113795
0.12,2.15,2.91,2.50,0.00,0.00,0.00222,0.00174,0.00056,0.00000,0.001128802
0.14,2.04,2.90,2.50,0.00,0.00,0.00218,0.00173,0.00055,0.00000,0.001113795
0.15,2.03,2.90,2.50,0.00,0.00,0.00218,0.00173,0.00055,0.00000,0.001114957
0.15,1.98,2.87,2.50,0.00,0.00,0.00235,0.00166,0.00052,0.00000,0.001129973
0.14,2.07,2.91,2.50,0.00,0.00,0.00218,0.00173,0.00055,0.00000,0.001114572
0.14,2.07,2.90,2.50,0.00,0.00,0.00218,0.00173,0.00055,0.00000,0.001114572
0.14,2.06,2.90,2.50,0.00,0.00,0.00218,0.00173,0.00055,0.00000,0.001113795
0.14,2.03,2.88,2.50,0.00,0.00,0.00232,0.00165,0.00051,0.00000,0.001121995
0.14,2.06,2.90,2.50,0.00,0.00,0.00218,0.00173,0.00055,0.00000,0.001113795
0.14,2.04,2.89,2.50,0.00,0.00,0.00218,0.00173,0.00055,0.00000,0.001113795
0.14,2.05,2.90,2.50,0.00,0.00,0.00218,0.00173,0.00055,0.00000,0.001113795
0.14,2.04,2.89,2.50,0.00,0.00,0.00218,0.00173,0.00055,0.00000,0.001113795
0.14,2.05,2.89,2.50,0.00,0.00,0.00218,0.00173,0.00055,0.00000,0.001113795
0.14,2.05,2.89,2.50,0.00,0.00,0.00218,0.00173,0.00055,0.00000,0.001113795
0.14,2.04,2.89,2.50,0.00,0.00,0.00218,0.00173,0.00055,0.00000,0.001113795
0.14,2.05,2.89,2.50,0.00,0.00,0.00218,0.00173,0.00055,0.00000,0.001113795
0.14,2.04,2.89,2.50,0.00,0.00,0.00218,0.00173,0.00055,0.00000,0.001113795
0.14,2.05,2.89,2.50,0.00,0.00,0.00218,0.00173,0.00055,0.00000,0.001113795
0.14,2.05,2.89,2.50,0.00,0.00,0.00218,0.00173,0.00055,0.00000,0.001113795
0.14,2.04,2.89,2.50,0.00,0.00,0.00218,0.00173,0.00055,0.00000,0.001113795
0.14,2.05,2.89,2.50,0.00,0.00,0.00218,0.00173,0.00055,0.00000,0.001113795
0.14,2.04,2.89,2.50,0.00,0.00,0.00218,0.00173,0.00055,0.00000,0.001113795
0.14,2.05,2.89,2.50,0.00,0.00,0.00218,0.00173,0.00055,0.00000,0.001113795
0.14,2.05,2.89,2.50,0.00,0.00,0.00218,0.00173,0.00055,0.00000,0.001113795
0.14,2.04,2.89,2.50,0.00,0.00,0.00218,0.00173,0.00055,0.00000,0.001113795
0.14,2.05,2.89,2.50,0.00,0.00,0.00218,0.00173,0.00055,0.00000,0.001113795
0.14,2.04,2.89,2.50,0.00,0.00,0.00218,0.00173,0.00055,0.00000,0.001113795
0.14,2.05,2.89,2.50,0.00,0.00,0.00218,0.00173,0.00055,0.00000,0.001113795
0.14,2.05,2.89,2.50,0.00,0.00,0.00218,0.00173,0.00055,0.00000,0.001113795
0.30,1.10,1.50,2.50,0.00,0.00,0.03091,0.00786,0.00116,0.00000,0.009980332
3.80,1.10,1.50,2.50,0.00,0.00,0.00751,0.03851,0.00149,0.00000,0.011879442
0.30,4.60,1.50,2.50,0.00,0.00,0.00526,0.01962,0.00078,0.00000,0.006417688
0.30,4.60,5.00,2.50,0.00,0.00,0.04480,0.06349,0.00657,0.00000,0.028714683
0.00,2.50,0.00,2.50,0.00,0.00,0.55286,1.05496,0.01843,0.00000,0.406560730
0.00,1.95,0.00,2.50,0.00,0.00,0.55353,1.05527,0.01843,0.00000,0.406806455
0.30,1.11,3.25,2.50,0.00,0.00,0.02630,0.00685,0.00188,0.00000,0.008757828
0.30,0.23,3.25,2.50,0.00,0.00,0.00248,0.00698,0.00104,0.00000,0.002624353
0.00,0.44,3.50,2.50,0.00,0.00,0.00549,0.01232,0.00153,0.00000,0.004837140
0.16,0.23,3.09,2.50,0.00,0.00,0.00160,0.00430,0.00079,0.00000,0.001672873
0.12,0.13,3.12,2.50,0.00,0.00,0.00163,0.00492,0.00085,0.00000,0.001849837
0.19,0.20,2.87,2.50,0.00,0.00,0.00233,0.00165,0.00052,0.00000,0.001125040
0.07,0.28,2.72,2.50,0.00,0.00,0.00284,0.00161,0.00038,0.00000,0.001208645
0.29,0.19,2.81,2.50,0.00,0.00,0.00260,0.00160,0.00044,0.00000,0.001160188
0.17,0.09,2.85,2.50,0.00,0.00,0.00247,0.00162,0.00048,0.00000,0.001142760
0.16,0.22,2.83,2.50,0.00,0.00,0.00247,0.00162,0.00048,0.00000,0.001142760
0.19,0.20,2.93,2.50,0.00,0.00,0.00204,0.00218,0.00060,0.00000,0.001202045
0.19,0.17,2.87,2.50,0.00,0.00,0.00233,0.00165,0.00052,0.00000,0.001125040
0.22,0.19,2.86,2.50,0.00,0.00,0.00233,0.00165,0.00052,0.00000,0.001125040
0.19,0.20,2.86,2.50,0.00,0.00,0.00233,0.00165,0.00052,0.00000,0.001125040
0.19,0.19,2.87,2.50,0.00,0.00,0.00233,0.00165,0.00052,0.00000,0.001125040
0.20,0.20,2.87,2.50,0.00,0.00,0.00233,0.00165,0.00052,0.00000,0.001125040
0.19,0.20,2.87,2.50,0.00,0.00,0.00233,0.00165,0.00052,0.00000,0.001125040
0.19,0.20,2.87,2.50,0.00,0.00,0.00233,0.00165,0.00052,0.00000,0.001125040
0.19,0.20,2.87,2.50,0.00,0.00,0.00233,0.00165,0.00052,0.00000,0.001125040
0.60,0.40,1.50,2.50,0.00,0.00,0.00565,0.00578,0.00008,0.00000,0.002877272
0.63,0.40,1.50,2.50,0.00,0.00,0.00565,0.00578,0.00008,0.00000,0.002877272
0.60,0.42,1.50,2.50,0.00,0.00,0.00565,0.00578,0.00008,0.00000,0.002877272
0.60,0.40,1.58,2.50,0.00,0.00,0.00563,0.00574,0.00008,0.00000,0.002861872
0.62,0.38,1.55,2.50,0.00,0.00,0.00563,0.00575,0.00008,0.00000,0.002866770
0.58,0.39,1.58,2.50,0.00,0.00,0.00563,0.00574,0.00008,0.00000,0.002861872
0.60,0.38,1.64,2.50,0.00,0.00,0.00560,0.00569,0.00008,0.00000,0.002842405
0.60,0.37,1.71,2.50,0.00,0.00,0.00554,0.00560,0.00007,0.00000,0.002804060
0.57,0.39,1.69,2.50,0.00,0.00,0.00556,0.00563,0.00007,0.00000,0.002815080
0.60,0.38,1.74,2.50,0.00,0.00,0.00553,0.00557,0.00007,0.00000,0.002792172
0.61,0.38,1.81,2.50,0.00,0.00,0.00546,0.00547,0.00007,0.00000,0.002750717
0.59,0.36,1.90,2.50,0.00,0.00,0.00536,0.00529,0.00007,0.00000,0.002678330
0.58,0.34,2.06,2.50,0.00,0.00,0.00512,0.00490,0.00007,0.00000,0.002523427
0.62,0.34,2.03,2.50,0.00,0.00,0.00517,0.00497,0.00007,0.00000,0.002553790
0.61,0.34,2.23,2.50,0.00,0.00,0.00471,0.00420,0.00008,0.00000,0.002248295
0.61,0.32,2.49,2.50,0.00,0.00,0.00383,0.00279,0.00020,0.00000,0.001706410
0.60,0.28,2.57,2.50,0.00,0.00,0.00356,0.00250,0.00024,0.00000,0.001577385
0.60,0.23,2.96,2.50,0.00,0.00,0.00204,0.00218,0.00060,0.00000,0.001202045
0.57,0.26,2.98,2.50,0.00,0.00,0.00188,0.00266,0.00064,0.00000,0.001294880
0.60,0.20,3.50,2.50,0.00,0.00,0.00549,0.01232,0.00153,0.00000,0.004837140
0.59,0.30,2.43,2.50,0.00,0.00,0.00407,0.00313,0.00017,0.00000,0.001839435
0.60,0.24,3.18,2.50,0.00,0.00,0.00168,0.00557,0.00091,0.00000,0.002037610
0.59,0.29,2.62,2.50,0.00,0.00,0.00326,0.00218,0.00029,0.00000,0.001431250
0.56,0.20,3.22,2.50,0.00,0.00,0.00206,0.00625,0.00097,0.00000,0.002321950
0.60,0.29,2.67,2.50,0.00,0.00,0.00309,0.00200,0.00032,0.00000,0.001351235
0.59,0.23,3.11,2.50,0.00,0.00,0.00160,0.00430,0.00079,0.00000,0.001672873
0.59,0.27,2.74,2.50,0.00,0.00,0.00284,0.00161,0.00038,0.00000,0.001208645
0.57,0.22,3.11,2.50,0.00,0.00,0.00160,0.00430,0.00079,0.00000,0.001672873
0.59,0.27,2.78,2.50,0.00,0.00,0.00272,0.00158,0.00041,0.00000,0.001177258
0.62,0.26,2.68,2.50,0.00,0.00,0.00309,0.00200,0.00032,0.00000,0.001351235
0.58,0.26,2.90,2.50,0.00,0.00,0.00219,0.00173,0.00056,0.00000,0.001118025
0.59,0.23,3.01,2.50,0.00,0.00,0.00171,0.00318,0.00069,0.00000,0.001393597
0.59,0.26,2.81,2.50,0.00,0.00,0.00260,0.00160,0.00044,0.00000,0.001160188
0.57,0.30,2.71,2.50,0.00,0.00,0.00295,0.00181,0.00035,0.00000,0.001278545
0.59,0.25,2.89,2.50,0.00,0.00,0.00219,0.00173,0.00056,0.00000,0.001118025
0.58,0.24,2.96,2.50,0.00,0.00,0.00204,0.00218,0.00060,0.00000,0.001202045
0.59,0.26,2.82,2.50,0.00,0.00,0.00247,0.00162,0.00048,0.00000,0.001142760
0.59,0.25,2.93,2.50,0.00,0.00,0.00204,0.00218,0.00060,0.00000,0.001202045
0.59,0.26,2.84,2.50,0.00,0.00,0.00247,0.00162,0.00048,0.00000,0.001142760
0.59,0.25,2.90,2.50,0.00,0.00,0.00219,0.00173,0.00056,0.00000,0.001118025
0.58,0.24,2.97,2.50,0.00,0.00,0.00188,0.00266,0.00064,0.00000,0.001294880
0.59,0.26,2.86,2.50,0.00,0.00,0.00233,0.00165,0.00052,0.00000,0.001125040
0.59,0.25,2.94,2.50,0.00,0.00,0.00204,0.00218,0.00060,0.00000,0.001202045
0.59,0.26,2.88,2.50,0.00,0.00,0.00233,0.00165,0.00052,0.00000,0.001125040
0.59,0.25,2.90,2.50,0.00,0.00,0.00219,0.00173,0.00056,0.00000,0.001118025
0.58,0.26,2.90,2.50,0.00,0.00,0.00219,0.00173,0.00056,0.00000,0.001118025
0.58,0.26,2.88,2.50,0.00,0.00,0.00233,0.00165,0.00052,0.00000,0.001125040
0.58,0.25,2.92,2.50,0.00,0.00,0.00219,0.00173,0.00056,0.00000,0.001118025
0.58,0.25,2.91,2.50,0.00,0.00,0.00219,0.00173,0.00056,0.00000,0.001118025
0.58,0.26,2.89,2.50,0.00,0.00,0.00219,0.00173,0.00056,0.00000,0.001118025
0.58,0.26,2.90,2.50,0.00,0.00,0.00219,0.00173,0.00056,0.00000,0.001118025
0.58,0.26,2.90,2.50,0.00,0.00,0.00219,0.00173,0.00056,0.00000,0.001118025
0.58,0.26,2.90,2.50,0.00,0.00,0.00219,0.00173,0.00056,0.00000,0.001118025
0.58,0.26,2.91,2.50,0.00,0.00,0.00219,0.00173,0.00056,0.00000,0.001118025
0.58,0.26,2.90,2.50,0.00,0.00,0.00219,0.00173,0.00056,0.00000,0.001118025
0.58,0.26,2.90,2.50,0.00,0.00,0.00219,0.00173,0.00056,0.00000,0.001118025
0.58,0.26,2.90,2.50,0.00,0.00,0.00219,0.00173,0.00056,0.00000,0.001118025
0.58,0.26,2.90,2.50,0.00,0.00,0.00219,0.00173,0.00056,0.00000,0.001118025
0.58,0.26,2.90,2.50,0.00,0.00,0.00219,0.00173,0.00056,0.00000,0.001118025
0.58,0.26,2.90,2.50,0.00,0.00,0.00219,0.00173,0.00056,0.00000,0.001118025
0.58,0.26,2.90,2.50,0.00,0.00,0.00219,0.00173,0.00056,0.00000,0.001118025
0.58,0.26,2.90,2.50,0.00,0.00,0.00219,0.00173,0.00056,0.00000,0.001118025
0.58,0.26,2.90,2.50,0.00,0.00,0.00219,0.00173,0.00056,0.00000,0.001118025
0.58,0.26,2.90,2.50,0.00,0.00,0.00219,0.00173,0.00056,0.00000,0.001118025
0.58,0.26,2.90,2.50,0.00,0.00,0.00219,0.00173,0.00056,0.00000,0.001118025
0.58,0.26,2.90,2.50,0.00,0.00,0.00219,0.00173,0.00056,0.00000,0.001118025
0.58,0.26,2.90,2.50,0.00,0.00,0.00219,0.00173,0.00056,0.00000,0.001118025
0.58,0.26,2.90,2.50,0.00,0.00,0.00219,0.00173,0.00056,0.00000,0.001118025
0.58,0.26,2.90,2.50,0.00,0.00,0.00219,0.00173,0.00056,0.00000,0.001118025
0.60,0.40,1.50,2.50,0.00,0.00,0.00565,0.00578,0.00008,0.00000,0.002877272
4.10,0.40,1.50,2.50,0.00,0.00,0.04587,0.03519,0.00067,0.00000,0.020431783
0.60,3.90,1.50,2.50,0.00,0.00,0.00538,0.00730,0.00017,0.00000,0.003213895
0.60,0.40,5.00,2.50,0.00,0.00,0.03885,0.07203,0.00721,0.00000,0.029523460
-0.00,0.00,0.00,2.50,0.00,0.00,0.55356,1.05530,0.01843,0.00000,0.406821845
1.47,0.40,1.49,2.50,0.00,0.00,0.00638,0.00539,0.00008,0.00000,0.002962802
0.61,0.00,2.28,2.50,0.00,0.00,0.00455,0.00394,0.00010,0.00000,0.002147805
0.60,0.00,1.84,2.50,0.00,0.00,0.00544,0.00543,0.00007,0.00000,0.002734570
0.39,0.00,2.28,2.50,0.00,0.00,0.00455,0.00394,0.00010,0.00000,0.002147805
0.61,0.22,2.66,2.50,0.00,0.00,0.00309,0.00200,0.00032,0.00000,0.001351235
0.62,0.53,2.97,2.50,0.00,0.00,0.00188,0.00266,0.00064,0.00000,0.001294880
0.52,0.39,3.11,2.50,0.00,0.00,0.00160,0.00430,0.00079,0.00000,0.001672873
1.05,0.56,2.96,2.50,0.00,0.00,0.02966,0.00950,0.00083,0.00000,0.009997825
0.43,0.61,2.89,2.50,0.00,0.00,0.00219,0.00173,0.00056,0.00000,0.001118025
0.43,0.69,2.82,2.50,0.00,0.00,0.00247,0.00162,0.00048,0.00000,0.001142760
0.43,0.64,2.94,2.50,0.00,0.00,0.00204,0.00218,0.00060,0.00000,0.001202045
0.37,0.54,2.83,2.50,0.00,0.00,0.00247,0.00162,0.00048,0.00000,0.001142760
0.47,0.58,2.88,2.50,0.00,0.00,0.00233,0.00165,0.00052,0.00000,0.001125040
0.41,0.59,2.88,2.50,0.00,0.00,0.00233,0.00165,0.00052,0.00000,0.001125040
0.43,0.60,2.90,2.50,0.00,0.00,0.00219,0.00173,0.00056,0.00000,0.001118025
0.45,0.60,2.88,2.50,0.00,0.00,0.00233,0.00165,0.00052,0.00000,0.001125040
0.42,0.61,2.91,2.50,0.00,0.00,0.00219,0.00173,0.00056,0.00000,0.001118025
0.43,0.61,2.90,2.50,0.00,0.00,0.00219,0.00173,0.00056,0.00000,0.001118025
0.43,0.61,2.90,2.50,0.00,0.00,0.00219,0.00173,0.00056,0.00000,0.001118025
0.43,0.61,2.90,2.50,0.00,0.00,0.00219,0.00173,0.00056,0.00000,0.001118025
0.43,0.61,2.89,2.50,0.00,0.00,0.00219,0.00173,0.00056,0.00000,0.001118025
0.60,0.70,1.50,2.50,0.00,0.00,0.00565,0.00578,0.00008,0.00000,0.002877272
0.63,0.70,1.50,2.50,0.00,0.00,0.00565,0.00578,0.00008,0.00000,0.002877272
0.60,0.70,1.58,2.50,0.00,0.00,0.00563,0.00574,0.00008,0.00000,0.002861872
0.62,0.66,1.55,2.50,0.00,0.00,0.00563,0.00575,0.00008,0.00000,0.002866770
0.58,0.68,1.58,2.50,0.00,0.00,0.00563,0.00574,0.00008,0.00000,0.002861872
0.60,0.66,1.64,2.50,0.00,0.00,0.00560,0.00569,0.00008,0.00000,0.002842405
0.60,0.64,1.71,2.50,0.00,0.00,0.00554,0.00560,0.00007,0.00000,0.002804060
0.57,0.68,1.69,2.50,0.00,0.00,0.00556,0.00563,0.00007,0.00000,0.002815080
0.60,0.67,1.74,2.50,0.00,0.00,0.00553,0.00557,0.00007,0.00000,0.002792172
0.61,0.67,1.81,2.50,0.00,0.00,0.00546,0.00547,0.00007,0.00000,0.002750717
0.59,0.63,1.90,2.50,0.00,0.00,0.00536,0.00529,0.00007,0.00000,0.002678330
0.58,0.59,2.06,2.50,0.00,0.00,0.00512,0.00490,0.00007,0.00000,0.002523427
0.62,0.59,2.03,2.50,0.00,0.00,0.00517,0.00497,0.00007,0.00000,0.002553790
0.61,0.59,2.23,2.50,0.00,0.00,0.00471,0.00420,0.00008,0.00000,0.002248295
0.61,0.56,2.49,2.50,0.00,0.00,0.00383,0.00279,0.00020,0.00000,0.001706410
0.60,0.49,2.57,2.50,0.00,0.00,0.00356,0.00250,0.00024,0.00000,0.001577385
0.60,0.40,2.96,2.50,0.00,0.00,0.00204,0.00218,0.00060,0.00000,0.001202045
0.57,0.45,2.98,2.50,0.00,0.00,0.00188,0.00266,0.00064,0.00000,0.001294880
0.60,0.36,3.50,2.50,0.00,0.00,0.00549,0.01232,0.00153,0.00000,0.004837140
0.59,0.53,2.43,2.50,0.00,0.00,0.00407,0.00313,0.00017,0.00000,0.001839435
0.60,0.41,3.18,2.50,0.00,0.00,0.00168,0.00557,0.00091,0.00000,0.002037610
0.59,0.50,2.62,2.50,0.00,0.00,0.00326,0.00218,0.00029,0.00000,0.001431250
0.56,0.34,3.22,2.50,0.00,0.00,0.00206,0.00625,0.00097,0.00000,0.002321950
0.60,0.51,2.67,2.50,0.00,0.00,0.00309,0.00200,0.00032,0.00000,0.001351235
0.59,0.41,3.11,2.50,0.00,0.00,0.00160,0.00430,0.00079,0.00000,0.001672873
0.59,0.48,2.74,2.50,0.00,0.00,0.00284,0.00161,0.00038,0.00000,0.001208645
0.57,0.38,3.11,2.50,0.00,0.00,0.00160,0.00430,0.00079,0.00000,0.001672873
0.59,0.48,2.78,2.50,0.00,0.00,0.00272,0.00158,0.00041,0.00000,0.001177258
0.62,0.45,2.68,2.50,0.00,0.00,0.00309,0.00200,0.00032,0.00000,0.001351235
0.58,0.45,2.90,2.50,0.00,0.00,0.00219,0.00173,0.00056,0.00000,0.001118025
0.59,0.41,3.01,2.50,0.00,0.00,0.00171,0.00318,0.00069,0.00000,0.001393597
0.59,0.46,2.81,2.50,0.00,0.00,0.00260,0.00160,0.00044,0.00000,0.001160188
0.57,0.52,2.71,2.50,0.00,0.00,0.00295,0.00181,0.00035,0.00000,0.001278545
0.59,0.43,2.89,2.50,0.00,0.00,0.00219,0.00173,0.00056,0.00000,0.001118025
0.58,0.42,2.96,2.50,0.00,0.00,0.00204,0.00218,0.00060,0.00000,0.001202045
0.59,0.46,2.82,2.50,0.00,0.00,0.00247,0.00162,0.00048,0.00000,0.001142760
0.59,0.44,2.93,2.50,0.00,0.00,0.00204,0.00218,0.00060,0.00000,0.001202045
0.59,0.46,2.84,2.50,0.00,0.00,0.00247,0.00162,0.00048,0.00000,0.001142760
0.59,0.44,2.90,2.50,0.00,0.00,0.00219,0.00173,0.00056,0.00000,0.001118025
0.58,0.42,2.97,2.50,0.00,0.00,0.00188,0.00266,0.00064,0.00000,0.001294880
0.59,0.45,2.86,2.50,0.00,0.00,0.00233,0.00165,0.00052,0.00000,0.001125040
0.59,0.43,2.94,2.50,0.00,0.00,0.00204,0.00218,0.00060,0.00000,0.001202045
0.59,0.45,2.88,2.50,0.00,0.00,0.00233,0.00165,0.00052,0.00000,0.001125040
0.59,0.44,2.90,2.50,0.00,0.00,0.00219,0.00173,0.00056,0.00000,0.001118025
0.58,0.45,2.90,2.50,0.00,0.00,0.00219,0.00173,0.00056,0.00000,0.001118025
0.58,0.45,2.88,2.50,0.00,0.00,0.00233,0.00165,0.00052,0.00000,0.001125040
0.58,0.44,2.92,2.50,0.00,0.00,0.00219,0.00173,0.00056,0.00000,0.001118025
0.58,0.45,2.91,2.50,0.00,0.00,0.00219,0.00173,0.00056,0.00000,0.001118025
0.58,0.45,2.89,2.50,0.00,0.00,0.00219,0.00173,0.00056,0.00000,0.001118025
0.58,0.45,2.90,2.50,0.00,0.00,0.00219,0.00173,0.00056,0.00000,0.001118025
0.58,0.45,2.90,2.50,0.00,0.00,0.00219,0.00173,0.00056,0.00000,0.001118025
0.58,0.45,2.90,2.50,0.00,0.00,0.00219,0.00173,0.00056,0.00000,0.001118025
0.58,0.45,2.91,2.50,0.00,0.00,0.00219,0.00173,0.00056,0.00000,0.001118025
0.58,0.45,2.90,2.50,0.00,0.00,0.00219,0.00173,0.00056,0.00000,0.001118025
0.58,0.45,2.90,2.50,0.00,0.00,0.00219,0.00173,0.00056,0.00000,0.001118025
0.58,0.45,2.90,2.50,0.00,0.00,0.00219,0.00173,0.00056,0.00000,0.001118025
0.58,0.45,2.90,2.50,0.00,0.00,0.00219,0.00173,0.00056,0.00000,0.001118025
0.58,0.45,2.90,2.50,0.00,0.00,0.00219,0.00173,0.00056,0.00000,0.001118025
0.58,0.45,2.90,2.50,0.00,0.00,0.00219,0.00173,0.00056,0.00000,0.001118025
0.58,0.45,2.90,2.50,0.00,0.00,0.00219,0.00173,0.00056,0.00000,0.001118025
0.58,0.45,2.90,2.50,0.00,0.00,0.00219,0.00173,0.00056,0.00000,0.001118025
0.58,0.45,2.90,2.50,0.00,0.00,0.00219,0.00173,0.00056,0.00000,0.001118025
0.58,0.45,2.90,2.50,0.00,0.00,0.00219,0.00173,0.00056,0.00000,0.001118025
0.58,0.45,2.90,2.50,0.00,0.00,0.00219,0.00173,0.00056,0.00000,0.001118025
0.58,0.45,2.90,2.50,0.00,0.00,0.00219,0.00173,0.00056,0.00000,0.001118025
0.58,0.45,2.90,2.50,0.00,0.00,0.00219,0.00173,0.00056,0.00000,0.001118025
0.58,0.45,2.90,2.50,0.00,0.00,0.00219,0.00173,0.00056,0.00000,0.001118025
0.58,0.45,2.90,2.50,0.00,0.00,0.00219,0.00173,0.00056,0.00000,0.001118025
0.60,0.70,1.50,2.50,0.00,0.00,0.00565,0.00578,0.00008,0.00000,0.002877272
4.10,0.70,1.50,2.50,0.00,0.00,0.04587,0.03519,0.00067,0.00000,0.020431783
0.60,4.20,1.50,2.50,0.00,0.00,0.00449,0.01040,0.00036,0.00000,0.003812735
0.60,0.70,5.00,2.50,0.00,0.00,0.03885,0.07203,0.00721,0.00000,0.029523460
-0.00,0.00,0.00,2.50,0.00,0.00,0.55356,1.05530,0.01843,0.00000,0.406821845
-0.00,0.03,0.00,2.50,0.00,0.00,0.53433,1.01700,0.03967,0.00000,0.397748668
1.47,0.70,1.49,2.50,0.00,0.00,0.00638,0.00539,0.00008,0.00000,0.002962802
0.60,1.10,1.32,2.50,0.00,0.00,0.03101,0.00792,0.00114,0.00000,0.010019745
0.60,0.51,1.10,2.50,0.00,0.00,0.00566,0.00581,0.00009,0.00000,0.002889892
0.60,0.50,1.59,2.50,0.00,0.00,0.00562,0.00573,0.00008,0.00000,0.002856192
0.49,0.50,1.59,2.50,0.00,0.00,0.00562,0.00573,0.00008,0.00000,0.002856192
0.60,0.34,1.74,2.50,0.00,0.00,0.00553,0.00557,0.00007,0.00000,0.002792172
0.60,0.41,1.95,2.50,0.00,0.00,0.00529,0.00517,0.00007,0.00000,0.002633575
0.60,0.47,2.16,2.50,0.00,0.00,0.00491,0.00454,0.00007,0.00000,0.002380047
0.61,0.64,2.30,2.50,0.00,0.00,0.00455,0.00394,0.00010,0.00000,0.002147805
0.50,0.64,2.30,2.50,0.00,0.00,0.00455,0.00394,0.00010,0.00000,0.002147805
0.61,0.56,2.38,2.50,0.00,0.00,0.00428,0.00348,0.00013,0.00000,0.001973245
0.61,0.53,2.60,2.50,0.00,0.00,0.00341,0.00235,0.00027,0.00000,0.001507255
0.61,0.53,2.82,2.50,0.00,0.00,0.00247,0.00162,0.00048,0.00000,0.001142760
0.61,0.39,2.99,2.50,0.00,0.00,0.00188,0.00266,0.00064,0.00000,0.001294880
0.39,0.53,2.82,2.50,0.00,0.00,0.00247,0.00162,0.00048,0.00000,0.001142760
0.61,0.62,2.87,2.50,0.00,0.00,0.00233,0.00165,0.00052,0.00000,0.001125040
0.61,0.66,2.83,2.50,0.00,0.00,0.00247,0.00162,0.00048,0.00000,0.001142760
0.64,0.62,2.87,2.50,0.00,0.00,0.00233,0.00165,0.00052,0.00000,0.001125040
0.61,0.62,2.93,2.50,0.00,0.00,0.00204,0.00218,0.00060,0.00000,0.001202045
0.61,0.60,2.86,2.50,0.00,0.00,0.00233,0.00165,0.00052,0.00000,0.001125040
0.61,0.62,2.88,2.50,0.00,0.00,0.00233,0.00165,0.00052,0.00000,0.001125040
0.62,0.62,2.87,2.50,0.00,0.00,0.00233,0.00165,0.00052,0.00000,0.001125040
0.61,0.62,2.87,2.50,0.00,0.00,0.00233,0.00165,0.00052,0.00000,0.001125040
0.61,0.62,2.87,2.50,0.00,0.00,0.00233,0.00165,0.00052,0.00000,0.001125040
0.61,0.62,2.87,2.50,0.00,0.00,0.00233,0.00165,0.00052,0.00000,0.001125040
0.61,0.62,2.87,2.50,0.00,0.00,0.00233,0.00165,0.00052,0.00000,0.001125040
0.60,1.10,1.50,2.50,0.00,0.00,0.03091,0.00786,0.00116,0.00000,0.009980332
0.63,1.10,1.50,2.50,0.00,0.00,0.03091,0.00786,0.00116,0.00000,0.009980332
0.60,1.16,1.50,2.50,0.00,0.00,0.02337,0.00438,0.00081,0.00000,0.007141137
0.60,1.10,1.58,2.50,0.00,0.00,0.03085,0.00781,0.00117,0.00000,0.009957732
0.57,1.14,1.55,2.50,0.00,0.00,0.02539,0.00519,0.00092,0.00000,0.007874532
0.58,1.16,1.58,2.50,0.00,0.00,0.02331,0.00434,0.00082,0.00000,0.007117208
0.57,1.19,1.62,2.50,0.00,0.00,0.02206,0.00390,0.00076,0.00000,0.006679792
0.56,1.22,1.54,2.50,0.00,0.00,0.02110,0.00354,0.00070,0.00000,0.006334960
0.54,1.28,1.53,2.50,0.00,0.00,0.01835,0.00218,0.00057,0.00000,0.005273477
0.57,1.28,1.55,2.50,0.00,0.00,0.01833,0.00217,0.00057,0.00000,0.005268130
0.57,1.36,1.55,2.50,0.00,0.00,0.01141,0.00486,0.00025,0.00000,0.004128370
0.52,1.40,1.63,2.50,0.00,0.00,0.00971,0.00525,0.00018,0.00000,0.003784292
0.48,1.52,1.70,2.50,0.00,0.00,0.00798,0.00540,0.00011,0.00000,0.003371847
0.49,1.58,1.56,2.50,0.00,0.00,0.00739,0.00579,0.00009,0.00000,0.003318520
0.45,1.78,1.53,2.50,0.00,0.00,0.00603,0.00585,0.00008,0.00000,0.002987342
0.46,1.82,1.66,2.50,0.00,0.00,0.00583,0.00572,0.00007,0.00000,0.002907627
0.42,2.09,1.72,2.50,0.00,0.00,0.00554,0.00559,0.00007,0.00000,0.002801897
0.33,2.24,1.75,2.50,0.00,0.00,0.00565,0.00556,0.00007,0.00000,0.002822720
0.32,2.50,1.63,2.50,0.00,0.00,0.00630,0.00566,0.00008,0.00000,0.003010545
0.36,2.29,1.65,2.50,0.00,0.00,0.00581,0.00567,0.00007,0.00000,0.002887655
0.29,2.50,1.89,2.50,0.00,0.00,0.00604,0.00523,0.00008,0.00000,0.002838222
0.33,2.26,1.93,2.50,0.00,0.00,0.00549,0.00522,0.00007,0.00000,0.002695717
0.32,2.24,2.07,2.50,0.00,0.00,0.00520,0.00480,0.00007,0.00000,0.002518157
0.42,1.88,1.80,2.50,0.00,0.00,0.00560,0.00549,0.00007,0.00000,0.002791492
0.45,1.91,1.98,2.50,0.00,0.00,0.00535,0.00512,0.00007,0.00000,0.002635655
0.37,1.93,2.17,2.50,0.00,0.00,0.00491,0.00444,0.00007,0.00000,0.002354515
0.35,1.85,2.40,2.50,0.00,0.00,0.00434,0.00331,0.00016,0.00000,0.001951485
0.32,2.12,2.49,2.50,0.00,0.00,0.00384,0.00279,0.00020,0.00000,0.001709200
0.27,2.24,2.84,2.50,0.00,0.00,0.00259,0.00167,0.00049,0.00000,0.001187385
0.18,2.31,2.89,2.50,0.00,0.00,0.00246,0.00182,0.00057,0.00000,0.001213152
0.21,2.02,3.35,2.50,0.00,0.00,0.00338,0.00857,0.00118,0.00000,0.003283085
0.29,2.19,2.39,2.50,0.00,0.00,0.00433,0.00347,0.00014,0.00000,0.001984040
0.24,2.08,3.03,2.50,0.00,0.00,0.00170,0.00318,0.00069,0.00000,0.001391042
0.11,2.50,3.44,2.50,0.00,0.00,0.00404,0.01057,0.00139,0.00000,0.004000783
0.29,2.03,2.66,2.50,0.00,0.00,0.00308,0.00200,0.00032,0.00000,0.001348367
0.25,2.31,2.56,2.50,0.00,0.00,0.00381,0.00256,0.00026,0.00000,0.001657420
0.24,2.14,2.91,2.50,0.00,0.00,0.00220,0.00173,0.00056,0.00000,0.001122027
0.17,2.43,3.10,2.50,0.00,0.00,0.00191,0.00449,0.00082,0.00000,0.001806282
0.26,2.13,2.77,2.50,0.00,0.00,0.00274,0.00158,0.00041,0.00000,0.001181600
0.33,2.02,2.79,2.50,0.00,0.00,0.00259,0.00160,0.00044,0.00000,0.001157130
0.29,1.95,2.81,2.50,0.00,0.00,0.00263,0.00161,0.00044,0.00000,0.001171917
0.32,1.94,2.91,2.50,0.00,0.00,0.00222,0.00174,0.00056,0.00000,0.001129727
0.31,2.11,2.93,2.50,0.00,0.00,0.00203,0.00218,0.00060,0.00000,0.001202430
0.29,1.99,2.84,2.50,0.00,0.00,0.00247,0.00162,0.00048,0.00000,0.001142760
0.23,2.03,2.98,2.50,0.00,0.00,0.00187,0.00266,0.00064,0.00000,0.001292150
0.31,2.02,2.84,2.50,0.00,0.00,0.00246,0.00162,0.00048,0.00000,0.001139712
0.28,2.08,2.93,2.50,0.00,0.00,0.00203,0.00218,0.00060,0.00000,0.001199502
0.29,2.01,2.86,2.50,0.00,0.00,0.00233,0.00165,0.00052,0.00000,0.001125040
0.26,2.04,2.95,2.50,0.00,0.00,0.00202,0.00217,0.00060,0.00000,0.001198452
0.30,2.03,2.87,2.50,0.00,0.00,0.00232,0.00165,0.00051,0.00000,0.001121995
0.24,2.17,2.86,2.50,0.00,0.00,0.00239,0.00167,0.00052,0.00000,0.001145272
0.30,2.00,2.90,2.50,0.00,0.00,0.00219,0.00173,0.00056,0.00000,0.001118025
0.26,2.10,2.92,2.50,0.00,0.00,0.00219,0.00173,0.00056,0.00000,0.001117302
0.25,2.14,2.95,2.50,0.00,0.00,0.00205,0.00218,0.00060,0.00000,0.001207345
0.33,1.95,2.87,2.50,0.00,0.00,0.00237,0.00166,0.00052,0.00000,0.001136755
0.26,2.09,2.90,2.50,0.00,0.00,0.00219,0.00173,0.00056,0.00000,0.001117302
0.25,2.10,2.95,2.50,0.00,0.00,0.00203,0.00218,0.00060,0.00000,0.001202430
0.29,2.05,2.89,2.50,0.00,0.00,0.00218,0.00173,0.00055,0.00000,0.001113795
0.25,2.15,2.91,2.50,0.00,0.00,0.00222,0.00174,0.00056,0.00000,0.001128802
0.28,2.04,2.90,2.50,0.00,0.00,0.00218,0.00173,0.00055,0.00000,0.001113795
0.29,2.03,2.90,2.50,0.00,0.00,0.00218,0.00173,0.00055,0.00000,0.001114957
0.31,1.98,2.87,2.50,0.00,0.00,0.00235,0.00166,0.00052,0.00000,0.001129973
0.28,2.07,2.91,2.50,0.00,0.00,0.00218,0.00173,0.00055,0.00000,0.001114572
0.27,2.07,2.90,2.50,0.00,0.00,0.00218,0.00173,0.00055,0.00000,0.001114572
0.28,2.06,2.90,2.50,0.00,0.00,0.00218,0.00173,0.00055,0.00000,0.001113795
0.29,2.03,2.88,2.50,0.00,0.00,0.00232,0.00165,0.00051,0.00000,0.001121995
0.28,2.06,2.90,2.50,0.00,0.00,0.00218,0.00173,0.00055,0.00000,0.001113795
0.28,2.04,2.89,2.50,0.00,0.00,0.00218,0.00173,0.00055,0.00000,0.001113795
0.28,2.05,2.90,2.50,0.00,0.00,0.00218,0.00173,0.00055,0.00000,0.001113795
0.28,2.04,2.89,2.50,0.00,0.00,0.00218,0.00173,0.00055,0.00000,0.001113795
0.28,2.05,2.89,2.50,0.00,0.00,0.00218,0.00173,0.00055,0.00000,0.001113795
0.28,2.05,2.89,2.50,0.00,0.00,0.00218,0.00173,0.00055,0.00000,0.001113795
0.28,2.04,2.89,2.50,0.00,0.00,0.00218,0.00173,0.00055,0.00000,0.001113795
0.28,2.05,2.89,2.50,0.00,0.00,0.00218,0.00173,0.00055,0.00000,0.001113795
0.28,2.04,2.89,2.50,0.00,0.00,0.00218,0.00173,0.00055,0.00000,0.001113795
0.28,2.05,2.89,2.50,0.00,0.00,0.00218,0.00173,0.00055,0.00000,0.001113795
0.28,2.05,2.89,2.50,0.00,0.00,0.00218,0.00173,0.00055,0.00000,0.001113795
0.28,2.04,2.89,2.50,0.00,0.00,0.00218,0.00173,0.00055,0.00000,0.001113795
0.28,2.05,2.89,2.50,0.00,0.00,0.00218,0.00173,0.00055,0.00000,0.001113795
0.28,2.04,2.89,2.50,0.00,0.00,0.00218,0.00173,0.00055,0.00000,0.001113795
0.28,2.05,2.89,2.50,0.00,0.00,0.00218,0.00173,0.00055,0.00000,0.001113795
0.28,2.05,2.89,2.50,0.00,0.00,0.00218,0.00173,0.00055,0.00000,0.001113795
0.28,2.04,2.89,2.50,0.00,0.00,0.00218,0.00173,0.00055,0.00000,0.001113795
0.28,2.05,2.89,2.50,0.00,0.00,0.00218,0.00173,0.00055,0.00000,0.001113795
0.28,2.04,2.89,2.50,0.00,0.00,0.00218,0.00173,0.00055,0.00000,0.001113795
0.28,2.05,2.89,2.50,0.00,0.00,0.00218,0.00173,0.00055,0.00000,0.001113795
0.28,2.05,2.89,2.50,0.00,0.00,0.00218,0.00173,0.00055,0.00000,0.001113795
0.60,1.10,1.50,2.50,0.00,0.00,0.03091,0.00786,0.00116,0.00000,0.009980332
4.10,1.10,1.50,2.50,0.00,0.00,0.01160,0.04474,0.00148,0.00000,0.014456162
0.60,4.60,1.50,2.50,0.00,0.00,0.00526,0.01962,0.00078,0.00000,0.006417688
0.60,4.60,5.00,2.50,0.00,0.00,0.04480,0.06349,0.00657,0.00000,0.028714683
-0.00,2.50,0.00,2.50,0.00,0.00,0.55286,1.05496,0.01843,0.00000,0.406560730
-0.00,1.77,0.00,2.50,0.00,0.00,0.55275,1.05478,0.01858,0.00000,0.406527418
0.59,1.11,3.25,2.50,0.00,0.00,0.02630,0.00685,0.00188,0.00000,0.008757828
1.47,1.11,3.26,2.50,0.00,0.00,0.02337,0.00634,0.00184,0.00000,0.007885402
1.47,0.67,3.26,2.50,0.00,0.00,0.00241,0.00718,0.00104,0.00000,0.002656895
1.50,0.00,3.50,2.50,0.00,0.00,0.00552,0.01243,0.00153,0.00000,0.004872615
1.40,0.52,2.85,2.50,0.00,0.00,0.00420,0.00127,0.00048,0.00000,0.001485895
1.50,0.51,2.66,2.50,0.00,0.00,0.00346,0.00157,0.00032,0.00000,0.001336373
1.50,0.62,2.65,2.50,0.00,0.00,0.00346,0.00157,0.00032,0.00000,0.001336373
1.50,0.52,2.88,2.50,0.00,0.00,0.00272,0.00143,0.00051,0.00000,0.001165923
1.50,0.53,3.10,2.50,0.00,0.00,0.00177,0.00439,0.00079,0.00000,0.001735945
1.50,0.53,2.99,2.50,0.00,0.00,0.00226,0.00274,0.00064,0.00000,0.001408318
1.50,0.47,2.88,2.50,0.00,0.00,0.00272,0.00143,0.00051,0.00000,0.001165923
1.50,0.51,2.77,2.50,0.00,0.00,0.00312,0.00136,0.00041,0.00000,0.001221088
1.50,0.52,2.82,2.50,0.00,0.00,0.00286,0.00140,0.00047,0.00000,0.001184663
1.50,0.52,2.91,2.50,0.00,0.00,0.00257,0.00179,0.00055,0.00000,0.001227908
1.51,0.52,2.88,2.50,0.00,0.00,0.00259,0.00148,0.00051,0.00000,0.001145882
1.50,0.52,2.85,2.50,0.00,0.00,0.00286,0.00140,0.00047,0.00000,0.001184663
1.50,0.52,2.89,2.50,0.00,0.00,0.00257,0.00179,0.00055,0.00000,0.001227908
1.50,0.51,2.88,2.50,0.00,0.00,0.00272,0.00143,0.00051,0.00000,0.001165923
1.50,0.52,2.87,2.50,0.00,0.00,0.00272,0.00143,0.00051,0.00000,0.001165923
1.50,0.52,2.87,2.50,0.00,0.00,0.00272,0.00143,0.00051,0.00000,0.001165923
1.50,0.51,2.88,2.50,0.00,0.00,0.00272,0.00143,0.00051,0.00000,0.001165923
1.50,0.51,2.88,2.50,0.00,0.00,0.00272,0.00143,0.00051,0.00000,0.001165923
1.50,0.51,2.88,2.50,0.00,0.00,0.00272,0.00143,0.00051,0.00000,0.001165923
1.50,0.51,2.88,2.50,0.00,0.00,0.00272,0.00143,0.00051,0.00000,0.001165923
4.40,0.40,1.50,2.50,0.00,0.00,0.04988,0.03813,0.00074,0.00000,0.022188998
4.40,3.90,1.50,2.50,0.00,0.00,0.05250,0.03803,0.00079,0.00000,0.022830867
4.40,0.40,5.00,2.50,0.00,0.00,0.09728,0.10651,0.00780,0.00000,0.052897340
1.50,0.00,0.00,2.50,0.00,0.00,0.55356,1.05536,0.01843,0.00000,0.406838138
1.91,0.04,0.15,2.50,0.00,0.00,0.00540,0.00538,0.00009,0.00000,0.002717817
1.50,0.00,0.93,2.50,0.00,0.00,0.00595,0.00552,0.00009,0.00000,0.002889937
1.50,-0.00,1.80,2.50,0.00,0.00,0.00582,0.00528,0.00007,0.00000,0.002791500
1.50,-0.00,2.24,2.50,0.00,0.00,0.00515,0.00415,0.00006,0.00000,0.002339965
1.50,-0.00,2.68,2.50,0.00,0.00,0.00377,0.00192,0.00026,0.00000,0.001488978
1.50,-0.00,3.11,2.50,0.00,0.00,0.00177,0.00439,0.00079,0.00000,0.001735945
1.50,0.44,2.68,2.50,0.00,0.00,0.00346,0.00157,0.00032,0.00000,0.001336373
1.71,0.40,2.72,2.50,0.00,0.00,0.00284,0.00160,0.00038,0.00000,0.001204115
1.44,0.29,2.82,2.50,0.00,0.00,0.00354,0.00119,0.00048,0.00000,0.001301057
1.44,0.37,2.90,2.50,0.00,0.00,0.00325,0.00194,0.00055,0.00000,0.001433800
1.50,0.11,2.72,2.50,0.00,0.00,0.00324,0.00134,0.00037,0.00000,0.001238958
1.30,0.07,2.63,2.50,0.00,0.00,0.00703,0.00055,0.00031,0.00000,0.001971492
1.47,0.04,2.80,2.50,0.00,0.00,0.00340,0.00125,0.00044,0.00000,0.001271405
1.50,0.00,2.91,2.50,0.00,0.00,0.00257,0.00179,0.00055,0.00000,0.001227908
1.50,-0.00,2.80,2.50,0.00,0.00,0.00299,0.00138,0.00044,0.00000,0.001203047
1.50,-0.00,2.69,2.50,0.00,0.00,0.00377,0.00192,0.00026,0.00000,0.001488978
1.50,-0.00,2.75,2.50,0.00,0.00,0.00335,0.00138,0.00034,0.00000,0.001268515
1.52,0.02,2.80,2.50,0.00,0.00,0.00286,0.00143,0.00044,0.00000,0.001182512
1.50,-0.00,2.85,2.50,0.00,0.00,0.00299,0.00138,0.00044,0.00000,0.001203047
1.50,0.00,2.83,2.50,0.00,0.00,0.00286,0.00140,0.00047,0.00000,0.001184663
1.50,-0.00,2.85,2.50,0.00,0.00,0.00299,0.00138,0.00044,0.00000,0.001203047
1.50,-0.00,2.84,2.50,0.00,0.00,0.00299,0.00138,0.00044,0.00000,0.001203047
1.49,0.01,2.83,2.50,0.00,0.00,0.00286,0.00140,0.00047,0.00000,0.001184663
1.49,-0.00,2.83,2.50,0.00,0.00,0.00299,0.00138,0.00044,0.00000,0.001203047
1.50,0.01,2.82,2.50,0.00,0.00,0.00286,0.00140,0.00047,0.00000,0.001184663
1.50,0.01,2.82,2.50,0.00,0.00,0.00286,0.00140,0.00047,0.00000,0.001184663
1.50,0.00,2.82,2.50,0.00,0.00,0.00286,0.00140,0.00047,0.00000,0.001184663
1.50,-0.00,2.83,2.50,0.00,0.00,0.00299,0.00138,0.00044,0.00000,0.001203047
1.50,0.00,2.83,2.50,0.00,0.00,0.00286,0.00140,0.00047,0.00000,0.001184663
1.50,0.00,2.83,2.50,0.00,0.00,0.00286,0.00140,0.00047,0.00000,0.001184663
1.50,0.00,2.83,2.50,0.00,0.00,0.00286,0.00140,0.00047,0.00000,0.001184663
4.40,0.70,1.50,2.50,0.00,0.00,0.04988,0.03813,0.00074,0.00000,0.022188998
4.40,4.20,1.50,2.50,0.00,0.00,0.05533,0.03866,0.00100,0.00000,0.023746443
4.40,0.70,5.00,2.50,0.00,0.00,0.09728,0.10651,0.00780,0.00000,0.052897340
1.50,0.00,0.00,2.50,0.00,0.00,0.55356,1.05536,0.01843,0.00000,0.406838138
1.50,-0.00,1.75,2.50,0.00,0.00,0.00591,0.00542,0.00007,0.00000,0.002851445
1.50,-0.00,3.50,2.50,0.00,0.00,0.00552,0.01243,0.00153,0.00000,0.004872615
1.50,-0.00,2.62,2.50,0.00,0.00,0.00377,0.00192,0.00026,0.00000,0.001488978
1.50,0.00,3.06,2.50,0.00,0.00,0.00191,0.00380,0.00074,0.00000,0.001612303
1.50,0.00,2.41,2.50,0.00,0.00,0.00454,0.00312,0.00014,0.00000,0.001951947
1.40,0.20,2.63,2.50,0.00,0.00,0.00498,0.00097,0.00029,0.00000,0.001558985
1.50,0.11,2.63,2.50,0.00,0.00,0.00361,0.00175,0.00029,0.00000,0.001411812
1.50,0.11,2.68,2.50,0.00,0.00,0.00346,0.00157,0.00032,0.00000,0.001336373
1.50,0.16,2.78,2.50,0.00,0.00,0.00312,0.00136,0.00041,0.00000,0.001221088
1.50,0.13,2.88,2.50,0.00,0.00,0.00272,0.00143,0.00051,0.00000,0.001165923
1.50,0.21,2.96,2.50,0.00,0.00,0.00242,0.00225,0.00060,0.00000,0.001315368
1.45,0.13,2.88,2.50,0.00,0.00,0.00340,0.00150,0.00051,0.00000,0.001351412
1.50,0.02,2.88,2.50,0.00,0.00,0.00272,0.00143,0.00051,0.00000,0.001165923
1.50,0.13,2.94,2.50,0.00,0.00,0.00242,0.00225,0.00060,0.00000,0.001315368
1.50,0.13,2.86,2.50,0.00,0.00,0.00272,0.00143,0.00051,0.00000,0.001165923
1.50,0.14,2.88,2.50,0.00,0.00,0.00272,0.00143,0.00051,0.00000,0.001165923
1.51,0.13,2.88,2.50,0.00,0.00,0.00259,0.00148,0.00051,0.00000,0.001145882
1.50,0.13,2.88,2.50,0.00,0.00,0.00272,0.00143,0.00051,0.00000,0.001165923
1.50,0.13,2.88,2.50,0.00,0.00,0.00272,0.00143,0.00051,0.00000,0.001165923
1.50,0.13,2.88,2.50,0.00,0.00,0.00272,0.00143,0.00051,0.00000,0.001165923
1.50,0.13,2.88,2.50,0.00,0.00,0.00272,0.00143,0.00051,0.00000,0.001165923
4.40,1.10,1.50,2.50,0.00,0.00,0.01390,0.04786,0.00146,0.00000,0.015805000
4.40,4.60,1.50,2.50,0.00,0.00,0.06226,0.03980,0.00152,0.00000,0.025894760
4.40,1.10,5.00,2.50,0.00,0.00,0.05588,0.10031,0.00864,0.00000,0.041207240
1.50,-0.00,0.00,2.50,0.00,0.00,0.55356,1.05536,0.01843,0.00000,0.406838138
1.50,-0.00,1.75,2.50,0.00,0.00,0.00591,0.00542,0.00007,0.00000,0.002851445
1.50,-0.00,3.50,2.50,0.00,0.00,0.00552,0.01243,0.00153,0.00000,0.004872615
1.50,-0.00,2.62,2.50,0.00,0.00,0.00377,0.00192,0.00026,0.00000,0.001488978
1.50,-0.00,3.06,2.50,0.00,0.00,0.00209,0.00325,0.00069,0.00000,0.001507180
1.50,0.00,2.41,2.50,0.00,0.00,0.00454,0.00312,0.00014,0.00000,0.001951947
1.44,0.21,2.63,2.50,0.00,0.00,0.00428,0.00129,0.00029,0.00000,0.001463917
1.50,0.31,2.63,2.50,0.00,0.00,0.00361,0.00175,0.00029,0.00000,0.001411812
1.50,0.31,2.68,2.50,0.00,0.00,0.00346,0.00157,0.00032,0.00000,0.001336373
1.50,0.33,2.79,2.50,0.00,0.00,0.00299,0.00138,0.00044,0.00000,0.001203047
1.50,0.35,2.89,2.50,0.00,0.00,0.00257,0.00179,0.00055,0.00000,0.001227908
1.45,0.36,2.78,2.50,0.00,0.00,0.00380,0.00115,0.00041,0.00000,0.001339607
1.50,0.27,2.88,2.50,0.00,0.00,0.00272,0.00143,0.00051,0.00000,0.001165923
1.50,0.35,2.96,2.50,0.00,0.00,0.00242,0.00225,0.00060,0.00000,0.001315368
1.50,0.17,2.85,2.50,0.00,0.00,0.00286,0.00140,0.00047,0.00000,0.001184663
1.50,0.28,2.94,2.50,0.00,0.00,0.00242,0.00225,0.00060,0.00000,0.001315368
1.53,0.27,2.88,2.50,0.00,0.00,0.00249,0.00153,0.00051,0.00000,0.001132880
1.50,0.29,2.83,2.50,0.00,0.00,0.00286,0.00140,0.00047,0.00000,0.001184663
1.50,0.24,2.87,2.50,0.00,0.00,0.00272,0.00143,0.00051,0.00000,0.001165923
1.50,0.27,2.90,2.50,0.00,0.00,0.00257,0.00179,0.00055,0.00000,0.001227908
1.50,0.27,2.87,2.50,0.00,0.00,0.00272,0.00143,0.00051,0.00000,0.001165923
1.50,0.27,2.88,2.50,0.00,0.00,0.00272,0.00143,0.00051,0.00000,0.001165923
1.50,0.27,2.88,2.50,0.00,0.00,0.00272,0.00143,0.00051,0.00000,0.001165923
1.50,0.27,2.88,2.50,0.00,0.00,0.00272,0.00143,0.00051,0.00000,0.001165923
1.50,0.27,2.88,2.50,0.00,0.00,0.00272,0.00143,0.00051,0.00000,0.001165923
1.50,0.27,2.88,2.50,0.00,0.00,0.00272,0.00143,0.00051,0.00000,0.001165923
1.50,0.27,2.88,2.50,0.00,0.00,0.00272,0.00143,0.00051,0.00000,0.001165923
0.10,0.11,1.63,2.50,0.00,0.00,0.00560,0.00569,0.00008,0.00000,0.002842405
0.53,1.18,1.96,2.50,0.00,0.00,0.02245,0.00398,0.00081,0.00000,0.006808525
0.32,2.22,1.90,2.50,0.00,0.00,0.00544,0.00528,0.00007,0.00000,0.002698312
0.70,1.41,2.69,2.50,0.00,0.00,0.00732,0.00145,0.00053,0.00000,0.002325897
0.43,1.32,0.54,2.50,0.00,0.00,0.01401,0.00397,0.00032,0.00000,0.004577592
0.63,0.23,0.38,2.50,0.00,0.00,0.00564,0.00576,0.00010,0.00000,0.002873895
0.36,1.10,2.75,2.50,0.00,0.00,0.03001,0.00637,0.00143,0.00000,0.009452460
1.32,1.89,2.94,2.50,0.00,0.00,0.00522,0.00315,0.00063,0.00000,0.002250127
0.06,1.73,1.52,2.50,0.00,0.00,0.00631,0.00590,0.00008,0.00000,0.003069982
1.39,0.13,1.72,2.50,0.00,0.00,0.00774,0.00480,0.00008,0.00000,0.003157395
1.15,1.62,0.30,2.50,0.00,0.00,0.02755,0.00286,0.00007,0.00000,0.007619877
1.20,0.65,1.26,2.50,0.00,0.00,0.01941,0.00389,0.00011,0.00000,0.005851127
1.29,0.45,1.00,2.50,0.00,0.00,0.01038,0.00437,0.00008,0.00000,0.003706357
0.03,0.44,2.23,2.50,0.00,0.00,0.00471,0.00420,0.00008,0.00000,0.002248295
0.21,1.38,0.90,2.50,0.00,0.00,0.01083,0.00534,0.00018,0.00000,0.004090550
1.21,0.51,0.82,2.50,0.00,0.00,0.01762,0.00372,0.00008,0.00000,0.005357097
0.58,2.06,0.12,2.50,0.00,0.00,0.00561,0.00573,0.00010,0.00000,0.002861145
0.27,1.23,0.74,2.50,0.00,0.00,0.02139,0.00354,0.00065,0.00000,0.006394382
0.64,1.87,2.47,2.50,0.00,0.00,0.00407,0.00296,0.00019,0.00000,0.001806440
1.44,1.99,3.39,2.50,0.00,0.00,0.00373,0.00972,0.00127,0.00000,0.003680650
0.46,1.51,2.07,2.50,0.00,0.00,0.00735,0.00440,0.00018,0.00000,0.002982182
1.34,1.13,0.43,2.50,0.00,0.00,0.01880,0.00664,0.00073,0.00000,0.006541507
0.14,0.59,1.24,2.50,0.00,0.00,0.00566,0.00581,0.00009,0.00000,0.002890500
0.11,0.19,2.80,2.50,0.00,0.00,0.00260,0.00160,0.00044,0.00000,0.001160188
0.49,0.38,1.40,2.50,0.00,0.00,0.00566,0.00580,0.00008,0.00000,0.002885152
1.08,2.17,1.68,2.50,0.00,0.00,0.03318,0.00451,0.00011,0.00000,0.009449685
0.17,1.49,2.38,2.50,0.00,0.00,0.00679,0.00295,0.00028,0.00000,0.002507190
1.50,2.44,1.02,2.50,0.00,0.00,0.00646,0.00552,0.00008,0.00000,0.003015835
0.53,0.70,0.67,2.50,0.00,0.00,0.00566,0.00579,0.00009,0.00000,0.002887005
1.27,2.48,1.38,2.50,0.00,0.00,0.01241,0.00430,0.00006,0.00000,0.004191650
1.41,1.71,3.20,2.50,0.00,0.00,0.00289,0.00682,0.00101,0.00000,0.002679160
0.11,0.13,1.93,2.50,0.00,0.00,0.00532,0.00523,0.00007,0.00000,0.002656737
0.21,0.23,1.22,2.50,0.00,0.00,0.00566,0.00581,0.00009,0.00000,0.002890610
0.38,2.09,2.94,2.50,0.00,0.00,0.00203,0.00218,0.00060,0.00000,0.001202430
0.32,1.31,1.90,2.50,0.00,0.00,0.01503,0.00244,0.00047,0.00000,0.004485095
1.31,1.33,3.41,2.50,0.00,0.00,0.00471,0.01125,0.00159,0.00000,0.004386627
0.36,1.40,3.46,2.50,0.00,0.00,0.00505,0.01171,0.00159,0.00000,0.004585342
0.69,0.45,2.51,2.50,0.00,0.00,0.00383,0.00279,0.00020,0.00000,0.001706410
0.04,1.67,2.94,2.50,0.00,0.00,0.00279,0.00241,0.00065,0.00000,0.001464302
0.04,2.33,3.42,2.50,0.00,0.00,0.00425,0.01044,0.00136,0.00000,0.004011688
0.60,0.33,3.29,2.50,0.00,0.00,0.00291,0.00775,0.00111,0.00000,0.002944230
0.66,1.23,0.90,2.50,0.00,0.00,0.02139,0.00355,0.00065,0.00000,0.006399200
0.25,0.28,2.12,2.50,0.00,0.00,0.00497,0.00464,0.00007,0.00000,0.002419437
0.03,0.44,2.99,2.50,0.00,0.00,0.00188,0.00266,0.00064,0.00000,0.001294880
0.21,0.71,1.68,2.50,0.00,0.00,0.00557,0.00565,0.00008,0.00000,0.002825112
0.29,0.47,1.85,2.50,0.00,0.00,0.00541,0.00538,0.00007,0.00000,0.002717177
1.49,0.28,2.64,2.50,0.00,0.00,0.00361,0.00175,0.00029,0.00000,0.001411812
0.47,0.65,0.71,2.50,0.00,0.00,0.00566,0.00580,0.00009,0.00000,0.002887905
1.44,0.24,1.34,2.50,0.00,0.00,0.00666,0.00528,0.00009,0.00000,0.003005677
0.54,1.33,3.33,2.50,0.00,0.00,0.00955,0.00957,0.00145,0.00000,0.005142002
0.14,0.59,2.64,2.50,0.00,0.00,0.00326,0.00218,0.00029,0.00000,0.001431250
0.06,2.30,2.95,2.50,0.00,0.00,0.00225,0.00226,0.00061,0.00000,0.001279302
0.17,0.13,2.18,2.50,0.00,0.00,0.00485,0.00443,0.00007,0.00000,0.002338095
0.38,0.42,3.17,2.50,0.00,0.00,0.00168,0.00557,0.00091,0.00000,0.002037610
0.06,0.70,0.67,2.50,0.00,0.00,0.00566,0.00579,0.00009,0.00000,0.002887005
0.19,1.49,2.78,2.50,0.00,0.00,0.00540,0.00163,0.00055,0.00000,0.001894723
0.43,1.05,1.31,2.50,0.00,0.00,0.04101,0.01354,0.00155,0.00000,0.014025885
0.26,0.51,3.20,2.50,0.00,0.00,0.00206,0.00625,0.00097,0.00000,0.002321950
0.28,0.52,3.06,2.50,0.00,0.00,0.00156,0.00372,0.00074,0.00000,0.001506140
0.46,1.73,0.54,2.50,0.00,0.00,0.00631,0.00589,0.00008,0.00000,0.003071485
1.30,0.06,2.94,2.50,0.00,0.00,0.00567,0.00326,0.00063,0.00000,0.002390780
0.70,1.41,2.55,2.50,0.00,0.00,0.00767,0.00170,0.00044,0.00000,0.002452067
0.28,0.54,3.20,2.50,0.00,0.00,0.00206,0.00625,0.00097,0.00000,0.002321950
0.01,0.31,2.83,2.50,0.00,0.00,0.00247,0.00162,0.00048,0.00000,0.001142760
0.03,2.04,2.71,2.50,0.00,0.00,0.00294,0.00181,0.00035,0.00000,0.001274297
0.65,1.20,1.62,2.50,0.00,0.00,0.02206,0.00390,0.00076,0.00000,0.006679792
0.67,0.38,2.75,2.50,0.00,0.00,0.00272,0.00158,0.00041,0.00000,0.001177258
0.04,0.04,2.97,2.50,0.00,0.00,0.00188,0.00266,0.00064,0.00000,0.001294880
0.12,0.44,0.07,2.50,0.00,0.00,0.00563,0.00574,0.00010,0.00000,0.002865312
0.57,1.24,2.21,2.50,0.00,0.00,0.02013,0.00327,0.00071,0.00000,0.006027620
1.12,0.24,0.90,2.50,0.00,0.00,0.02819,0.00383,0.00009,0.00000,0.008026725
0.14,0.33,0.57,2.50,0.00,0.00,0.00565,0.00578,0.00009,0.00000,0.002883300
1.14,0.05,3.11,2.50,0.00,0.00,0.02046,0.00970,0.00099,0.00000,0.007789215
0.03,0.13,1.51,2.50,0.00,0.00,0.00564,0.00577,0.00008,0.00000,0.002874392
0.29,0.25,1.68,2.50,0.00,0.00,0.00557,0.00565,0.00008,0.00000,0.002825112
0.39,1.84,3.18,2.50,0.00,0.00,0.00180,0.00562,0.00092,0.00000,0.002087010
0.29,0.38,1.57,2.50,0.00,0.00,0.00563,0.00574,0.00008,0.00000,0.002861872
0.69,0.17,2.71,2.50,0.00,0.00,0.00295,0.00181,0.00035,0.00000,0.001278545
0.35,1.61,2.27,2.50,0.00,0.00,0.00579,0.00394,0.00017,0.00000,0.002473457
1.12,2.23,2.21,2.50,0.00,0.00,0.02696,0.00358,0.00015,0.00000,0.007672847
1.34,0.35,1.55,2.50,0.00,0.00,0.00874,0.00472,0.00009,0.00000,0.003388822
0.42,0.03,2.31,2.50,0.00,0.00,0.00447,0.00380,0.00011,0.00000,0.002092697
0.06,0.03,2.14,2.50,0.00,0.00,0.00497,0.00464,0.00007,0.00000,0.002419437
0.56,0.31,0.15,2.50,0.00,0.00,0.00563,0.00574,0.00010,0.00000,0.002865960
0.45,1.44,0.69,2.50,0.00,0.00,0.00932,0.00552,0.00013,0.00000,0.003744265
0.38,1.68,2.68,2.50,0.00,0.00,0.00381,0.00206,0.00037,0.00000,0.001562785
0.20,1.27,1.02,2.50,0.00,0.00,0.01861,0.00240,0.00053,0.00000,0.005384100
0.06,2.13,0.37,2.50,0.00,0.00,0.00565,0.00575,0.00010,0.00000,0.002874787
0.11,1.41,2.32,2.50,0.00,0.00,0.00846,0.00318,0.00032,0.00000,0.002989767
0.34,2.42,2.78,2.50,0.00,0.00,0.00319,0.00175,0.00044,0.00000,0.001345852
0.35,2.46,2.80,2.50,0.00,0.00,0.00323,0.00184,0.00048,0.00000,0.001385648
1.05,2.05,2.65,2.50,0.00,0.00,0.03157,0.00726,0.00052,0.00000,0.009837480
0.14,0.39,2.17,2.50,0.00,0.00,0.00485,0.00443,0.00007,0.00000,0.002338095
0.01,0.31,3.33,2.50,0.00,0.00,0.00337,0.00857,0.00118,0.00000,0.003282458
1.49,0.23,3.41,2.50,0.00,0.00,0.00440,0.01045,0.00135,0.00000,0.004050568
0.38,1.91,2.10,2.50,0.00,0.00,0.00511,0.00474,0.00007,0.00000,0.002481660
0.32,1.43,1.40,2.50,0.00,0.00,0.00956,0.00547,0.00014,0.00000,0.003792372
0.57,1.41,1.02,2.50,0.00,0.00,0.00992,0.00552,0.00015,0.00000,0.003897895
0.11,1.66,1.55,2.50,0.00,0.00,0.00667,0.00588,0.00008,0.00000,0.003158695
1.30,2.41,2.53,2.50,0.00,0.00,0.00798,0.00105,0.00026,0.00000,0.002325237
0.69,1.63,2.72,2.50,0.00,0.00,0.00386,0.00172,0.00045,0.00000,0.001505870
0.61,0.60,2.75,2.50,0.00,0.00,0.00272,0.00158,0.00041,0.00000,0.001177258
0.55,1.16,1.37,2.50,0.00,0.00,0.02345,0.00444,0.00080,0.00000,0.007172075
0.10,0.63,3.47,2.50,0.00,0.00,0.00492,0.01131,0.00144,0.00000,0.004416345
0.04,2.33,3.26,2.50,0.00,0.00,0.00235,0.00708,0.00106,0.00000,0.002620208
0.24,1.35,2.94,2.50,0.00,0.00,0.00850,0.00296,0.00082,0.00000,0.003069617
0.07,1.08,0.07,2.50,0.00,0.00,0.03382,0.00928,0.00124,0.00000,0.011083420
1.15,2.11,0.57,2.50,0.00,0.00,0.02458,0.00356,0.00009,0.00000,0.007057647
1.15,0.40,2.51,2.50,0.00,0.00,0.02181,0.00470,0.00032,0.00000,0.006709482
0.51,1.27,1.16,2.50,0.00,0.00,0.01856,0.00236,0.00054,0.00000,0.005365565
0.13,1.58,1.44,2.50,0.00,0.00,0.00744,0.00587,0.00009,0.00000,0.003350095
0.20,2.04,1.22,2.50,0.00,0.00,0.00565,0.00581,0.00009,0.00000,0.002885997
0.25,1.55,1.60,2.50,0.00,0.00,0.00758,0.00570,0.00010,0.00000,0.003344585
0.09,0.57,1.74,2.50,0.00,0.00,0.00553,0.00557,0.00007,0.00000,0.002792172
0.14,0.12,2.99,2.50,0.00,0.00,0.00188,0.00266,0.00064,0.00000,0.001294880
0.48,0.49,1.68,2.50,0.00,0.00,0.00557,0.00565,0.00008,0.00000,0.002825112
0.39,1.84,1.73,2.50,0.00,0.00,0.00579,0.00565,0.00007,0.00000,0.002876465
0.15,0.17,1.95,2.50,0.00,0.00,0.00529,0.00517,0.00007,0.00000,0.002633575
0.35,1.07,0.96,2.50,0.00,0.00,0.03712,0.01113,0.00137,0.00000,0.012404130
0.64,1.87,2.58,2.50,0.00,0.00,0.00368,0.00254,0.00025,0.00000,0.001617355
1.44,0.09,1.43,2.50,0.00,0.00,0.00666,0.00529,0.00009,0.00000,0.003010110
0.46,1.29,2.07,2.50,0.00,0.00,0.01646,0.00167,0.00055,0.00000,0.004671220
0.35,1.72,2.54,2.50,0.00,0.00,0.00423,0.00274,0.00026,0.00000,0.001808203
0.19,2.15,2.50,2.50,0.00,0.00,0.00386,0.00280,0.00020,0.00000,0.001715050
0.42,2.05,2.31,2.50,0.00,0.00,0.00445,0.00380,0.00011,0.00000,0.002089032
0.32,0.48,3.22,2.50,0.00,0.00,0.00206,0.00625,0.00097,0.00000,0.002321950
1.35,0.37,1.02,2.50,0.00,0.00,0.00834,0.00458,0.00009,0.00000,0.003252280
0.12,1.41,3.00,2.50,0.00,0.00,0.00621,0.00379,0.00086,0.00000,0.002714852
0.34,2.32,2.12,2.50,0.00,0.00,0.00523,0.00461,0.00007,0.00000,0.002478467
1.16,0.47,2.49,2.50,0.00,0.00,0.02007,0.00440,0.00032,0.00000,0.006196537
0.26,1.15,3.20,2.50,0.00,0.00,0.02193,0.00742,0.00162,0.00000,0.007742305
1.27,1.68,1.16,2.50,0.00,0.00,0.01216,0.00456,0.00006,0.00000,0.004196497
0.03,2.42,3.13,2.50,0.00,0.00,0.00190,0.00508,0.00088,0.00000,0.001964658
0.13,1.36,3.24,2.50,0.00,0.00,0.00717,0.00755,0.00125,0.00000,0.003990597
0.52,0.24,2.51,2.50,0.00,0.00,0.00383,0.00279,0.00020,0.00000,0.001706410
0.68,0.31,2.23,2.50,0.00,0.00,0.00471,0.00420,0.00008,0.00000,0.002248295
0.09,0.54,3.39,2.50,0.00,0.00,0.00386,0.00943,0.00126,0.00000,0.003639940
0.20,0.19,0.63,2.50,0.00,0.00,0.00566,0.00579,0.00009,0.00000,0.002885682
0.42,0.58,2.85,2.50,0.00,0.00,0.00247,0.00162,0.00048,0.00000,0.001142760
0.08,0.54,2.49,2.50,0.00,0.00,0.00383,0.00279,0.00020,0.00000,0.001706410
0.61,0.60,3.45,2.50,0.00,0.00,0.00492,0.01131,0.00144,0.00000,0.004416345
1.15,0.35,2.85,2.50,0.00,0.00,0.02012,0.00710,0.00065,0.00000,0.006966762
1.36,0.43,2.16,2.50,0.00,0.00,0.00776,0.00356,0.00005,0.00000,0.002842592
0.21,1.49,2.94,2.50,0.00,0.00,0.00476,0.00287,0.00074,0.00000,0.002090452
0.48,0.44,0.07,2.50,0.00,0.00,0.00563,0.00574,0.00010,0.00000,0.002865312
0.20,2.47,0.57,2.50,0.00,0.00,0.00628,0.00576,0.00008,0.00000,0.003029565
0.38,2.23,2.22,2.50,0.00,0.00,0.00490,0.00431,0.00008,0.00000,0.002320972
0.06,2.36,3.29,2.50,0.00,0.00,0.00276,0.00787,0.00113,0.00000,0.002938320
0.07,1.38,1.44,2.50,0.00,0.00,0.01074,0.00524,0.00020,0.00000,0.004044645
0.68,2.04,2.54,2.50,0.00,0.00,0.00369,0.00265,0.00022,0.00000,0.001639585
0.14,0.20,2.12,2.50,0.00,0.00,0.00497,0.00464,0.00007,0.00000,0.002419437
1.18,1.09,1.74,2.50,0.00,0.00,0.01667,0.01046,0.00066,0.00000,0.006948397
0.02,0.32,2.85,2.50,0.00,0.00,0.00247,0.00162,0.00048,0.00000,0.001142760
0.39,0.21,1.04,2.50,0.00,0.00,0.00566,0.00581,0.00009,0.00000,0.002889565
1.27,0.19,3.10,2.50,0.00,0.00,0.00683,0.00610,0.00086,0.00000,0.003447447
0.07,0.17,2.61,2.50,0.00,0.00,0.00341,0.00235,0.00027,0.00000,0.001507255
0.10,2.31,2.58,2.50,0.00,0.00,0.00381,0.00256,0.00026,0.00000,0.001657420
0.03,0.24,1.34,2.50,0.00,0.00,0.00566,0.00581,0.00009,0.00000,0.002888077
0.04,1.47,2.90,2.50,0.00,0.00,0.00557,0.00246,0.00071,0.00000,0.002183497
0.11,0.59,1.97,2.50,0.00,0.00,0.00525,0.00511,0.00007,0.00000,0.002608760
0.20,2.05,2.31,2.50,0.00,0.00,0.00445,0.00380,0.00011,0.00000,0.002089032
1.25,0.47,2.95,2.50,0.00,0.00,0.01023,0.00523,0.00069,0.00000,0.004036682
0.37,0.48,0.15,2.50,0.00,0.00,0.00563,0.00574,0.00010,0.00000,0.002865960
0.10,1.68,2.68,2.50,0.00,0.00,0.00381,0.00206,0.00037,0.00000,0.001562785
0.06,1.08,0.37,2.50,0.00,0.00,0.03383,0.00928,0.00124,0.00000,0.011086272
0.49,0.42,3.00,2.50,0.00,0.00,0.00171,0.00318,0.00069,0.00000,0.001393597
1.37,2.42,1.26,2.50,0.00,0.00,0.00859,0.00472,0.00008,0.00000,0.003347217
0.11,1.47,3.42,2.50,0.00,0.00,0.00426,0.01088,0.00149,0.00000,0.004156837
0.26,1.19,2.81,2.50,0.00,0.00,0.02112,0.00527,0.00103,0.00000,0.006856360
0.06,0.52,3.06,2.50,0.00,0.00,0.00156,0.00372,0.00074,0.00000,0.001506140
0.34,0.32,3.03,2.50,0.00,0.00,0.00171,0.00318,0.00069,0.00000,0.001393597
0.12,0.23,2.98,2.50,0.00,0.00,0.00188,0.00266,0.00064,0.00000,0.001294880
0.06,0.35,3.20,2.50,0.00,0.00,0.00206,0.00625,0.00097,0.00000,0.002321950
0.70,0.19,2.61,2.50,0.00,0.00,0.00341,0.00235,0.00027,0.00000,0.001507255
0.25,0.58,2.15,2.50,0.00,0.00,0.00491,0.00454,0.00007,0.00000,0.002380047
0.47,1.34,1.78,2.50,0.00,0.00,0.01221,0.00402,0.00033,0.00000,0.004139762
0.61,1.09,2.78,2.50,0.00,0.00,0.03001,0.00637,0.00143,0.00000,0.009452460
0.00,0.04,1.16,2.50,0.00,0.00,0.00566,0.00581,0.00009,0.00000,0.002890462
0.06,0.41,2.95,2.50,0.00,0.00,0.00204,0.00218,0.00060,0.00000,0.001202045
0.40,0.11,2.72,2.50,0.00,0.00,0.00284,0.00161,0.00038,0.00000,0.001208645
0.21,1.20,2.43,2.50,0.00,0.00,0.02169,0.00416,0.00082,0.00000,0.006669100
0.14,0.39,0.04,2.50,0.00,0.00,0.00563,0.00574,0.00010,0.00000,0.002865270
0.02,1.24,2.14,2.50,0.00,0.00,0.02016,0.00320,0.00070,0.00000,0.006016365
1.30,0.00,0.00,2.50,0.00,0.00,0.55082,1.05585,0.01843,0.00000,0.406274803
0.13,0.61,1.44,2.50,0.00,0.00,0.00565,0.00579,0.00008,0.00000,0.002882977
0.08,1.13,3.35,2.50,0.00,0.00,0.02407,0.00835,0.00193,0.00000,0.008589873
0.03,0.32,2.66,2.50,0.00,0.00,0.00309,0.00200,0.00032,0.00000,0.001351235
0.13,0.58,2.85,2.50,0.00,0.00,0.00247,0.00162,0.00048,0.00000,0.001142760
0.31,2.01,2.01,2.50,0.00,0.00,0.00521,0.00504,0.00007,0.00000,0.002582202
1.05,0.08,3.26,2.50,0.00,0.00,0.02707,0.01257,0.00129,0.00000,0.010233887
1.23,0.05,3.18,2.50,0.00,0.00,0.01044,0.00886,0.00104,0.00000,0.005082902
0.08,1.55,2.45,2.50,0.00,0.00,0.00579,0.00283,0.00028,0.00000,0.002224550
0.57,1.24,2.85,2.50,0.00,0.00,0.01931,0.00492,0.00099,0.00000,0.006305702
0.07,1.05,2.91,2.50,0.00,0.00,0.03989,0.01118,0.00193,0.00000,0.013250150
0.01,0.44,1.65,2.50,0.00,0.00,0.00559,0.00567,0.00008,0.00000,0.002834210
0.01,1.72,2.90,2.50,0.00,0.00,0.00274,0.00190,0.00059,0.00000,0.001307260
0.14,0.27,3.03,2.50,0.00,0.00,0.00171,0.00318,0.00069,0.00000,0.001393597
0.28,1.39,1.35,2.50,0.00,0.00,0.01025,0.00542,0.00017,0.00000,0.003960165
0.00,0.54,2.72,2.50,0.00,0.00,0.00284,0.00161,0.00038,0.00000,0.001208645
0.37,0.17,3.21,2.50,0.00,0.00,0.00206,0.00625,0.00097,0.00000,0.002321950
0.39,0.48,2.98,2.50,0.00,0.00,0.00188,0.00266,0.00064,0.00000,0.001294880
0.06,1.39,2.59,2.50,0.00,0.00,0.00804,0.00153,0.00047,0.00000,0.002510990
0.04,1.47,3.09,2.50,0.00,0.00,0.00479,0.00497,0.00094,0.00000,0.002676020
0.22,1.27,2.54,2.50,0.00,0.00,0.01747,0.00258,0.00071,0.00000,0.005188857
0.49,1.52,3.00,2.50,0.00,0.00,0.00413,0.00381,0.00082,0.00000,0.002188772
0.00,0.51,2.98,2.50,0.00,0.00,0.00188,0.00266,0.00064,0.00000,0.001294880
0.26,1.53,1.89,2.50,0.00,0.00,0.00743,0.00502,0.00013,0.00000,0.003142565
0.06,1.39,2.82,2.50,0.00,0.00,0.00736,0.00164,0.00067,0.00000,0.002417790
0.39,1.22,2.96,2.50,0.00,0.00,0.01975,0.00580,0.00112,0.00000,0.006668087
0.04,0.23,2.98,2.50,0.00,0.00,0.00188,0.00266,0.00064,0.00000,0.001294880
1.47,0.50,2.94,2.50,0.00,0.00,0.00282,0.00233,0.00060,0.00000,0.001436337
0.33,0.24,2.61,2.50,0.00,0.00,0.00341,0.00235,0.00027,0.00000,0.001507255
0.17,2.22,0.87,2.50,0.00,0.00,0.00575,0.00580,0.00009,0.00000,0.002910597
0.43,0.55,3.02,2.50,0.00,0.00,0.00171,0.00318,0.00069,0.00000,0.001393597
0.11,1.87,2.80,2.50,0.00,0.00,0.00272,0.00164,0.00045,0.00000,0.001203303
0.42,0.21,2.69,2.50,0.00,0.00,0.00295,0.00181,0.00035,0.00000,0.001278545
0.26,2.06,2.76,2.50,0.00,0.00,0.00271,0.00157,0.00041,0.00000,0.001173070
0.17,0.26,0.47,2.50,0.00,0.00,0.00565,0.00577,0.00010,0.00000,0.002878375
0.11,1.49,0.92,2.50,0.00,0.00,0.00851,0.00570,0.00011,0.00000,0.003578435
0.70,0.23,3.44,2.50,0.00,0.00,0.00438,0.01034,0.00135,0.00000,0.004017603
0.09,0.31,1.95,2.50,0.00,0.00,0.00529,0.00517,0.00007,0.00000,0.002633575
0.52,0.14,2.15,2.50,0.00,0.00,0.00491,0.00454,0.00007,0.00000,0.002380047
0.37,0.13,2.14,2.50,0.00,0.00,0.00497,0.00464,0.00007,0.00000,0.002419437
0.23,2.40,2.40,2.50,0.00,0.00,0.00461,0.00328,0.00017,0.00000,0.002016367
0.01,2.14,1.44,2.50,0.00,0.00,0.00567,0.00579,0.00008,0.00000,0.002884402
0.03,1.79,2.66,2.50,0.00,0.00,0.00339,0.00207,0.00034,0.00000,0.001451473
0.14,1.48,3.22,2.50,0.00,0.00,0.00387,0.00688,0.00111,0.00000,0.002964570
0.27,2.38,3.42,2.50,0.00,0.00,0.00419,0.01047,0.00137,0.00000,0.004008273
0.39,1.84,2.94,2.50,0.00,0.00,0.00224,0.00224,0.00061,0.00000,0.001273330
0.31,1.77,3.30,2.50,0.00,0.00,0.00270,0.00786,0.00114,0.00000,0.002923340
0.30,0.17,1.26,2.50,0.00,0.00,0.00566,0.00581,0.00009,0.00000,0.002890315
0.27,1.71,2.14,2.50,0.00,0.00,0.00554,0.00465,0.00009,0.00000,0.002567555
1.35,0.24,2.58,2.50,0.00,0.00,0.00629,0.00112,0.00024,0.00000,0.001915375
0.01,0.40,0.50,2.50,0.00,0.00,0.00565,0.00578,0.00009,0.00000,0.002879872
0.30,0.20,3.14,2.50,0.00,0.00,0.00163,0.00492,0.00085,0.00000,0.001849837
0.06,1.72,0.70,2.50,0.00,0.00,0.00632,0.00591,0.00008,0.00000,0.003077107
0.14,0.27,2.32,2.50,0.00,0.00,0.00447,0.00380,0.00011,0.00000,0.002092697
1.35,0.07,2.13,2.50,0.00,0.00,0.00782,0.00367,0.00005,0.00000,0.002885562
0.24,2.16,1.96,2.50,0.00,0.00,0.00532,0.00517,0.00007,0.00000,0.002639505
0.51,0.23,3.21,2.50,0.00,0.00,0.00206,0.00625,0.00097,0.00000,0.002321950
0.39,0.48,2.88,2.50,0.00,0.00,0.00233,0.00165,0.00052,0.00000,0.001125040
0.52,1.68,2.29,2.50,0.00,0.00,0.00530,0.00389,0.00015,0.00000,0.002335705
0.38,1.62,2.93,2.50,0.00,0.00,0.00323,0.00255,0.00067,0.00000,0.001612552
0.06,2.13,2.62,2.50,0.00,0.00,0.00327,0.00218,0.00029,0.00000,0.001433985
0.49,0.42,2.59,2.50,0.00,0.00,0.00341,0.00235,0.00027,0.00000,0.001507255
0.43,0.46,2.98,2.50,0.00,0.00,0.00188,0.00266,0.00064,0.00000,0.001294880
0.35,0.40,2.67,2.50,0.00,0.00,0.00309,0.00200,0.00032,0.00000,0.001351235
0.26,0.41,3.50,2.50,0.00,0.00,0.00549,0.01232,0.00153,0.00000,0.004837140
0.39,1.70,2.68,2.50,0.00,0.00,0.00371,0.00208,0.00037,0.00000,0.001537122
0.69,2.09,2.88,2.50,0.00,0.00,0.00233,0.00165,0.00052,0.00000,0.001124520
1.06,1.09,2.96,2.50,0.00,0.00,0.02425,0.00363,0.00148,0.00000,0.007340270
0.70,1.79,2.23,2.50,0.00,0.00,0.00503,0.00421,0.00010,0.00000,0.002336900
0.43,2.09,2.42,2.50,0.00,0.00,0.00417,0.00330,0.00015,0.00000,0.001906510
0.66,2.06,2.76,2.50,0.00,0.00,0.00271,0.00157,0.00041,0.00000,0.001173070
0.67,2.31,2.79,2.50,0.00,0.00,0.00287,0.00170,0.00046,0.00000,0.001257397
1.15,1.85,2.55,2.50,0.00,0.00,0.02198,0.00528,0.00040,0.00000,0.006913640
0.61,2.03,2.28,2.50,0.00,0.00,0.00454,0.00394,0.00010,0.00000,0.002145267
1.06,2.00,3.09,2.50,0.00,0.00,0.02837,0.01090,0.00104,0.00000,0.010077345
0.70,2.38,2.87,2.50,0.00,0.00,0.00273,0.00180,0.00054,0.00000,0.001267570
0.37,2.29,3.35,2.50,0.00,0.00,0.00327,0.00865,0.00120,0.00000,0.003278858
0.50,2.33,2.82,2.50,0.00,0.00,0.00274,0.00173,0.00049,0.00000,0.001239905
0.44,2.12,3.02,2.50,0.00,0.00,0.00172,0.00319,0.00069,0.00000,0.001398882
0.32,0.55,2.91,2.50,0.00,0.00,0.00219,0.00173,0.00056,0.00000,0.001118025
0.27,0.52,2.94,2.50,0.00,0.00,0.00204,0.00218,0.00060,0.00000,0.001202045
0.43,1.80,2.42,2.50,0.00,0.00,0.00443,0.00331,0.00017,0.00000,0.001976975
0.36,0.71,2.55,2.50,0.00,0.00,0.00356,0.00250,0.00024,0.00000,0.001577385
0.55,0.24,2.31,2.50,0.00,0.00,0.00447,0.00380,0.00011,0.00000,0.002092697
0.00,0.60,2.13,2.50,0.00,0.00,0.00497,0.00464,0.00007,0.00000,0.002419437
0.46,0.23,2.83,2.50,0.00,0.00,0.00247,0.00162,0.00048,0.00000,0.001142760
0.43,0.51,2.97,2.50,0.00,0.00,0.00188,0.00266,0.00064,0.00000,0.001294880
0.20,0.53,2.68,2.50,0.00,0.00,0.00309,0.00200,0.00032,0.00000,0.001351235
0.38,0.57,3.12,2.50,0.00,0.00,0.00163,0.00492,0.00085,0.00000,0.001849837
0.24,2.13,2.55,2.50,0.00,0.00,0.00357,0.00250,0.00025,0.00000,0.001580150
0.43,0.38,2.76,2.50,0.00,0.00,0.00272,0.00158,0.00041,0.00000,0.001177258
0.35,1.61,2.98,2.50,0.00,0.00,0.00307,0.00303,0.00072,0.00000,0.001705257
0.54,0.52,2.86,2.50,0.00,0.00,0.00233,0.00165,0.00052,0.00000,0.001125040
0.22,1.36,3.04,2.50,0.00,0.00,0.00807,0.00443,0.00096,0.00000,0.003363517
0.49,1.42,2.98,2.50,0.00,0.00,0.00597,0.00333,0.00081,0.00000,0.002527125
0.39,0.52,2.93,2.50,0.00,0.00,0.00204,0.00218,0.00060,0.00000,0.001202045
0.25,0.59,2.80,2.50,0.00,0.00,0.00260,0.00160,0.00044,0.00000,0.001160188
0.38,0.52,2.97,2.50,0.00,0.00,0.00188,0.00266,0.00064,0.00000,0.001294880
0.37,0.36,3.08,2.50,0.00,0.00,0.00160,0.00430,0.00079,0.00000,0.001672873
0.42,0.37,2.67,2.50,0.00,0.00,0.00309,0.00200,0.00032,0.00000,0.001351235
0.00,1.45,2.76,2.50,0.00,0.00,0.00639,0.00158,0.00058,0.00000,0.002137718
0.50,1.25,2.51,2.50,0.00,0.00,0.01991,0.00375,0.00076,0.00000,0.006106245
0.64,1.62,2.82,2.50,0.00,0.00,0.00365,0.00178,0.00056,0.00000,0.001498077
0.14,0.29,2.95,2.50,0.00,0.00,0.00204,0.00218,0.00060,0.00000,0.001202045
0.39,1.64,2.87,2.50,0.00,0.00,0.00335,0.00182,0.00058,0.00000,0.001439390
0.65,1.49,2.81,2.50,0.00,0.00,0.00528,0.00166,0.00058,0.00000,0.001881233
0.23,0.31,2.99,2.50,0.00,0.00,0.00188,0.00266,0.00064,0.00000,0.001294880
0.49,0.65,1.21,2.50,0.00,0.00,0.00566,0.00581,0.00009,0.00000,0.002890635
0.41,1.19,2.67,2.50,0.00,0.00,0.02140,0.00475,0.00093,0.00000,0.006768527
0.34,0.51,3.00,2.50,0.00,0.00,0.00171,0.00318,0.00069,0.00000,0.001393597
0.56,1.89,2.87,2.50,0.00,0.00,0.00242,0.00168,0.00052,0.00000,0.001155850
0.18,0.41,2.94,2.50,0.00,0.00,0.00204,0.00218,0.00060,0.00000,0.001202045
0.53,0.32,2.46,2.50,0.00,0.00,0.00395,0.00294,0.00018,0.00000,0.001769302
0.17,1.09,2.84,2.50,0.00,0.00,0.02987,0.00618,0.00148,0.00000,0.009382967
0.35,0.47,2.74,2.50,0.00,0.00,0.00284,0.00161,0.00038,0.00000,0.001208645
0.40,1.34,2.82,2.50,0.00,0.00,0.01005,0.00199,0.00075,0.00000,0.003195780
0.35,0.71,2.83,2.50,0.00,0.00,0.00247,0.00162,0.00048,0.00000,0.001142760
0.18,0.42,2.89,2.50,0.00,0.00,0.00219,0.00173,0.00056,0.00000,0.001118025
0.01,1.61,2.91,2.50,0.00,0.00,0.00338,0.00209,0.00063,0.00000,0.001525325
0.20,1.95,2.79,2.50,0.00,0.00,0.00263,0.00161,0.00044,0.00000,0.001171917
0.38,0.65,2.84,2.50,0.00,0.00,0.00247,0.00162,0.00048,0.00000,0.001142760
0.01,0.64,2.90,2.50,0.00,0.00,0.00219,0.00173,0.00056,0.00000,0.001118025
0.49,1.45,2.78,2.50,0.00,0.00,0.00639,0.00158,0.00058,0.00000,0.002137718
0.38,0.55,2.93,2.50,0.00,0.00,0.00204,0.00218,0.00060,0.00000,0.001202045
0.48,0.28,2.83,2.50,0.00,0.00,0.00247,0.00162,0.00048,0.00000,0.001142760
0.48,0.55,3.00,2.50,0.00,0.00,0.00171,0.00318,0.00069,0.00000,0.001393597
0.28,0.38,2.56,2.50,0.00,0.00,0.00356,0.00250,0.00024,0.00000,0.001577385
0.25,1.33,3.25,2.50,0.00,0.00,0.00997,0.00806,0.00131,0.00000,0.004835525
0.26,0.54,2.99,2.50,0.00,0.00,0.00188,0.00266,0.00064,0.00000,0.001294880
0.24,0.32,2.86,2.50,0.00,0.00,0.00233,0.00165,0.00052,0.00000,0.001125040
0.05,1.37,2.88,2.50,0.00,0.00,0.00787,0.00199,0.00072,0.00000,0.002643690
0.26,0.53,2.80,2.50,0.00,0.00,0.00260,0.00160,0.00044,0.00000,0.001160188
0.18,0.68,3.02,2.50,0.00,0.00,0.00171,0.00318,0.00069,0.00000,0.001393597
0.09,1.64,3.05,2.50,0.00,0.00,0.00257,0.00404,0.00081,0.00000,0.001853062
0.38,0.71,2.94,2.50,0.00,0.00,0.00204,0.00218,0.00060,0.00000,0.001202045
0.63,1.94,2.80,2.50,0.00,0.00,0.00263,0.00161,0.00044,0.00000,0.001171917
0.52,1.28,2.76,2.50,0.00,0.00,0.01705,0.00341,0.00087,0.00000,0.005329665
0.24,0.63,2.75,2.50,0.00,0.00,0.00272,0.00158,0.00041,0.00000,0.001177258
0.51,0.04,2.85,2.50,0.00,0.00,0.00247,0.00162,0.00048,0.00000,0.001142760
0.46,0.29,2.83,2.50,0.00,0.00,0.00247,0.00162,0.00048,0.00000,0.001142760
0.18,0.11,2.87,2.50,0.00,0.00,0.00233,0.00165,0.00052,0.00000,0.001125040
0.38,0.60,2.81,2.50,0.00,0.00,0.00260,0.00160,0.00044,0.00000,0.001160188
0.43,0.39,2.87,2.50,0.00,0.00,0.00233,0.00165,0.00052,0.00000,0.001125040
0.23,0.52,2.99,2.50,0.00,0.00,0.00188,0.00266,0.00064,0.00000,0.001294880
0.55,0.43,2.44,2.50,0.00,0.00,0.00407,0.00313,0.00017,0.00000,0.001839435
0.37,0.13,2.99,2.50,0.00,0.00,0.00188,0.00266,0.00064,0.00000,0.001294880
0.50,0.08,2.89,2.50,0.00,0.00,0.00219,0.00173,0.00056,0.00000,0.001118025
0.25,1.31,3.00,2.50,0.00,0.00,0.01276,0.00489,0.00103,0.00000,0.004670270
0.49,1.36,2.74,2.50,0.00,0.00,0.00916,0.00116,0.00062,0.00000,0.002734127
0.45,0.59,2.84,2.50,0.00,0.00,0.00247,0.00162,0.00048,0.00000,0.001142760
0.37,1.71,3.29,2.50,0.00,0.00,0.00260,0.00791,0.00115,0.00000,0.002914200
0.02,1.54,2.93,2.50,0.00,0.00,0.00414,0.00278,0.00072,0.00000,0.001908280
0.62,0.33,2.86,2.50,0.00,0.00,0.00233,0.00165,0.00052,0.00000,0.001125040
0.20,0.17,2.88,2.50,0.00,0.00,0.00233,0.00165,0.00052,0.00000,0.001125040
0.64,0.59,2.90,2.50,0.00,0.00,0.00219,0.00173,0.00056,0.00000,0.001118025
0.06,0.58,2.81,2.50,0.00,0.00,0.00260,0.00160,0.00044,0.00000,0.001160188
0.12,0.24,3.00,2.50,0.00,0.00,0.00171,0.00318,0.00069,0.00000,0.001393597
0.01,1.57,2.90,2.50,0.00,0.00,0.00378,0.00221,0.00065,0.00000,0.001658633
0.14,1.65,2.83,2.50,0.00,0.00,0.00335,0.00179,0.00054,0.00000,0.001418445
0.38,0.58,2.85,2.50,0.00,0.00,0.00247,0.00162,0.00048,0.00000,0.001142760
0.38,0.68,2.81,2.50,0.00,0.00,0.00260,0.00160,0.00044,0.00000,0.001160188
0.16,0.42,2.85,2.50,0.00,0.00,0.00247,0.00162,0.00048,0.00000,0.001142760
0.17,1.27,3.01,2.50,0.00,0.00,0.01634,0.00543,0.00111,0.00000,0.005721412
0.60,0.66,2.90,2.50,0.00,0.00,0.00219,0.00173,0.00056,0.00000,0.001118025
0.41,0.45,3.02,2.50,0.00,0.00,0.00171,0.00318,0.00069,0.00000,0.001393597
0.30,1.19,2.53,2.50,0.00,0.00,0.02159,0.00437,0.00085,0.00000,0.006703217
0.26,0.32,3.09,2.50,0.00,0.00,0.00160,0.00430,0.00079,0.00000,0.001672873
0.51,0.40,2.72,2.50,0.00,0.00,0.00284,0.00161,0.00038,0.00000,0.001208645
0.49,0.64,2.99,2.50,0.00,0.00,0.00188,0.00266,0.00064,0.00000,0.001294880
0.36,0.47,2.86,2.50,0.00,0.00,0.00233,0.00165,0.00052,0.00000,0.001125040
0.24,0.61,3.01,2.50,0.00,0.00,0.00171,0.00318,0.00069,0.00000,0.001393597
0.39,0.53,2.90,2.50,0.00,0.00,0.00219,0.00173,0.00056,0.00000,0.001118025
0.41,0.65,3.37,2.50,0.00,0.00,0.00386,0.00943,0.00126,0.00000,0.003639940
0.38,0.52,2.89,2.50,0.00,0.00,0.00219,0.00173,0.00056,0.00000,0.001118025
0.43,0.55,2.90,2.50,0.00,0.00,0.00219,0.00173,0.00056,0.00000,0.001118025
0.20,0.66,3.02,2.50,0.00,0.00,0.00171,0.00318,0.00069,0.00000,0.001393597
0.12,0.53,2.91,2.50,0.00,0.00,0.00219,0.00173,0.00056,0.00000,0.001118025
0.21,0.34,2.88,2.50,0.00,0.00,0.00233,0.00165,0.00052,0.00000,0.001125040
0.24,0.43,2.92,2.50,0.00,0.00,0.00219,0.00173,0.00056,0.00000,0.001118025
0.26,0.53,2.85,2.50,0.00,0.00,0.00247,0.00162,0.00048,0.00000,0.001142760
0.14,0.63,2.83,2.50,0.00,0.00,0.00247,0.00162,0.00048,0.00000,0.001142760
0.18,0.31,2.87,2.50,0.00,0.00,0.00233,0.00165,0.00052,0.00000,0.001125040
0.45,0.69,2.92,2.50,0.00,0.00,0.00219,0.00173,0.00056,0.00000,0.001118025
0.43,0.39,2.90,2.50,0.00,0.00,0.00219,0.00173,0.00056,0.00000,0.001118025
0.18,0.57,2.85,2.50,0.00,0.00,0.00247,0.00162,0.00048,0.00000,0.001142760
0.20,1.44,2.92,2.50,0.00,0.00,0.00590,0.00244,0.00072,0.00000,0.002266690
0.34,0.70,3.00,2.50,0.00,0.00,0.00171,0.00318,0.00069,0.00000,0.001393597
0.46,0.68,2.87,2.50,0.00,0.00,0.00233,0.00165,0.00052,0.00000,0.001125040
0.06,0.51,2.87,2.50,0.00,0.00,0.00233,0.00165,0.00052,0.00000,0.001125040
0.43,0.64,2.90,2.50,0.00,0.00,0.00219,0.00173,0.00056,0.00000,0.001118025
0.23,0.57,2.92,2.50,0.00,0.00,0.00219,0.00173,0.00056,0.00000,0.001118025
0.19,0.33,2.89,2.50,0.00,0.00,0.00219,0.00173,0.00056,0.00000,0.001118025
0.48,0.41,2.80,2.50,0.00,0.00,0.00260,0.00160,0.00044,0.00000,0.001160188
0.29,0.61,2.88,2.50,0.00,0.00,0.00233,0.00165,0.00052,0.00000,0.001125040
0.35,0.55,2.91,2.50,0.00,0.00,0.00219,0.00173,0.00056,0.00000,0.001118025
0.18,0.71,2.96,2.50,0.00,0.00,0.00204,0.00218,0.00060,0.00000,0.001202045
0.32,0.39,2.92,2.50,0.00,0.00,0.00219,0.00173,0.00056,0.00000,0.001118025
0.15,0.39,3.03,2.50,0.00,0.00,0.00171,0.00318,0.00069,0.00000,0.001393597
0.30,0.30,2.88,2.50,0.00,0.00,0.00233,0.00165,0.00052,0.00000,0.001125040
0.38,0.69,2.84,2.50,0.00,0.00,0.00247,0.00162,0.00048,0.00000,0.001142760
0.29,0.54,2.85,2.50,0.00,0.00,0.00247,0.00162,0.00048,0.00000,0.001142760
0.01,0.53,2.97,2.50,0.00,0.00,0.00188,0.00266,0.00064,0.00000,0.001294880
1.08,0.15,2.93,2.50,0.00,0.00,0.02717,0.00912,0.00081,0.00000,0.009276815
0.04,0.38,2.83,2.50,0.00,0.00,0.00247,0.00162,0.00048,0.00000,0.001142760
0.47,0.63,3.03,2.50,0.00,0.00,0.00171,0.00318,0.00069,0.00000,0.001393597
0.43,0.37,2.92,2.50,0.00,0.00,0.00219,0.00173,0.00056,0.00000,0.001118025
0.44,0.56,2.78,2.50,0.00,0.00,0.00272,0.00158,0.00041,0.00000,0.001177258
0.17,0.47,2.88,2.50,0.00,0.00,0.00233,0.00165,0.00052,0.00000,0.001125040
0.32,0.41,3.01,2.50,0.00,0.00,0.00171,0.00318,0.00069,0.00000,0.001393597
0.27,0.69,2.92,2.50,0.00,0.00,0.00219,0.00173,0.00056,0.00000,0.001118025
0.26,0.33,2.84,2.50,0.00,0.00,0.00247,0.00162,0.00048,0.00000,0.001142760
0.44,0.09,2.83,2.50,0.00,0.00,0.00247,0.00162,0.00048,0.00000,0.001142760
0.43,0.55,2.88,2.50,0.00,0.00,0.00233,0.00165,0.00052,0.00000,0.001125040
0.28,0.55,3.02,2.50,0.00,0.00,0.00171,0.00318,0.00069,0.00000,0.001393597
0.31,0.53,2.89,2.50,0.00,0.00,0.00219,0.00173,0.00056,0.00000,0.001118025
0.21,0.34,2.91,2.50,0.00,0.00,0.00219,0.00173,0.00056,0.00000,0.001118025
0.38,0.58,2.76,2.50,0.00,0.00,0.00272,0.00158,0.00041,0.00000,0.001177258
0.34,0.62,2.85,2.50,0.00,0.00,0.00247,0.00162,0.00048,0.00000,0.001142760
0.29,0.60,3.01,2.50,0.00,0.00,0.00171,0.00318,0.00069,0.00000,0.001393597
0.32,0.34,2.92,2.50,0.00,0.00,0.00219,0.00173,0.00056,0.00000,0.001118025
0.55,0.69,2.85,2.50,0.00,0.00,0.00247,0.00162,0.00048,0.00000,0.001142760
0.26,0.66,2.92,2.50,0.00,0.00,0.00219,0.00173,0.00056,0.00000,0.001118025
0.65,0.23,2.92,2.50,0.00,0.00,0.00219,0.00173,0.00056,0.00000,0.001118025
0.70,0.65,3.01,2.50,0.00,0.00,0.00171,0.00318,0.00069,0.00000,0.001393597
0.05,0.55,3.13,2.50,0.00,0.00,0.00163,0.00492,0.00085,0.00000,0.001849837
0.42,0.44,2.89,2.50,0.00,0.00,0.00219,0.00173,0.00056,0.00000,0.001118025
0.19,0.62,2.88,2.50,0.00,0.00,0.00233,0.00165,0.00052,0.00000,0.001125040
0.23,0.51,2.92,2.50,0.00,0.00,0.00219,0.00173,0.00056,0.00000,0.001118025
0.50,0.57,2.92,2.50,0.00,0.00,0.00219,0.00173,0.00056,0.00000,0.001118025
0.49,0.64,2.90,2.50,0.00,0.00,0.00219,0.00173,0.00056,0.00000,0.001118025
0.24,0.66,2.90,2.50,0.00,0.00,0.00219,0.00173,0.00056,0.00000,0.001118025
0.19,0.57,2.92,2.50,0.00,0.00,0.00219,0.00173,0.00056,0.00000,0.001118025
0.33,0.22,2.90,2.50,0.00,0.00,0.00219,0.00173,0.00056,0.00000,0.001118025
0.64,0.53,2.91,2.50,0.00,0.00,0.00219,0.00173,0.00056,0.00000,0.001118025
0.49,0.40,2.93,2.50,0.00,0.00,0.00204,0.00218,0.00060,0.00000,0.001202045
0.29,0.71,2.89,2.50,0.00,0.00,0.00219,0.00173,0.00056,0.00000,0.001118025
0.32,0.39,2.92,2.50,0.00,0.00,0.00219,0.00173,0.00056,0.00000,0.001118025
0.30,0.62,2.83,2.50,0.00,0.00,0.00247,0.00162,0.00048,0.00000,0.001142760
0.35,0.31,2.93,2.50,0.00,0.00,0.00204,0.00218,0.00060,0.00000,0.001202045
0.25,0.45,2.85,2.50,0.00,0.00,0.00247,0.00162,0.00048,0.00000,0.001142760
0.26,0.64,2.91,2.50,0.00,0.00,0.00219,0.00173,0.00056,0.00000,0.001118025
0.39,0.38,2.90,2.50,0.00,0.00,0.00219,0.00173,0.00056,0.00000,0.001118025
0.69,0.44,3.03,2.50,0.00,0.00,0.00171,0.00318,0.00069,0.00000,0.001393597
0.41,0.68,2.93,2.50,0.00,0.00,0.00204,0.00218,0.00060,0.00000,0.001202045
0.51,0.69,2.87,2.50,0.00,0.00,0.00233,0.00165,0.00052,0.00000,0.001125040
0.27,0.48,2.93,2.50,0.00,0.00,0.00204,0.00218,0.00060,0.00000,0.001202045
0.16,0.22,2.89,2.50,0.00,0.00,0.00219,0.00173,0.00056,0.00000,0.001118025
0.28,0.47,2.92,2.50,0.00,0.00,0.00219,0.00173,0.00056,0.00000,0.001118025
0.22,0.47,2.94,2.50,0.00,0.00,0.00204,0.00218,0.00060,0.00000,0.001202045
0.35,0.52,2.89,2.50,0.00,0.00,0.00219,0.00173,0.00056,0.00000,0.001118025
0.49,0.55,2.87,2.50,0.00,0.00,0.00233,0.00165,0.00052,0.00000,0.001125040
0.61,0.61,2.80,2.50,0.00,0.00,0.00260,0.00160,0.00044,0.00000,0.001160188
0.71,0.30,2.89,2.50,0.00,0.00,0.00219,0.00173,0.00056,0.00000,0.001118025
0.16,0.39,3.03,2.50,0.00,0.00,0.00171,0.00318,0.00069,0.00000,0.001393597
0.09,2.00,2.95,2.50,0.00,0.00,0.00204,0.00218,0.00060,0.00000,0.001202045
0.23,0.34,2.88,2.50,0.00,0.00,0.00233,0.00165,0.00052,0.00000,0.001125040
1.47,0.66,2.79,2.50,0.00,0.00,0.00340,0.00125,0.00044,0.00000,0.001271405
0.70,0.69,2.91,2.50,0.00,0.00,0.00219,0.00173,0.00056,0.00000,0.001118025
0.28,0.50,2.85,2.50,0.00,0.00,0.00247,0.00162,0.00048,0.00000,0.001142760
0.42,0.45,2.96,2.50,0.00,0.00,0.00204,0.00218,0.00060,0.00000,0.001202045
0.46,0.44,2.88,2.50,0.00,0.00,0.00233,0.00165,0.00052,0.00000,0.001125040
0.18,0.39,2.98,2.50,0.00,0.00,0.00188,0.00266,0.00064,0.00000,0.001294880
0.46,0.65,2.88,2.50,0.00,0.00,0.00233,0.00165,0.00052,0.00000,0.001125040
0.05,0.57,2.91,2.50,0.00,0.00,0.00219,0.00173,0.00056,0.00000,0.001118025
0.35,0.64,2.90,2.50,0.00,0.00,0.00219,0.00173,0.00056,0.00000,0.001118025
0.21,0.66,3.02,2.50,0.00,0.00,0.00171,0.00318,0.00069,0.00000,0.001393597
0.19,0.57,2.87,2.50,0.00,0.00,0.00233,0.00165,0.00052,0.00000,0.001125040
0.20,0.45,2.94,2.50,0.00,0.00,0.00204,0.00218,0.00060,0.00000,0.001202045
0.04,0.21,2.89,2.50,0.00,0.00,0.00219,0.00173,0.00056,0.00000,0.001118025
0.35,0.37,2.89,2.50,0.00,0.00,0.00219,0.00173,0.00056,0.00000,0.001118025
0.29,0.33,2.89,2.50,0.00,0.00,0.00219,0.00173,0.00056,0.00000,0.001118025
0.06,0.32,2.92,2.50,0.00,0.00,0.00219,0.00173,0.00056,0.00000,0.001118025
0.15,0.39,2.94,2.50,0.00,0.00,0.00204,0.00218,0.00060,0.00000,0.001202045
0.53,0.30,2.88,2.50,0.00,0.00,0.00233,0.00165,0.00052,0.00000,0.001125040
0.63,0.69,2.84,2.50,0.00,0.00,0.00247,0.00162,0.00048,0.00000,0.001142760
0.11,0.34,2.85,2.50,0.00,0.00,0.00247,0.00162,0.00048,0.00000,0.001142760
0.26,0.44,2.92,2.50,0.00,0.00,0.00219,0.00173,0.00056,0.00000,0.001118025
0.60,0.37,2.96,2.50,0.00,0.00,0.00204,0.00218,0.00060,0.00000,0.001202045
0.38,0.42,2.91,2.50,0.00,0.00,0.00219,0.00173,0.00056,0.00000,0.001118025
0.39,0.38,2.83,2.50,0.00,0.00,0.00247,0.00162,0.00048,0.00000,0.001142760
0.16,0.56,2.89,2.50,0.00,0.00,0.00219,0.00173,0.00056,0.00000,0.001118025
1.50,0.43,2.78,2.50,0.00,0.00,0.00312,0.00136,0.00041,0.00000,0.001221088
0.16,0.62,2.88,2.50,0.00,0.00,0.00233,0.00165,0.00052,0.00000,0.001125040
0.17,0.54,2.89,2.50,0.00,0.00,0.00219,0.00173,0.00056,0.00000,0.001118025
0.24,0.43,2.92,2.50,0.00,0.00,0.00219,0.00173,0.00056,0.00000,0.001118025
0.19,0.54,2.89,2.50,0.00,0.00,0.00219,0.00173,0.00056,0.00000,0.001118025
0.14,0.54,2.99,2.50,0.00,0.00,0.00188,0.00266,0.00064,0.00000,0.001294880
1.24,0.40,2.97,2.50,0.00,0.00,0.01005,0.00554,0.00074,0.00000,0.004082500
0.35,0.39,2.91,2.50,0.00,0.00,0.00219,0.00173,0.00056,0.00000,0.001118025
0.10,0.30,2.83,2.50,0.00,0.00,0.00247,0.00162,0.00048,0.00000,0.001142760
0.32,0.54,2.94,2.50,0.00,0.00,0.00204,0.00218,0.00060,0.00000,0.001202045
0.41,0.42,2.89,2.50,0.00,0.00,0.00219,0.00173,0.00056,0.00000,0.001118025
0.44,0.30,2.89,2.50,0.00,0.00,0.00219,0.00173,0.00056,0.00000,0.001118025
0.01,0.62,2.90,2.50,0.00,0.00,0.00219,0.00173,0.00056,0.00000,0.001118025
0.45,0.42,2.90,2.50,0.00,0.00,0.00219,0.00173,0.00056,0.00000,0.001118025
0.03,0.61,2.89,2.50,0.00,0.00,0.00219,0.00173,0.00056,0.00000,0.001118025
0.25,0.23,2.88,2.50,0.00,0.00,0.00233,0.00165,0.00052,0.00000,0.001125040
0.23,0.70,2.94,2.50,0.00,0.00,0.00204,0.00218,0.00060,0.00000,0.001202045
0.14,0.68,2.85,2.50,0.00,0.00,0.00247,0.00162,0.00048,0.00000,0.001142760
0.28,0.51,2.92,2.50,0.00,0.00,0.00219,0.00173,0.00056,0.00000,0.001118025
0.06,0.39,2.88,2.50,0.00,0.00,0.00233,0.00165,0.00052,0.00000,0.001125040
0.04,0.36,2.96,2.50,0.00,0.00,0.00204,0.00218,0.00060,0.00000,0.001202045
0.50,0.64,2.85,2.50,0.00,0.00,0.00247,0.00162,0.00048,0.00000,0.001142760
0.24,0.60,2.90,2.50,0.00,0.00,0.00219,0.00173,0.00056,0.00000,0.001118025
0.19,0.53,2.84,2.50,0.00,0.00,0.00247,0.00162,0.00048,0.00000,0.001142760
0.20,0.58,2.86,2.50,0.00,0.00,0.00233,0.00165,0.00052,0.00000,0.001125040
0.20,0.65,2.86,2.50,0.00,0.00,0.00233,0.00165,0.00052,0.00000,0.001125040
0.35,0.47,2.87,2.50,0.00,0.00,0.00233,0.00165,0.00052,0.00000,0.001125040
0.16,0.33,2.87,2.50,0.00,0.00,0.00233,0.00165,0.00052,0.00000,0.001125040
0.15,0.43,2.87,2.50,0.00,0.00,0.00233,0.00165,0.00052,0.00000,0.001125040
0.30,0.49,2.89,2.50,0.00,0.00,0.00219,0.00173,0.00056,0.00000,0.001118025
0.10,0.43,2.90,2.50,0.00,0.00,0.00219,0.00173,0.00056,0.00000,0.001118025
0.21,0.34,2.85,2.50,0.00,0.00,0.00247,0.00162,0.00048,0.00000,0.001142760
0.60,0.44,2.89,2.50,0.00,0.00,0.00219,0.00173,0.00056,0.00000,0.001118025
0.21,0.37,3.03,2.50,0.00,0.00,0.00171,0.00318,0.00069,0.00000,0.001393597
0.35,0.56,2.88,2.50,0.00,0.00,0.00233,0.00165,0.00052,0.00000,0.001125040
0.33,0.53,2.90,2.50,0.00,0.00,0.00219,0.00173,0.00056,0.00000,0.001118025
0.16,0.57,2.90,2.50,0.00,0.00,0.00219,0.00173,0.00056,0.00000,0.001118025
0.19,0.67,2.89,2.50,0.00,0.00,0.00219,0.00173,0.00056,0.00000,0.001118025
0.55,0.33,2.89,2.50,0.00,0.00,0.00219,0.00173,0.00056,0.00000,0.001118025
0.51,0.33,2.87,2.50,0.00,0.00,0.00233,0.00165,0.00052,0.00000,0.001125040
0.57,0.47,2.89,2.50,0.00,0.00,0.00219,0.00173,0.00056,0.00000,0.001118025
0.34,0.30,2.87,2.50,0.00,0.00,0.00233,0.00165,0.00052,0.00000,0.001125040
0.05,0.65,2.90,2.50,0.00,0.00,0.00219,0.00173,0.00056,0.00000,0.001118025
0.69,0.42,2.90,2.50,0.00,0.00,0.00219,0.00173,0.00056,0.00000,0.001118025
1.34,0.54,2.89,2.50,0.00,0.00,0.00500,0.00257,0.00057,0.00000,0.002035530
0.50,0.60,2.87,2.50,0.00,0.00,0.00233,0.00165,0.00052,0.00000,0.001125040
0.33,0.23,2.90,2.50,0.00,0.00,0.00219,0.00173,0.00056,0.00000,0.001118025
0.53,0.44,2.87,2.50,0.00,0.00,0.00233,0.00165,0.00052,0.00000,0.001125040
0.54,0.47,2.92,2.50,0.00,0.00,0.00219,0.00173,0.00056,0.00000,0.001118025
0.15,0.64,2.92,2.50,0.00,0.00,0.00219,0.00173,0.00056,0.00000,0.001118025
0.20,0.60,2.92,2.50,0.00,0.00,0.00219,0.00173,0.00056,0.00000,0.001118025
0.24,0.47,2.92,2.50,0.00,0.00,0.00219,0.00173,0.00056,0.00000,0.001118025
1.39,0.71,2.90,2.50,0.00,0.00,0.00424,0.00225,0.00056,0.00000,0.001761310
0.00,0.37,2.89,2.50,0.00,0.00,0.00219,0.00173,0.00056,0.00000,0.001118025
0.46,0.47,2.91,2.50,0.00,0.00,0.00219,0.00173,0.00056,0.00000,0.001118025
0.15,0.71,2.91,2.50,0.00,0.00,0.00219,0.00173,0.00056,0.00000,0.001118025
0.14,0.57,2.88,2.50,0.00,0.00,0.00233,0.00165,0.00052,0.00000,0.001125040
1.14,0.43,2.89,2.50,0.00,0.00,0.02144,0.00798,0.00074,0.00000,0.007539415
0.39,0.34,3.02,2.50,0.00,0.00,0.00171,0.00318,0.00069,0.00000,0.001393597
0.19,0.64,2.72,2.50,0.00,0.00,0.00284,0.00161,0.00038,0.00000,0.001208645
0.25,0.38,2.89,2.50,0.00,0.00,0.00219,0.00173,0.00056,0.00000,0.001118025
0.21,0.62,2.88,2.50,0.00,0.00,0.00233,0.00165,0.00052,0.00000,0.001125040
0.43,0.68,2.88,2.50,0.00,0.00,0.00233,0.00165,0.00052,0.00000,0.001125040
1.06,0.29,2.89,2.50,0.00,0.00,0.02995,0.00918,0.00078,0.00000,0.009978712
0.25,0.55,2.89,2.50,0.00,0.00,0.00219,0.00173,0.00056,0.00000,0.001118025
0.34,0.57,2.89,2.50,0.00,0.00,0.00219,0.00173,0.00056,0.00000,0.001118025
0.19,0.67,2.89,2.50,0.00,0.00,0.00219,0.00173,0.00056,0.00000,0.001118025
0.19,0.67,2.89,2.50,0.00,0.00,0.00219,0.00173,0.00056,0.00000,0.001118025
0.19,0.67,2.89,2.50,0.00,0.00,0.00219,0.00173,0.00056,0.00000,0.001118025
0.19,0.67,2.89,2.50,0.00,0.00,0.00219,0.00173,0.00056,0.00000,0.001118025
0.14,2.05,2.89,2.50,0.00,0.00,0.00218,0.00173,0.00055,0.00000,0.001113795
0.14,2.05,2.89,2.50,0.00,0.00,0.00218,0.00173,0.00055,0.00000,0.001113795
1.44,1.56,2.36,2.50,0.00,0.00,0.00605,0.00331,0.00020,0.00000,0.002392595
0.14,1.56,2.36,2.50,0.00,0.00,0.00611,0.00332,0.00023,0.00000,0.002413925
2.14,1.56,2.36,2.50,0.00,0.00,0.00359,0.00289,0.00018,0.00000,0.001666720
0.54,1.56,2.36,2.50,0.00,0.00,0.00611,0.00332,0.00023,0.00000,0.002413925
0.14,2.05,2.89,2.50,0.00,0.00,0.00218,0.00173,0.00055,0.00000,0.001113795
